#! /home1/c/cis5710/tools/bin/vvp
:ivl_version "11.0 (stable)" "(v11_0)";
:ivl_delay_selection "TYPICAL";
:vpi_time_precision - 12;
:vpi_module "/home1/c/cis5710/tools/lib/ivl/system.vpi";
:vpi_module "/home1/c/cis5710/tools/lib/ivl/vhdl_sys.vpi";
:vpi_module "/home1/c/cis5710/tools/lib/ivl/vhdl_textio.vpi";
:vpi_module "/home1/c/cis5710/tools/lib/ivl/v2005_math.vpi";
:vpi_module "/home1/c/cis5710/tools/lib/ivl/va_math.vpi";
S_0x20468f0 .scope module, "test_alu" "test_alu" 2 14;
 .timescale -9 -12;
v0x2111c30_0 .net "actualALUResult", 15 0, L_0x2134660;  1 drivers
v0x2111d10_0 .net "actualCout", 2 0, L_0x2115410;  1 drivers
v0x2111db0_0 .net "actualGout", 0 0, L_0x2114300;  1 drivers
v0x2111e80_0 .net "actualPout", 0 0, L_0x2114460;  1 drivers
v0x2111f50_0 .net "actualSum", 15 0, L_0x2133420;  1 drivers
v0x2112040_0 .var "ain", 15 0;
v0x2112110_0 .var/i "aluInFile", 31 0;
v0x21121b0_0 .var "bin", 15 0;
v0x2112280_0 .var "cin", 0 0;
v0x2112320_0 .var/i "claTests", 31 0;
v0x21123c0_0 .var/i "errors", 31 0;
v0x21124a0_0 .var "expectedALUResult", 15 0;
v0x2112580_0 .var "expectedCout", 2 0;
v0x2112660_0 .var "expectedGout", 0 0;
v0x2112720_0 .var "expectedPout", 0 0;
v0x21127e0_0 .var "expectedSum", 15 0;
v0x21128c0_0 .var "gin", 3 0;
v0x21129b0_0 .var/i "gpInFile", 31 0;
v0x2112a70_0 .var "insn", 15 0;
v0x2112b60_0 .var/i "lineno", 31 0;
v0x2112c20_0 .var/i "outputFile", 31 0;
v0x2112d00_0 .var "pc", 15 0;
v0x2112de0_0 .var "pin", 3 0;
v0x2112ed0_0 .var "r1data", 15 0;
v0x2112fa0_0 .var "r2data", 15 0;
v0x2113070_0 .var/i "randomSeed", 31 0;
v0x2113130_0 .var/i "tests", 31 0;
S_0x2075fd0 .scope module, "alu" "lc4_alu" 2 42, 3 7 0, S_0x20468f0;
 .timescale -9 -12;
    .port_info 0 /INPUT 16 "i_insn";
    .port_info 1 /INPUT 16 "i_pc";
    .port_info 2 /INPUT 16 "i_r1data";
    .port_info 3 /INPUT 16 "i_r2data";
    .port_info 4 /OUTPUT 16 "o_result";
P_0x20746e0 .param/l "constant" 0 3 34, C4<0000000011111111>;
L_0x2134660 .functor BUFZ 16, v0x20ee760_0, C4<0000000000000000>, C4<0000000000000000>, C4<0000000000000000>;
v0x20ca640_0 .net "i_insn", 15 0, v0x2112a70_0;  1 drivers
RS_0x7fbab1d01048 .resolv tri, v0x20ee680_0, v0x2112d00_0;
v0x20201c0_0 .net8 "i_pc", 15 0, RS_0x7fbab1d01048;  2 drivers
v0x20a9620_0 .net "i_r1data", 15 0, v0x2112ed0_0;  1 drivers
v0x20b9e30_0 .net "i_r2data", 15 0, v0x2112fa0_0;  1 drivers
v0x20ee1d0_0 .net "imm6", 5 0, L_0x2134430;  1 drivers
v0x20ee300_0 .net "imm7", 6 0, L_0x21344d0;  1 drivers
v0x20ee3e0_0 .net "imm9", 8 0, L_0x21342f0;  1 drivers
v0x20ee4c0_0 .net "o_result", 15 0, L_0x2134660;  alias, 1 drivers
v0x20ee5a0_0 .net "opcode", 3 0, L_0x2134070;  1 drivers
v0x20ee680_0 .var "pc", 15 0;
v0x20ee760_0 .var "result", 15 0;
v0x20ee840_0 .net "shift", 3 0, L_0x2134250;  1 drivers
v0x20ee920_0 .net "type", 2 0, L_0x2134110;  1 drivers
v0x20eea00_0 .net "type2", 1 0, L_0x21341b0;  1 drivers
v0x20eeae0_0 .net "type3", 1 0, L_0x21345c0;  1 drivers
v0x20eebc0_0 .net "uimm8", 7 0, L_0x2134390;  1 drivers
E_0x1ffc850/0 .event edge, v0x20ee5a0_0, v0x20ee920_0, v0x20a9620_0, v0x20b9e30_0;
E_0x1ffc850/1 .event edge, v0x20eea00_0, v0x20ee840_0, v0x20ee3e0_0, v0x20eebc0_0;
E_0x1ffc850/2 .event edge, v0x20201c0_0;
E_0x1ffc850 .event/or E_0x1ffc850/0, E_0x1ffc850/1, E_0x1ffc850/2;
L_0x2134070 .part v0x2112a70_0, 12, 4;
L_0x2134110 .part v0x2112a70_0, 3, 3;
L_0x21341b0 .part v0x2112a70_0, 4, 2;
L_0x2134250 .part v0x2112a70_0, 0, 4;
L_0x21342f0 .part v0x2112a70_0, 0, 9;
L_0x2134390 .part v0x2112a70_0, 0, 8;
L_0x2134430 .part v0x2112a70_0, 0, 6;
L_0x21344d0 .part v0x2112a70_0, 0, 7;
L_0x21345c0 .part v0x2112a70_0, 7, 2;
S_0x206c170 .scope module, "cla" "cla16" 2 41, 4 23 0, S_0x20468f0;
 .timescale -9 -12;
    .port_info 0 /INPUT 16 "a";
    .port_info 1 /INPUT 16 "b";
    .port_info 2 /INPUT 1 "cin";
    .port_info 3 /OUTPUT 16 "sum";
L_0x2126230 .functor AND 1, L_0x2123320, v0x2112280_0, C4<1>, C4<1>;
L_0x21262a0 .functor OR 1, L_0x21231c0, L_0x2126230, C4<0>, C4<0>;
L_0x212a5c0 .functor AND 1, L_0x21274b0, L_0x212a520, C4<1>, C4<1>;
L_0x212a630 .functor OR 1, L_0x2127350, L_0x212a5c0, C4<0>, C4<0>;
L_0x212e800 .functor AND 1, L_0x212b7c0, L_0x212e760, C4<1>, C4<1>;
L_0x212e870 .functor OR 1, L_0x212b660, L_0x212e800, C4<0>, C4<0>;
L_0x2133200 .functor AND 1, L_0x212f9a0, L_0x2132e20, C4<1>, C4<1>;
L_0x21332c0 .functor OR 1, L_0x212f840, L_0x2133200, C4<0>, C4<0>;
L_0x2133e50 .functor XOR 1, L_0x21339c0, L_0x2133db0, C4<0>, C4<0>;
L_0x2133f60 .functor XOR 1, L_0x2133e50, v0x2112280_0, C4<0>, C4<0>;
v0x210bc20_0 .net *"_ivl_174", 3 0, L_0x2125940;  1 drivers
v0x210bd20_0 .net *"_ivl_178", 3 0, L_0x2125db0;  1 drivers
v0x210be00_0 .net *"_ivl_185", 0 0, L_0x2126230;  1 drivers
v0x210bec0_0 .net *"_ivl_187", 0 0, L_0x21262a0;  1 drivers
v0x210bfa0_0 .net *"_ivl_190", 3 0, L_0x2129920;  1 drivers
v0x210c080_0 .net *"_ivl_194", 3 0, L_0x2129d60;  1 drivers
v0x210c160_0 .net *"_ivl_204", 0 0, L_0x212a520;  1 drivers
v0x210c240_0 .net *"_ivl_205", 0 0, L_0x212a5c0;  1 drivers
v0x210c320_0 .net *"_ivl_207", 0 0, L_0x212a630;  1 drivers
v0x210c400_0 .net *"_ivl_210", 3 0, L_0x212db70;  1 drivers
v0x210c4e0_0 .net *"_ivl_214", 3 0, L_0x212df90;  1 drivers
v0x210c5c0_0 .net *"_ivl_224", 0 0, L_0x212e760;  1 drivers
v0x210c6a0_0 .net *"_ivl_225", 0 0, L_0x212e800;  1 drivers
v0x210c780_0 .net *"_ivl_227", 0 0, L_0x212e870;  1 drivers
v0x210c860_0 .net *"_ivl_230", 3 0, L_0x2131e30;  1 drivers
v0x210c940_0 .net *"_ivl_234", 3 0, L_0x21322d0;  1 drivers
v0x210ca20_0 .net *"_ivl_245", 0 0, L_0x2132e20;  1 drivers
v0x210cb00_0 .net *"_ivl_246", 0 0, L_0x2133200;  1 drivers
v0x210cbe0_0 .net *"_ivl_248", 0 0, L_0x21332c0;  1 drivers
v0x210ccc0_0 .net *"_ivl_254", 0 0, L_0x21339c0;  1 drivers
v0x210cda0_0 .net *"_ivl_256", 0 0, L_0x2133db0;  1 drivers
v0x210ce80_0 .net *"_ivl_257", 0 0, L_0x2133e50;  1 drivers
v0x210cf60_0 .net *"_ivl_259", 0 0, L_0x2133f60;  1 drivers
v0x210d040_0 .net "a", 15 0, v0x2112040_0;  1 drivers
v0x210d120_0 .net "b", 15 0, v0x21121b0_0;  1 drivers
v0x210d200_0 .net "c", 16 1, L_0x2132b50;  1 drivers
v0x210d2e0_0 .net "cin", 0 0, v0x2112280_0;  1 drivers
v0x210d380_0 .net "g", 15 0, L_0x211aa10;  1 drivers
v0x210d440_0 .net "gw118", 0 0, L_0x212b660;  1 drivers
v0x210d510_0 .net "gw1512", 0 0, L_0x212f840;  1 drivers
v0x210d5e0_0 .net "gw30", 0 0, L_0x21231c0;  1 drivers
v0x210d6b0_0 .net "gw74", 0 0, L_0x2127350;  1 drivers
v0x210d780_0 .net "p", 15 0, L_0x211afb0;  1 drivers
v0x210da30_0 .net "pw118", 0 0, L_0x212b7c0;  1 drivers
v0x210db00_0 .net "pw1512", 0 0, L_0x212f9a0;  1 drivers
v0x210dbd0_0 .net "pw30", 0 0, L_0x2123320;  1 drivers
v0x210dca0_0 .net "pw74", 0 0, L_0x21274b0;  1 drivers
v0x210dd70_0 .net "sum", 15 0, L_0x2133420;  alias, 1 drivers
L_0x2116e10 .part v0x2112040_0, 0, 1;
L_0x2116f00 .part v0x21121b0_0, 0, 1;
L_0x2117170 .part v0x2112040_0, 1, 1;
L_0x2117210 .part v0x21121b0_0, 1, 1;
L_0x2117430 .part v0x2112040_0, 2, 1;
L_0x21174d0 .part v0x21121b0_0, 2, 1;
L_0x2117690 .part v0x2112040_0, 3, 1;
L_0x2117730 .part v0x21121b0_0, 3, 1;
L_0x2117a00 .part v0x2112040_0, 4, 1;
L_0x2117aa0 .part v0x21121b0_0, 4, 1;
L_0x2117d30 .part v0x2112040_0, 5, 1;
L_0x2117dd0 .part v0x21121b0_0, 5, 1;
L_0x21180c0 .part v0x2112040_0, 6, 1;
L_0x2118160 .part v0x21121b0_0, 6, 1;
L_0x2118500 .part v0x2112040_0, 7, 1;
L_0x21185a0 .part v0x21121b0_0, 7, 1;
L_0x21188b0 .part v0x2112040_0, 8, 1;
L_0x2118950 .part v0x21121b0_0, 8, 1;
L_0x2118c70 .part v0x2112040_0, 9, 1;
L_0x2118d10 .part v0x21121b0_0, 9, 1;
L_0x21189f0 .part v0x2112040_0, 10, 1;
L_0x2119040 .part v0x21121b0_0, 10, 1;
L_0x2119380 .part v0x2112040_0, 11, 1;
L_0x2119420 .part v0x21121b0_0, 11, 1;
L_0x2119770 .part v0x2112040_0, 12, 1;
L_0x2119810 .part v0x21121b0_0, 12, 1;
L_0x2119b70 .part v0x2112040_0, 13, 1;
L_0x2119c10 .part v0x21121b0_0, 13, 1;
L_0x2119f80 .part v0x2112040_0, 14, 1;
L_0x211a230 .part v0x21121b0_0, 14, 1;
L_0x211a7c0 .part v0x2112040_0, 15, 1;
L_0x211a860 .part v0x21121b0_0, 15, 1;
LS_0x211aa10_0_0 .concat8 [ 1 1 1 1], L_0x2116c90, L_0x2116ff0, L_0x21172b0, L_0x21175b0;
LS_0x211aa10_0_4 .concat8 [ 1 1 1 1], L_0x2117820, L_0x2117ba0, L_0x2117ee0, L_0x2117e70;
LS_0x211aa10_0_8 .concat8 [ 1 1 1 1], L_0x21186d0, L_0x2118a90, L_0x2118e60, L_0x21191a0;
LS_0x211aa10_0_12 .concat8 [ 1 1 1 1], L_0x2119590, L_0x2119990, L_0x2119da0, L_0x211a5e0;
L_0x211aa10 .concat8 [ 4 4 4 4], LS_0x211aa10_0_0, LS_0x211aa10_0_4, LS_0x211aa10_0_8, LS_0x211aa10_0_12;
LS_0x211afb0_0_0 .concat8 [ 1 1 1 1], L_0x2116d00, L_0x2117060, L_0x2117320, L_0x2117620;
LS_0x211afb0_0_4 .concat8 [ 1 1 1 1], L_0x21178c0, L_0x2117c40, L_0x2117f80, L_0x21183c0;
LS_0x211afb0_0_8 .concat8 [ 1 1 1 1], L_0x2118770, L_0x2118b30, L_0x2118f00, L_0x2119240;
LS_0x211afb0_0_12 .concat8 [ 1 1 1 1], L_0x2119630, L_0x2119a30, L_0x2119e40, L_0x211a680;
L_0x211afb0 .concat8 [ 4 4 4 4], LS_0x211afb0_0_0, LS_0x211afb0_0_4, LS_0x211afb0_0_8, LS_0x211afb0_0_12;
L_0x211b670 .part v0x2112040_0, 1, 1;
L_0x211b710 .part v0x21121b0_0, 1, 1;
L_0x211b8e0 .part L_0x2132b50, 0, 1;
L_0x211ba90 .part v0x2112040_0, 2, 1;
L_0x211bc70 .part v0x21121b0_0, 2, 1;
L_0x211be20 .part L_0x2132b50, 1, 1;
L_0x211c170 .part v0x2112040_0, 3, 1;
L_0x211c210 .part v0x21121b0_0, 3, 1;
L_0x211c520 .part L_0x2132b50, 2, 1;
L_0x211c6d0 .part v0x2112040_0, 4, 1;
L_0x211c8e0 .part v0x21121b0_0, 4, 1;
L_0x211ca90 .part L_0x2132b50, 3, 1;
L_0x211cd70 .part v0x2112040_0, 5, 1;
L_0x211ce10 .part v0x21121b0_0, 5, 1;
L_0x211d150 .part L_0x2132b50, 4, 1;
L_0x211d300 .part v0x2112040_0, 6, 1;
L_0x211d540 .part v0x21121b0_0, 6, 1;
L_0x211d6f0 .part L_0x2132b50, 5, 1;
L_0x211da50 .part v0x2112040_0, 7, 1;
L_0x211daf0 .part v0x21121b0_0, 7, 1;
L_0x211de60 .part L_0x2132b50, 6, 1;
L_0x211e010 .part v0x2112040_0, 8, 1;
L_0x211e280 .part v0x21121b0_0, 8, 1;
L_0x211e430 .part L_0x2132b50, 7, 1;
L_0x211e7c0 .part v0x2112040_0, 9, 1;
L_0x211e860 .part v0x21121b0_0, 9, 1;
L_0x211ec00 .part L_0x2132b50, 8, 1;
L_0x211edb0 .part v0x2112040_0, 10, 1;
L_0x211f050 .part v0x21121b0_0, 10, 1;
L_0x211f200 .part L_0x2132b50, 9, 1;
L_0x211f5c0 .part v0x2112040_0, 11, 1;
L_0x211f660 .part v0x21121b0_0, 11, 1;
L_0x211fa30 .part L_0x2132b50, 10, 1;
L_0x211fbe0 .part v0x2112040_0, 12, 1;
L_0x211feb0 .part v0x21121b0_0, 12, 1;
L_0x2120060 .part L_0x2132b50, 11, 1;
L_0x2120450 .part v0x2112040_0, 13, 1;
L_0x21204f0 .part v0x21121b0_0, 13, 1;
L_0x21208f0 .part L_0x2132b50, 12, 1;
L_0x2120aa0 .part v0x2112040_0, 14, 1;
L_0x2120da0 .part v0x21121b0_0, 14, 1;
L_0x2120f50 .part L_0x2132b50, 13, 1;
L_0x2121370 .part v0x2112040_0, 15, 1;
L_0x2121820 .part v0x21121b0_0, 15, 1;
L_0x2122060 .part L_0x2132b50, 14, 1;
L_0x2125940 .part L_0x211aa10, 0, 4;
L_0x2125cc0 .concat [ 4 0 0 0], L_0x2125940;
L_0x2125db0 .part L_0x211afb0, 0, 4;
L_0x2126140 .concat [ 4 0 0 0], L_0x2125db0;
L_0x2129920 .part L_0x211aa10, 4, 4;
L_0x2129c70 .concat [ 4 0 0 0], L_0x2129920;
L_0x2129d60 .part L_0x211afb0, 4, 4;
L_0x212a0c0 .concat [ 4 0 0 0], L_0x2129d60;
L_0x212a1b0 .part L_0x2132b50, 3, 1;
L_0x212a520 .part L_0x2132b50, 3, 1;
L_0x212db70 .part L_0x211aa10, 8, 4;
L_0x212def0 .concat [ 4 0 0 0], L_0x212db70;
L_0x212df90 .part L_0x211afb0, 8, 4;
L_0x212e320 .concat [ 4 0 0 0], L_0x212df90;
L_0x212e3c0 .part L_0x2132b50, 7, 1;
L_0x212e760 .part L_0x2132b50, 7, 1;
L_0x2131e30 .part L_0x211aa10, 12, 4;
L_0x21321e0 .concat [ 4 0 0 0], L_0x2131e30;
L_0x21322d0 .part L_0x211afb0, 12, 4;
L_0x2132690 .concat [ 4 0 0 0], L_0x21322d0;
L_0x2132780 .part L_0x2132b50, 11, 1;
LS_0x2132b50_0_0 .concat8 [ 3 1 3 1], L_0x2124210, L_0x21262a0, L_0x21283f0, L_0x212a630;
LS_0x2132b50_0_4 .concat8 [ 3 1 3 1], L_0x212c620, L_0x212e870, L_0x2130780, L_0x21332c0;
L_0x2132b50 .concat8 [ 8 8 0 0], LS_0x2132b50_0_0, LS_0x2132b50_0_4;
L_0x2132e20 .part L_0x2132b50, 11, 1;
LS_0x2133420_0_0 .concat8 [ 1 1 1 1], L_0x2133f60, L_0x211b980, L_0x211c060, L_0x211c5c0;
LS_0x2133420_0_4 .concat8 [ 1 1 1 1], L_0x211ccb0, L_0x211d1f0, L_0x211d940, L_0x211df00;
LS_0x2133420_0_8 .concat8 [ 1 1 1 1], L_0x211e6b0, L_0x211eca0, L_0x211f4b0, L_0x211fad0;
LS_0x2133420_0_12 .concat8 [ 1 1 1 1], L_0x2120340, L_0x2120990, L_0x2121260, L_0x2122100;
L_0x2133420 .concat8 [ 4 4 4 4], LS_0x2133420_0_0, LS_0x2133420_0_4, LS_0x2133420_0_8, LS_0x2133420_0_12;
L_0x21339c0 .part v0x2112040_0, 0, 1;
L_0x2133db0 .part v0x21121b0_0, 0, 1;
S_0x206d810 .scope generate, "genblk1[0]" "genblk1[0]" 4 35, 4 35 0, S_0x206c170;
 .timescale -9 -12;
P_0x20eedd0 .param/l "i" 0 4 35, +C4<00>;
S_0x206eeb0 .scope module, "pg" "gp1" 4 36, 4 4 0, S_0x206d810;
 .timescale -9 -12;
    .port_info 0 /INPUT 1 "a";
    .port_info 1 /INPUT 1 "b";
    .port_info 2 /OUTPUT 1 "g";
    .port_info 3 /OUTPUT 1 "p";
L_0x2116c90 .functor AND 1, L_0x2116e10, L_0x2116f00, C4<1>, C4<1>;
L_0x2116d00 .functor OR 1, L_0x2116e10, L_0x2116f00, C4<0>, C4<0>;
v0x20eef00_0 .net "a", 0 0, L_0x2116e10;  1 drivers
v0x20eefe0_0 .net "b", 0 0, L_0x2116f00;  1 drivers
v0x20ef0a0_0 .net "g", 0 0, L_0x2116c90;  1 drivers
v0x20ef140_0 .net "p", 0 0, L_0x2116d00;  1 drivers
S_0x2070550 .scope generate, "genblk1[1]" "genblk1[1]" 4 35, 4 35 0, S_0x206c170;
 .timescale -9 -12;
P_0x20ef310 .param/l "i" 0 4 35, +C4<01>;
S_0x2071bf0 .scope module, "pg" "gp1" 4 36, 4 4 0, S_0x2070550;
 .timescale -9 -12;
    .port_info 0 /INPUT 1 "a";
    .port_info 1 /INPUT 1 "b";
    .port_info 2 /OUTPUT 1 "g";
    .port_info 3 /OUTPUT 1 "p";
L_0x2116ff0 .functor AND 1, L_0x2117170, L_0x2117210, C4<1>, C4<1>;
L_0x2117060 .functor OR 1, L_0x2117170, L_0x2117210, C4<0>, C4<0>;
v0x20ef420_0 .net "a", 0 0, L_0x2117170;  1 drivers
v0x20ef500_0 .net "b", 0 0, L_0x2117210;  1 drivers
v0x20ef5c0_0 .net "g", 0 0, L_0x2116ff0;  1 drivers
v0x20ef690_0 .net "p", 0 0, L_0x2117060;  1 drivers
S_0x2073290 .scope generate, "genblk1[2]" "genblk1[2]" 4 35, 4 35 0, S_0x206c170;
 .timescale -9 -12;
P_0x20ef870 .param/l "i" 0 4 35, +C4<010>;
S_0x2074930 .scope module, "pg" "gp1" 4 36, 4 4 0, S_0x2073290;
 .timescale -9 -12;
    .port_info 0 /INPUT 1 "a";
    .port_info 1 /INPUT 1 "b";
    .port_info 2 /OUTPUT 1 "g";
    .port_info 3 /OUTPUT 1 "p";
L_0x21172b0 .functor AND 1, L_0x2117430, L_0x21174d0, C4<1>, C4<1>;
L_0x2117320 .functor OR 1, L_0x2117430, L_0x21174d0, C4<0>, C4<0>;
v0x20ef9b0_0 .net "a", 0 0, L_0x2117430;  1 drivers
v0x20efa90_0 .net "b", 0 0, L_0x21174d0;  1 drivers
v0x20efb50_0 .net "g", 0 0, L_0x21172b0;  1 drivers
v0x20efc20_0 .net "p", 0 0, L_0x2117320;  1 drivers
S_0x20efd90 .scope generate, "genblk1[3]" "genblk1[3]" 4 35, 4 35 0, S_0x206c170;
 .timescale -9 -12;
P_0x20eff90 .param/l "i" 0 4 35, +C4<011>;
S_0x20f0070 .scope module, "pg" "gp1" 4 36, 4 4 0, S_0x20efd90;
 .timescale -9 -12;
    .port_info 0 /INPUT 1 "a";
    .port_info 1 /INPUT 1 "b";
    .port_info 2 /OUTPUT 1 "g";
    .port_info 3 /OUTPUT 1 "p";
L_0x21175b0 .functor AND 1, L_0x2117690, L_0x2117730, C4<1>, C4<1>;
L_0x2117620 .functor OR 1, L_0x2117690, L_0x2117730, C4<0>, C4<0>;
v0x20f0250_0 .net "a", 0 0, L_0x2117690;  1 drivers
v0x20f0330_0 .net "b", 0 0, L_0x2117730;  1 drivers
v0x20f03f0_0 .net "g", 0 0, L_0x21175b0;  1 drivers
v0x20f04c0_0 .net "p", 0 0, L_0x2117620;  1 drivers
S_0x20f0630 .scope generate, "genblk1[4]" "genblk1[4]" 4 35, 4 35 0, S_0x206c170;
 .timescale -9 -12;
P_0x20f0880 .param/l "i" 0 4 35, +C4<0100>;
S_0x20f0960 .scope module, "pg" "gp1" 4 36, 4 4 0, S_0x20f0630;
 .timescale -9 -12;
    .port_info 0 /INPUT 1 "a";
    .port_info 1 /INPUT 1 "b";
    .port_info 2 /OUTPUT 1 "g";
    .port_info 3 /OUTPUT 1 "p";
L_0x2117820 .functor AND 1, L_0x2117a00, L_0x2117aa0, C4<1>, C4<1>;
L_0x21178c0 .functor OR 1, L_0x2117a00, L_0x2117aa0, C4<0>, C4<0>;
v0x20f0b40_0 .net "a", 0 0, L_0x2117a00;  1 drivers
v0x20f0c20_0 .net "b", 0 0, L_0x2117aa0;  1 drivers
v0x20f0ce0_0 .net "g", 0 0, L_0x2117820;  1 drivers
v0x20f0d80_0 .net "p", 0 0, L_0x21178c0;  1 drivers
S_0x20f0ef0 .scope generate, "genblk1[5]" "genblk1[5]" 4 35, 4 35 0, S_0x206c170;
 .timescale -9 -12;
P_0x20f10f0 .param/l "i" 0 4 35, +C4<0101>;
S_0x20f11d0 .scope module, "pg" "gp1" 4 36, 4 4 0, S_0x20f0ef0;
 .timescale -9 -12;
    .port_info 0 /INPUT 1 "a";
    .port_info 1 /INPUT 1 "b";
    .port_info 2 /OUTPUT 1 "g";
    .port_info 3 /OUTPUT 1 "p";
L_0x2117ba0 .functor AND 1, L_0x2117d30, L_0x2117dd0, C4<1>, C4<1>;
L_0x2117c40 .functor OR 1, L_0x2117d30, L_0x2117dd0, C4<0>, C4<0>;
v0x20f13b0_0 .net "a", 0 0, L_0x2117d30;  1 drivers
v0x20f1490_0 .net "b", 0 0, L_0x2117dd0;  1 drivers
v0x20f1550_0 .net "g", 0 0, L_0x2117ba0;  1 drivers
v0x20f1620_0 .net "p", 0 0, L_0x2117c40;  1 drivers
S_0x20f1790 .scope generate, "genblk1[6]" "genblk1[6]" 4 35, 4 35 0, S_0x206c170;
 .timescale -9 -12;
P_0x20f1990 .param/l "i" 0 4 35, +C4<0110>;
S_0x20f1a70 .scope module, "pg" "gp1" 4 36, 4 4 0, S_0x20f1790;
 .timescale -9 -12;
    .port_info 0 /INPUT 1 "a";
    .port_info 1 /INPUT 1 "b";
    .port_info 2 /OUTPUT 1 "g";
    .port_info 3 /OUTPUT 1 "p";
L_0x2117ee0 .functor AND 1, L_0x21180c0, L_0x2118160, C4<1>, C4<1>;
L_0x2117f80 .functor OR 1, L_0x21180c0, L_0x2118160, C4<0>, C4<0>;
v0x20f1cc0_0 .net "a", 0 0, L_0x21180c0;  1 drivers
v0x20f1da0_0 .net "b", 0 0, L_0x2118160;  1 drivers
v0x20f1e60_0 .net "g", 0 0, L_0x2117ee0;  1 drivers
v0x20f1f30_0 .net "p", 0 0, L_0x2117f80;  1 drivers
S_0x20f20a0 .scope generate, "genblk1[7]" "genblk1[7]" 4 35, 4 35 0, S_0x206c170;
 .timescale -9 -12;
P_0x20f22a0 .param/l "i" 0 4 35, +C4<0111>;
S_0x20f2380 .scope module, "pg" "gp1" 4 36, 4 4 0, S_0x20f20a0;
 .timescale -9 -12;
    .port_info 0 /INPUT 1 "a";
    .port_info 1 /INPUT 1 "b";
    .port_info 2 /OUTPUT 1 "g";
    .port_info 3 /OUTPUT 1 "p";
L_0x2117e70 .functor AND 1, L_0x2118500, L_0x21185a0, C4<1>, C4<1>;
L_0x21183c0 .functor OR 1, L_0x2118500, L_0x21185a0, C4<0>, C4<0>;
v0x20f25d0_0 .net "a", 0 0, L_0x2118500;  1 drivers
v0x20f26b0_0 .net "b", 0 0, L_0x21185a0;  1 drivers
v0x20f2770_0 .net "g", 0 0, L_0x2117e70;  1 drivers
v0x20f2840_0 .net "p", 0 0, L_0x21183c0;  1 drivers
S_0x20f29b0 .scope generate, "genblk1[8]" "genblk1[8]" 4 35, 4 35 0, S_0x206c170;
 .timescale -9 -12;
P_0x20f0830 .param/l "i" 0 4 35, +C4<01000>;
S_0x20f2cd0 .scope module, "pg" "gp1" 4 36, 4 4 0, S_0x20f29b0;
 .timescale -9 -12;
    .port_info 0 /INPUT 1 "a";
    .port_info 1 /INPUT 1 "b";
    .port_info 2 /OUTPUT 1 "g";
    .port_info 3 /OUTPUT 1 "p";
L_0x21186d0 .functor AND 1, L_0x21188b0, L_0x2118950, C4<1>, C4<1>;
L_0x2118770 .functor OR 1, L_0x21188b0, L_0x2118950, C4<0>, C4<0>;
v0x20f2f20_0 .net "a", 0 0, L_0x21188b0;  1 drivers
v0x20f3000_0 .net "b", 0 0, L_0x2118950;  1 drivers
v0x20f30c0_0 .net "g", 0 0, L_0x21186d0;  1 drivers
v0x20f3190_0 .net "p", 0 0, L_0x2118770;  1 drivers
S_0x20f3300 .scope generate, "genblk1[9]" "genblk1[9]" 4 35, 4 35 0, S_0x206c170;
 .timescale -9 -12;
P_0x20f3500 .param/l "i" 0 4 35, +C4<01001>;
S_0x20f35e0 .scope module, "pg" "gp1" 4 36, 4 4 0, S_0x20f3300;
 .timescale -9 -12;
    .port_info 0 /INPUT 1 "a";
    .port_info 1 /INPUT 1 "b";
    .port_info 2 /OUTPUT 1 "g";
    .port_info 3 /OUTPUT 1 "p";
L_0x2118a90 .functor AND 1, L_0x2118c70, L_0x2118d10, C4<1>, C4<1>;
L_0x2118b30 .functor OR 1, L_0x2118c70, L_0x2118d10, C4<0>, C4<0>;
v0x20f3830_0 .net "a", 0 0, L_0x2118c70;  1 drivers
v0x20f3910_0 .net "b", 0 0, L_0x2118d10;  1 drivers
v0x20f39d0_0 .net "g", 0 0, L_0x2118a90;  1 drivers
v0x20f3aa0_0 .net "p", 0 0, L_0x2118b30;  1 drivers
S_0x20f3c10 .scope generate, "genblk1[10]" "genblk1[10]" 4 35, 4 35 0, S_0x206c170;
 .timescale -9 -12;
P_0x20f3e10 .param/l "i" 0 4 35, +C4<01010>;
S_0x20f3ef0 .scope module, "pg" "gp1" 4 36, 4 4 0, S_0x20f3c10;
 .timescale -9 -12;
    .port_info 0 /INPUT 1 "a";
    .port_info 1 /INPUT 1 "b";
    .port_info 2 /OUTPUT 1 "g";
    .port_info 3 /OUTPUT 1 "p";
L_0x2118e60 .functor AND 1, L_0x21189f0, L_0x2119040, C4<1>, C4<1>;
L_0x2118f00 .functor OR 1, L_0x21189f0, L_0x2119040, C4<0>, C4<0>;
v0x20f4140_0 .net "a", 0 0, L_0x21189f0;  1 drivers
v0x20f4220_0 .net "b", 0 0, L_0x2119040;  1 drivers
v0x20f42e0_0 .net "g", 0 0, L_0x2118e60;  1 drivers
v0x20f43b0_0 .net "p", 0 0, L_0x2118f00;  1 drivers
S_0x20f4520 .scope generate, "genblk1[11]" "genblk1[11]" 4 35, 4 35 0, S_0x206c170;
 .timescale -9 -12;
P_0x20f4720 .param/l "i" 0 4 35, +C4<01011>;
S_0x20f4800 .scope module, "pg" "gp1" 4 36, 4 4 0, S_0x20f4520;
 .timescale -9 -12;
    .port_info 0 /INPUT 1 "a";
    .port_info 1 /INPUT 1 "b";
    .port_info 2 /OUTPUT 1 "g";
    .port_info 3 /OUTPUT 1 "p";
L_0x21191a0 .functor AND 1, L_0x2119380, L_0x2119420, C4<1>, C4<1>;
L_0x2119240 .functor OR 1, L_0x2119380, L_0x2119420, C4<0>, C4<0>;
v0x20f4a50_0 .net "a", 0 0, L_0x2119380;  1 drivers
v0x20f4b30_0 .net "b", 0 0, L_0x2119420;  1 drivers
v0x20f4bf0_0 .net "g", 0 0, L_0x21191a0;  1 drivers
v0x20f4cc0_0 .net "p", 0 0, L_0x2119240;  1 drivers
S_0x20f4e30 .scope generate, "genblk1[12]" "genblk1[12]" 4 35, 4 35 0, S_0x206c170;
 .timescale -9 -12;
P_0x20f5030 .param/l "i" 0 4 35, +C4<01100>;
S_0x20f5110 .scope module, "pg" "gp1" 4 36, 4 4 0, S_0x20f4e30;
 .timescale -9 -12;
    .port_info 0 /INPUT 1 "a";
    .port_info 1 /INPUT 1 "b";
    .port_info 2 /OUTPUT 1 "g";
    .port_info 3 /OUTPUT 1 "p";
L_0x2119590 .functor AND 1, L_0x2119770, L_0x2119810, C4<1>, C4<1>;
L_0x2119630 .functor OR 1, L_0x2119770, L_0x2119810, C4<0>, C4<0>;
v0x20f5360_0 .net "a", 0 0, L_0x2119770;  1 drivers
v0x20f5440_0 .net "b", 0 0, L_0x2119810;  1 drivers
v0x20f5500_0 .net "g", 0 0, L_0x2119590;  1 drivers
v0x20f55d0_0 .net "p", 0 0, L_0x2119630;  1 drivers
S_0x20f5740 .scope generate, "genblk1[13]" "genblk1[13]" 4 35, 4 35 0, S_0x206c170;
 .timescale -9 -12;
P_0x20f5940 .param/l "i" 0 4 35, +C4<01101>;
S_0x20f5a20 .scope module, "pg" "gp1" 4 36, 4 4 0, S_0x20f5740;
 .timescale -9 -12;
    .port_info 0 /INPUT 1 "a";
    .port_info 1 /INPUT 1 "b";
    .port_info 2 /OUTPUT 1 "g";
    .port_info 3 /OUTPUT 1 "p";
L_0x2119990 .functor AND 1, L_0x2119b70, L_0x2119c10, C4<1>, C4<1>;
L_0x2119a30 .functor OR 1, L_0x2119b70, L_0x2119c10, C4<0>, C4<0>;
v0x20f5c70_0 .net "a", 0 0, L_0x2119b70;  1 drivers
v0x20f5d50_0 .net "b", 0 0, L_0x2119c10;  1 drivers
v0x20f5e10_0 .net "g", 0 0, L_0x2119990;  1 drivers
v0x20f5ee0_0 .net "p", 0 0, L_0x2119a30;  1 drivers
S_0x20f6050 .scope generate, "genblk1[14]" "genblk1[14]" 4 35, 4 35 0, S_0x206c170;
 .timescale -9 -12;
P_0x20f6250 .param/l "i" 0 4 35, +C4<01110>;
S_0x20f6330 .scope module, "pg" "gp1" 4 36, 4 4 0, S_0x20f6050;
 .timescale -9 -12;
    .port_info 0 /INPUT 1 "a";
    .port_info 1 /INPUT 1 "b";
    .port_info 2 /OUTPUT 1 "g";
    .port_info 3 /OUTPUT 1 "p";
L_0x2119da0 .functor AND 1, L_0x2119f80, L_0x211a230, C4<1>, C4<1>;
L_0x2119e40 .functor OR 1, L_0x2119f80, L_0x211a230, C4<0>, C4<0>;
v0x20f6580_0 .net "a", 0 0, L_0x2119f80;  1 drivers
v0x20f6660_0 .net "b", 0 0, L_0x211a230;  1 drivers
v0x20f6720_0 .net "g", 0 0, L_0x2119da0;  1 drivers
v0x20f67f0_0 .net "p", 0 0, L_0x2119e40;  1 drivers
S_0x20f6960 .scope generate, "genblk1[15]" "genblk1[15]" 4 35, 4 35 0, S_0x206c170;
 .timescale -9 -12;
P_0x20f6b60 .param/l "i" 0 4 35, +C4<01111>;
S_0x20f6c40 .scope module, "pg" "gp1" 4 36, 4 4 0, S_0x20f6960;
 .timescale -9 -12;
    .port_info 0 /INPUT 1 "a";
    .port_info 1 /INPUT 1 "b";
    .port_info 2 /OUTPUT 1 "g";
    .port_info 3 /OUTPUT 1 "p";
L_0x211a5e0 .functor AND 1, L_0x211a7c0, L_0x211a860, C4<1>, C4<1>;
L_0x211a680 .functor OR 1, L_0x211a7c0, L_0x211a860, C4<0>, C4<0>;
v0x20f6e90_0 .net "a", 0 0, L_0x211a7c0;  1 drivers
v0x20f6f70_0 .net "b", 0 0, L_0x211a860;  1 drivers
v0x20f7030_0 .net "g", 0 0, L_0x211a5e0;  1 drivers
v0x20f7100_0 .net "p", 0 0, L_0x211a680;  1 drivers
S_0x20f7270 .scope generate, "genblk2[1]" "genblk2[1]" 4 80, 4 80 0, S_0x206c170;
 .timescale -9 -12;
P_0x20f7470 .param/l "h" 0 4 80, +C4<01>;
L_0x211b550 .functor XOR 1, L_0x211b670, L_0x211b710, C4<0>, C4<0>;
L_0x211b980 .functor XOR 1, L_0x211b550, L_0x211b8e0, C4<0>, C4<0>;
v0x20f7550_0 .net *"_ivl_0", 0 0, L_0x211b670;  1 drivers
v0x20f7630_0 .net *"_ivl_1", 0 0, L_0x211b710;  1 drivers
v0x20f7710_0 .net *"_ivl_2", 0 0, L_0x211b550;  1 drivers
v0x20f77d0_0 .net *"_ivl_4", 0 0, L_0x211b8e0;  1 drivers
v0x20f78b0_0 .net *"_ivl_5", 0 0, L_0x211b980;  1 drivers
S_0x20f79e0 .scope generate, "genblk2[2]" "genblk2[2]" 4 80, 4 80 0, S_0x206c170;
 .timescale -9 -12;
P_0x20f7be0 .param/l "h" 0 4 80, +C4<010>;
L_0x211bd10 .functor XOR 1, L_0x211ba90, L_0x211bc70, C4<0>, C4<0>;
L_0x211c060 .functor XOR 1, L_0x211bd10, L_0x211be20, C4<0>, C4<0>;
v0x20f7cc0_0 .net *"_ivl_0", 0 0, L_0x211ba90;  1 drivers
v0x20f7da0_0 .net *"_ivl_1", 0 0, L_0x211bc70;  1 drivers
v0x20f7e80_0 .net *"_ivl_2", 0 0, L_0x211bd10;  1 drivers
v0x20f7f40_0 .net *"_ivl_4", 0 0, L_0x211be20;  1 drivers
v0x20f8020_0 .net *"_ivl_5", 0 0, L_0x211c060;  1 drivers
S_0x20f8150 .scope generate, "genblk2[3]" "genblk2[3]" 4 80, 4 80 0, S_0x206c170;
 .timescale -9 -12;
P_0x20f8350 .param/l "h" 0 4 80, +C4<011>;
L_0x211c410 .functor XOR 1, L_0x211c170, L_0x211c210, C4<0>, C4<0>;
L_0x211c5c0 .functor XOR 1, L_0x211c410, L_0x211c520, C4<0>, C4<0>;
v0x20f8430_0 .net *"_ivl_0", 0 0, L_0x211c170;  1 drivers
v0x20f8510_0 .net *"_ivl_1", 0 0, L_0x211c210;  1 drivers
v0x20f85f0_0 .net *"_ivl_2", 0 0, L_0x211c410;  1 drivers
v0x20f86b0_0 .net *"_ivl_4", 0 0, L_0x211c520;  1 drivers
v0x20f8790_0 .net *"_ivl_5", 0 0, L_0x211c5c0;  1 drivers
S_0x20f88c0 .scope generate, "genblk2[4]" "genblk2[4]" 4 80, 4 80 0, S_0x206c170;
 .timescale -9 -12;
P_0x20f8ac0 .param/l "h" 0 4 80, +C4<0100>;
L_0x211c980 .functor XOR 1, L_0x211c6d0, L_0x211c8e0, C4<0>, C4<0>;
L_0x211ccb0 .functor XOR 1, L_0x211c980, L_0x211ca90, C4<0>, C4<0>;
v0x20f8ba0_0 .net *"_ivl_0", 0 0, L_0x211c6d0;  1 drivers
v0x20f8c80_0 .net *"_ivl_1", 0 0, L_0x211c8e0;  1 drivers
v0x20f8d60_0 .net *"_ivl_2", 0 0, L_0x211c980;  1 drivers
v0x20f8e20_0 .net *"_ivl_4", 0 0, L_0x211ca90;  1 drivers
v0x20f8f00_0 .net *"_ivl_5", 0 0, L_0x211ccb0;  1 drivers
S_0x20f9030 .scope generate, "genblk2[5]" "genblk2[5]" 4 80, 4 80 0, S_0x206c170;
 .timescale -9 -12;
P_0x20f9230 .param/l "h" 0 4 80, +C4<0101>;
L_0x211d040 .functor XOR 1, L_0x211cd70, L_0x211ce10, C4<0>, C4<0>;
L_0x211d1f0 .functor XOR 1, L_0x211d040, L_0x211d150, C4<0>, C4<0>;
v0x20f9310_0 .net *"_ivl_0", 0 0, L_0x211cd70;  1 drivers
v0x20f93f0_0 .net *"_ivl_1", 0 0, L_0x211ce10;  1 drivers
v0x20f94d0_0 .net *"_ivl_2", 0 0, L_0x211d040;  1 drivers
v0x20f9590_0 .net *"_ivl_4", 0 0, L_0x211d150;  1 drivers
v0x20f9670_0 .net *"_ivl_5", 0 0, L_0x211d1f0;  1 drivers
S_0x20f97a0 .scope generate, "genblk2[6]" "genblk2[6]" 4 80, 4 80 0, S_0x206c170;
 .timescale -9 -12;
P_0x20f99a0 .param/l "h" 0 4 80, +C4<0110>;
L_0x211d5e0 .functor XOR 1, L_0x211d300, L_0x211d540, C4<0>, C4<0>;
L_0x211d940 .functor XOR 1, L_0x211d5e0, L_0x211d6f0, C4<0>, C4<0>;
v0x20f9a80_0 .net *"_ivl_0", 0 0, L_0x211d300;  1 drivers
v0x20f9b60_0 .net *"_ivl_1", 0 0, L_0x211d540;  1 drivers
v0x20f9c40_0 .net *"_ivl_2", 0 0, L_0x211d5e0;  1 drivers
v0x20f9d00_0 .net *"_ivl_4", 0 0, L_0x211d6f0;  1 drivers
v0x20f9de0_0 .net *"_ivl_5", 0 0, L_0x211d940;  1 drivers
S_0x20f9f10 .scope generate, "genblk2[7]" "genblk2[7]" 4 80, 4 80 0, S_0x206c170;
 .timescale -9 -12;
P_0x20fa110 .param/l "h" 0 4 80, +C4<0111>;
L_0x211dd50 .functor XOR 1, L_0x211da50, L_0x211daf0, C4<0>, C4<0>;
L_0x211df00 .functor XOR 1, L_0x211dd50, L_0x211de60, C4<0>, C4<0>;
v0x20fa1f0_0 .net *"_ivl_0", 0 0, L_0x211da50;  1 drivers
v0x20fa2d0_0 .net *"_ivl_1", 0 0, L_0x211daf0;  1 drivers
v0x20fa3b0_0 .net *"_ivl_2", 0 0, L_0x211dd50;  1 drivers
v0x20fa470_0 .net *"_ivl_4", 0 0, L_0x211de60;  1 drivers
v0x20fa550_0 .net *"_ivl_5", 0 0, L_0x211df00;  1 drivers
S_0x20fa680 .scope generate, "genblk2[8]" "genblk2[8]" 4 80, 4 80 0, S_0x206c170;
 .timescale -9 -12;
P_0x20fa880 .param/l "h" 0 4 80, +C4<01000>;
L_0x211e320 .functor XOR 1, L_0x211e010, L_0x211e280, C4<0>, C4<0>;
L_0x211e6b0 .functor XOR 1, L_0x211e320, L_0x211e430, C4<0>, C4<0>;
v0x20fa960_0 .net *"_ivl_0", 0 0, L_0x211e010;  1 drivers
v0x20faa40_0 .net *"_ivl_1", 0 0, L_0x211e280;  1 drivers
v0x20fab20_0 .net *"_ivl_2", 0 0, L_0x211e320;  1 drivers
v0x20fabe0_0 .net *"_ivl_4", 0 0, L_0x211e430;  1 drivers
v0x20facc0_0 .net *"_ivl_5", 0 0, L_0x211e6b0;  1 drivers
S_0x20fadf0 .scope generate, "genblk2[9]" "genblk2[9]" 4 80, 4 80 0, S_0x206c170;
 .timescale -9 -12;
P_0x20faff0 .param/l "h" 0 4 80, +C4<01001>;
L_0x211eaf0 .functor XOR 1, L_0x211e7c0, L_0x211e860, C4<0>, C4<0>;
L_0x211eca0 .functor XOR 1, L_0x211eaf0, L_0x211ec00, C4<0>, C4<0>;
v0x20fb0d0_0 .net *"_ivl_0", 0 0, L_0x211e7c0;  1 drivers
v0x20fb1b0_0 .net *"_ivl_1", 0 0, L_0x211e860;  1 drivers
v0x20fb290_0 .net *"_ivl_2", 0 0, L_0x211eaf0;  1 drivers
v0x20fb350_0 .net *"_ivl_4", 0 0, L_0x211ec00;  1 drivers
v0x20fb430_0 .net *"_ivl_5", 0 0, L_0x211eca0;  1 drivers
S_0x20fb560 .scope generate, "genblk2[10]" "genblk2[10]" 4 80, 4 80 0, S_0x206c170;
 .timescale -9 -12;
P_0x20fb760 .param/l "h" 0 4 80, +C4<01010>;
L_0x211f0f0 .functor XOR 1, L_0x211edb0, L_0x211f050, C4<0>, C4<0>;
L_0x211f4b0 .functor XOR 1, L_0x211f0f0, L_0x211f200, C4<0>, C4<0>;
v0x20fb840_0 .net *"_ivl_0", 0 0, L_0x211edb0;  1 drivers
v0x20fb920_0 .net *"_ivl_1", 0 0, L_0x211f050;  1 drivers
v0x20fba00_0 .net *"_ivl_2", 0 0, L_0x211f0f0;  1 drivers
v0x20fbac0_0 .net *"_ivl_4", 0 0, L_0x211f200;  1 drivers
v0x20fbba0_0 .net *"_ivl_5", 0 0, L_0x211f4b0;  1 drivers
S_0x20fbcd0 .scope generate, "genblk2[11]" "genblk2[11]" 4 80, 4 80 0, S_0x206c170;
 .timescale -9 -12;
P_0x20fbed0 .param/l "h" 0 4 80, +C4<01011>;
L_0x211f920 .functor XOR 1, L_0x211f5c0, L_0x211f660, C4<0>, C4<0>;
L_0x211fad0 .functor XOR 1, L_0x211f920, L_0x211fa30, C4<0>, C4<0>;
v0x20fbfb0_0 .net *"_ivl_0", 0 0, L_0x211f5c0;  1 drivers
v0x20fc090_0 .net *"_ivl_1", 0 0, L_0x211f660;  1 drivers
v0x20fc170_0 .net *"_ivl_2", 0 0, L_0x211f920;  1 drivers
v0x20fc230_0 .net *"_ivl_4", 0 0, L_0x211fa30;  1 drivers
v0x20fc310_0 .net *"_ivl_5", 0 0, L_0x211fad0;  1 drivers
S_0x20fc440 .scope generate, "genblk2[12]" "genblk2[12]" 4 80, 4 80 0, S_0x206c170;
 .timescale -9 -12;
P_0x20fc640 .param/l "h" 0 4 80, +C4<01100>;
L_0x211ff50 .functor XOR 1, L_0x211fbe0, L_0x211feb0, C4<0>, C4<0>;
L_0x2120340 .functor XOR 1, L_0x211ff50, L_0x2120060, C4<0>, C4<0>;
v0x20fc720_0 .net *"_ivl_0", 0 0, L_0x211fbe0;  1 drivers
v0x20fc800_0 .net *"_ivl_1", 0 0, L_0x211feb0;  1 drivers
v0x20fc8e0_0 .net *"_ivl_2", 0 0, L_0x211ff50;  1 drivers
v0x20fc9a0_0 .net *"_ivl_4", 0 0, L_0x2120060;  1 drivers
v0x20fca80_0 .net *"_ivl_5", 0 0, L_0x2120340;  1 drivers
S_0x20fcbb0 .scope generate, "genblk2[13]" "genblk2[13]" 4 80, 4 80 0, S_0x206c170;
 .timescale -9 -12;
P_0x20fcdb0 .param/l "h" 0 4 80, +C4<01101>;
L_0x21207e0 .functor XOR 1, L_0x2120450, L_0x21204f0, C4<0>, C4<0>;
L_0x2120990 .functor XOR 1, L_0x21207e0, L_0x21208f0, C4<0>, C4<0>;
v0x20fce90_0 .net *"_ivl_0", 0 0, L_0x2120450;  1 drivers
v0x20fcf70_0 .net *"_ivl_1", 0 0, L_0x21204f0;  1 drivers
v0x20fd050_0 .net *"_ivl_2", 0 0, L_0x21207e0;  1 drivers
v0x20fd110_0 .net *"_ivl_4", 0 0, L_0x21208f0;  1 drivers
v0x20fd1f0_0 .net *"_ivl_5", 0 0, L_0x2120990;  1 drivers
S_0x20fd320 .scope generate, "genblk2[14]" "genblk2[14]" 4 80, 4 80 0, S_0x206c170;
 .timescale -9 -12;
P_0x20fd520 .param/l "h" 0 4 80, +C4<01110>;
L_0x2120e40 .functor XOR 1, L_0x2120aa0, L_0x2120da0, C4<0>, C4<0>;
L_0x2121260 .functor XOR 1, L_0x2120e40, L_0x2120f50, C4<0>, C4<0>;
v0x20fd600_0 .net *"_ivl_0", 0 0, L_0x2120aa0;  1 drivers
v0x20fd6e0_0 .net *"_ivl_1", 0 0, L_0x2120da0;  1 drivers
v0x20fd7c0_0 .net *"_ivl_2", 0 0, L_0x2120e40;  1 drivers
v0x20fd880_0 .net *"_ivl_4", 0 0, L_0x2120f50;  1 drivers
v0x20fd960_0 .net *"_ivl_5", 0 0, L_0x2121260;  1 drivers
S_0x20fda90 .scope generate, "genblk2[15]" "genblk2[15]" 4 80, 4 80 0, S_0x206c170;
 .timescale -9 -12;
P_0x20fdc90 .param/l "h" 0 4 80, +C4<01111>;
L_0x2121f50 .functor XOR 1, L_0x2121370, L_0x2121820, C4<0>, C4<0>;
L_0x2122100 .functor XOR 1, L_0x2121f50, L_0x2122060, C4<0>, C4<0>;
v0x20fdd70_0 .net *"_ivl_0", 0 0, L_0x2121370;  1 drivers
v0x20fde50_0 .net *"_ivl_1", 0 0, L_0x2121820;  1 drivers
v0x20fdf30_0 .net *"_ivl_2", 0 0, L_0x2121f50;  1 drivers
v0x20fdff0_0 .net *"_ivl_4", 0 0, L_0x2122060;  1 drivers
v0x20fe0d0_0 .net *"_ivl_5", 0 0, L_0x2122100;  1 drivers
S_0x20fe200 .scope module, "towin" "gp4" 4 43, 4 10 0, S_0x206c170;
 .timescale -9 -12;
    .port_info 0 /INPUT 4 "gin";
    .port_info 1 /INPUT 4 "pin";
    .port_info 2 /INPUT 1 "cin";
    .port_info 3 /OUTPUT 1 "gout";
    .port_info 4 /OUTPUT 1 "pout";
    .port_info 5 /OUTPUT 3 "cout";
L_0x2122440 .functor AND 1, L_0x21222b0, L_0x21223a0, C4<1>, C4<1>;
L_0x2122550 .functor OR 1, L_0x2122210, L_0x2122440, C4<0>, C4<0>;
L_0x21227f0 .functor AND 1, L_0x2122660, L_0x2122700, C4<1>, C4<1>;
L_0x21229a0 .functor AND 1, L_0x21227f0, L_0x2122900, C4<1>, C4<1>;
L_0x2122ab0 .functor OR 1, L_0x2122550, L_0x21229a0, C4<0>, C4<0>;
L_0x2122d50 .functor AND 1, L_0x2122bc0, L_0x2122c60, C4<1>, C4<1>;
L_0x2122ea0 .functor AND 1, L_0x2122d50, L_0x2122e00, C4<1>, C4<1>;
L_0x21230b0 .functor AND 1, L_0x2122ea0, L_0x2122fb0, C4<1>, C4<1>;
L_0x21231c0 .functor OR 1, L_0x2122ab0, L_0x21230b0, C4<0>, C4<0>;
L_0x21235c0 .functor AND 1, v0x2112280_0, L_0x2123520, C4<1>, C4<1>;
L_0x21236e0 .functor OR 1, L_0x2123410, L_0x21235c0, C4<0>, C4<0>;
L_0x21234b0 .functor AND 1, L_0x21238c0, L_0x2123960, C4<1>, C4<1>;
L_0x2123ba0 .functor OR 1, L_0x21237a0, L_0x21234b0, C4<0>, C4<0>;
L_0x2123e90 .functor AND 1, L_0x2123cb0, L_0x2123d50, C4<1>, C4<1>;
L_0x2123b30 .functor AND 1, L_0x2123e90, v0x2112280_0, C4<1>, C4<1>;
L_0x2124070 .functor OR 1, L_0x2123ba0, L_0x2123b30, C4<0>, C4<0>;
L_0x2124710 .functor AND 1, L_0x2123df0, L_0x21245b0, C4<1>, C4<1>;
L_0x2124820 .functor OR 1, L_0x2124350, L_0x2124710, C4<0>, C4<0>;
L_0x2124be0 .functor AND 1, L_0x21249d0, L_0x2124a70, C4<1>, C4<1>;
L_0x2124d90 .functor AND 1, L_0x2124be0, L_0x2124cf0, C4<1>, C4<1>;
L_0x2124f50 .functor OR 1, L_0x2124820, L_0x2124d90, C4<0>, C4<0>;
L_0x21251e0 .functor AND 1, L_0x2124930, L_0x2125140, C4<1>, C4<1>;
L_0x2125540 .functor AND 1, L_0x21251e0, L_0x21253b0, C4<1>, C4<1>;
L_0x2125650 .functor AND 1, L_0x2125540, v0x2112280_0, C4<1>, C4<1>;
L_0x21257e0 .functor OR 1, L_0x2124f50, L_0x2125650, C4<0>, C4<0>;
v0x20fe480_0 .net *"_ivl_1", 0 0, L_0x2122210;  1 drivers
v0x20fe580_0 .net *"_ivl_100", 0 0, L_0x2125140;  1 drivers
v0x20fe660_0 .net *"_ivl_101", 0 0, L_0x21251e0;  1 drivers
v0x20fe720_0 .net *"_ivl_104", 0 0, L_0x21253b0;  1 drivers
v0x20fe800_0 .net *"_ivl_105", 0 0, L_0x2125540;  1 drivers
v0x20fe930_0 .net *"_ivl_107", 0 0, L_0x2125650;  1 drivers
v0x20fea10_0 .net *"_ivl_109", 0 0, L_0x21257e0;  1 drivers
v0x20feaf0_0 .net *"_ivl_11", 0 0, L_0x2122660;  1 drivers
v0x20febd0_0 .net *"_ivl_13", 0 0, L_0x2122700;  1 drivers
v0x20fecb0_0 .net *"_ivl_14", 0 0, L_0x21227f0;  1 drivers
v0x20fed90_0 .net *"_ivl_17", 0 0, L_0x2122900;  1 drivers
v0x20fee70_0 .net *"_ivl_18", 0 0, L_0x21229a0;  1 drivers
v0x20fef50_0 .net *"_ivl_20", 0 0, L_0x2122ab0;  1 drivers
v0x20ff030_0 .net *"_ivl_23", 0 0, L_0x2122bc0;  1 drivers
v0x20ff110_0 .net *"_ivl_25", 0 0, L_0x2122c60;  1 drivers
v0x20ff1f0_0 .net *"_ivl_26", 0 0, L_0x2122d50;  1 drivers
v0x20ff2d0_0 .net *"_ivl_29", 0 0, L_0x2122e00;  1 drivers
v0x20ff3b0_0 .net *"_ivl_3", 0 0, L_0x21222b0;  1 drivers
v0x20ff490_0 .net *"_ivl_30", 0 0, L_0x2122ea0;  1 drivers
v0x20ff570_0 .net *"_ivl_33", 0 0, L_0x2122fb0;  1 drivers
v0x20ff650_0 .net *"_ivl_34", 0 0, L_0x21230b0;  1 drivers
v0x20ff730_0 .net *"_ivl_43", 0 0, L_0x2123410;  1 drivers
v0x20ff810_0 .net *"_ivl_45", 0 0, L_0x2123520;  1 drivers
v0x20ff8f0_0 .net *"_ivl_46", 0 0, L_0x21235c0;  1 drivers
v0x20ff9d0_0 .net *"_ivl_48", 0 0, L_0x21236e0;  1 drivers
v0x20ffab0_0 .net *"_ivl_5", 0 0, L_0x21223a0;  1 drivers
v0x20ffb90_0 .net *"_ivl_53", 0 0, L_0x21237a0;  1 drivers
v0x20ffc70_0 .net *"_ivl_55", 0 0, L_0x21238c0;  1 drivers
v0x20ffd50_0 .net *"_ivl_57", 0 0, L_0x2123960;  1 drivers
v0x20ffe30_0 .net *"_ivl_58", 0 0, L_0x21234b0;  1 drivers
v0x20fff10_0 .net *"_ivl_6", 0 0, L_0x2122440;  1 drivers
v0x20ffff0_0 .net *"_ivl_60", 0 0, L_0x2123ba0;  1 drivers
v0x21000d0_0 .net *"_ivl_63", 0 0, L_0x2123cb0;  1 drivers
v0x21003c0_0 .net *"_ivl_65", 0 0, L_0x2123d50;  1 drivers
v0x21004a0_0 .net *"_ivl_66", 0 0, L_0x2123e90;  1 drivers
v0x2100580_0 .net *"_ivl_68", 0 0, L_0x2123b30;  1 drivers
v0x2100660_0 .net *"_ivl_70", 0 0, L_0x2124070;  1 drivers
v0x2100740_0 .net *"_ivl_76", 0 0, L_0x2124350;  1 drivers
v0x2100820_0 .net *"_ivl_78", 0 0, L_0x2123df0;  1 drivers
v0x2100900_0 .net *"_ivl_8", 0 0, L_0x2122550;  1 drivers
v0x21009e0_0 .net *"_ivl_80", 0 0, L_0x21245b0;  1 drivers
v0x2100ac0_0 .net *"_ivl_81", 0 0, L_0x2124710;  1 drivers
v0x2100ba0_0 .net *"_ivl_83", 0 0, L_0x2124820;  1 drivers
v0x2100c80_0 .net *"_ivl_86", 0 0, L_0x21249d0;  1 drivers
v0x2100d60_0 .net *"_ivl_88", 0 0, L_0x2124a70;  1 drivers
v0x2100e40_0 .net *"_ivl_89", 0 0, L_0x2124be0;  1 drivers
v0x2100f20_0 .net *"_ivl_92", 0 0, L_0x2124cf0;  1 drivers
v0x2101000_0 .net *"_ivl_93", 0 0, L_0x2124d90;  1 drivers
v0x21010e0_0 .net *"_ivl_95", 0 0, L_0x2124f50;  1 drivers
v0x21011c0_0 .net *"_ivl_98", 0 0, L_0x2124930;  1 drivers
v0x21012a0_0 .net "cin", 0 0, v0x2112280_0;  alias, 1 drivers
v0x2101360_0 .net "cout", 2 0, L_0x2124210;  1 drivers
v0x2101440_0 .net "gin", 3 0, L_0x2125cc0;  1 drivers
v0x2101520_0 .net "gout", 0 0, L_0x21231c0;  alias, 1 drivers
v0x21015e0_0 .net "pin", 3 0, L_0x2126140;  1 drivers
v0x21016c0_0 .net "pout", 0 0, L_0x2123320;  alias, 1 drivers
L_0x2122210 .part L_0x2125cc0, 3, 1;
L_0x21222b0 .part L_0x2125cc0, 2, 1;
L_0x21223a0 .part L_0x2126140, 3, 1;
L_0x2122660 .part L_0x2125cc0, 1, 1;
L_0x2122700 .part L_0x2126140, 3, 1;
L_0x2122900 .part L_0x2126140, 2, 1;
L_0x2122bc0 .part L_0x2125cc0, 0, 1;
L_0x2122c60 .part L_0x2126140, 3, 1;
L_0x2122e00 .part L_0x2126140, 2, 1;
L_0x2122fb0 .part L_0x2126140, 1, 1;
L_0x2123320 .reduce/and L_0x2126140;
L_0x2123410 .part L_0x2125cc0, 0, 1;
L_0x2123520 .part L_0x2126140, 0, 1;
L_0x21237a0 .part L_0x2125cc0, 1, 1;
L_0x21238c0 .part L_0x2126140, 1, 1;
L_0x2123960 .part L_0x2125cc0, 0, 1;
L_0x2123cb0 .part L_0x2126140, 1, 1;
L_0x2123d50 .part L_0x2126140, 0, 1;
L_0x2124210 .concat8 [ 1 1 1 0], L_0x21236e0, L_0x2124070, L_0x21257e0;
L_0x2124350 .part L_0x2125cc0, 2, 1;
L_0x2123df0 .part L_0x2126140, 2, 1;
L_0x21245b0 .part L_0x2125cc0, 1, 1;
L_0x21249d0 .part L_0x2126140, 2, 1;
L_0x2124a70 .part L_0x2126140, 1, 1;
L_0x2124cf0 .part L_0x2125cc0, 0, 1;
L_0x2124930 .part L_0x2126140, 2, 1;
L_0x2125140 .part L_0x2126140, 1, 1;
L_0x21253b0 .part L_0x2126140, 0, 1;
S_0x2101840 .scope module, "win118" "gp4" 4 61, 4 10 0, S_0x206c170;
 .timescale -9 -12;
    .port_info 0 /INPUT 4 "gin";
    .port_info 1 /INPUT 4 "pin";
    .port_info 2 /INPUT 1 "cin";
    .port_info 3 /OUTPUT 1 "gout";
    .port_info 4 /OUTPUT 1 "pout";
    .port_info 5 /OUTPUT 3 "cout";
L_0x212a920 .functor AND 1, L_0x212a790, L_0x212a880, C4<1>, C4<1>;
L_0x212aa30 .functor OR 1, L_0x212a6f0, L_0x212a920, C4<0>, C4<0>;
L_0x212acd0 .functor AND 1, L_0x212ab40, L_0x212abe0, C4<1>, C4<1>;
L_0x212ae80 .functor AND 1, L_0x212acd0, L_0x212ade0, C4<1>, C4<1>;
L_0x212af90 .functor OR 1, L_0x212aa30, L_0x212ae80, C4<0>, C4<0>;
L_0x212b230 .functor AND 1, L_0x212b0a0, L_0x212b140, C4<1>, C4<1>;
L_0x212b340 .functor AND 1, L_0x212b230, L_0x212b2a0, C4<1>, C4<1>;
L_0x212b550 .functor AND 1, L_0x212b340, L_0x212b450, C4<1>, C4<1>;
L_0x212b660 .functor OR 1, L_0x212af90, L_0x212b550, C4<0>, C4<0>;
L_0x212ba60 .functor AND 1, L_0x212e3c0, L_0x212b9c0, C4<1>, C4<1>;
L_0x212bb20 .functor OR 1, L_0x212b8b0, L_0x212ba60, C4<0>, C4<0>;
L_0x212b950 .functor AND 1, L_0x212bd00, L_0x212bda0, C4<1>, C4<1>;
L_0x212bfe0 .functor OR 1, L_0x212bbe0, L_0x212b950, C4<0>, C4<0>;
L_0x212c2d0 .functor AND 1, L_0x212c0f0, L_0x212c190, C4<1>, C4<1>;
L_0x212bf70 .functor AND 1, L_0x212c2d0, L_0x212e3c0, C4<1>, C4<1>;
L_0x212c480 .functor OR 1, L_0x212bfe0, L_0x212bf70, C4<0>, C4<0>;
L_0x212c800 .functor AND 1, L_0x212c230, L_0x212c8b0, C4<1>, C4<1>;
L_0x212cab0 .functor OR 1, L_0x212c760, L_0x212c800, C4<0>, C4<0>;
L_0x212c590 .functor AND 1, L_0x212cc60, L_0x212cd00, C4<1>, C4<1>;
L_0x212cf10 .functor AND 1, L_0x212c590, L_0x212ce70, C4<1>, C4<1>;
L_0x212d0d0 .functor OR 1, L_0x212cab0, L_0x212cf10, C4<0>, C4<0>;
L_0x212d570 .functor AND 1, L_0x212cbc0, L_0x212d2c0, C4<1>, C4<1>;
L_0x212d830 .functor AND 1, L_0x212d570, L_0x212d020, C4<1>, C4<1>;
L_0x212d940 .functor AND 1, L_0x212d830, L_0x212e3c0, C4<1>, C4<1>;
L_0x212d680 .functor OR 1, L_0x212d0d0, L_0x212d940, C4<0>, C4<0>;
v0x2101c80_0 .net *"_ivl_1", 0 0, L_0x212a6f0;  1 drivers
v0x2101d80_0 .net *"_ivl_100", 0 0, L_0x212d2c0;  1 drivers
v0x2101e60_0 .net *"_ivl_101", 0 0, L_0x212d570;  1 drivers
v0x2101f20_0 .net *"_ivl_104", 0 0, L_0x212d020;  1 drivers
v0x2102000_0 .net *"_ivl_105", 0 0, L_0x212d830;  1 drivers
v0x2102130_0 .net *"_ivl_107", 0 0, L_0x212d940;  1 drivers
v0x2102210_0 .net *"_ivl_109", 0 0, L_0x212d680;  1 drivers
v0x21022f0_0 .net *"_ivl_11", 0 0, L_0x212ab40;  1 drivers
v0x21023d0_0 .net *"_ivl_13", 0 0, L_0x212abe0;  1 drivers
v0x21024b0_0 .net *"_ivl_14", 0 0, L_0x212acd0;  1 drivers
v0x2102590_0 .net *"_ivl_17", 0 0, L_0x212ade0;  1 drivers
v0x2102670_0 .net *"_ivl_18", 0 0, L_0x212ae80;  1 drivers
v0x2102750_0 .net *"_ivl_20", 0 0, L_0x212af90;  1 drivers
v0x2102830_0 .net *"_ivl_23", 0 0, L_0x212b0a0;  1 drivers
v0x2102910_0 .net *"_ivl_25", 0 0, L_0x212b140;  1 drivers
v0x21029f0_0 .net *"_ivl_26", 0 0, L_0x212b230;  1 drivers
v0x2102ad0_0 .net *"_ivl_29", 0 0, L_0x212b2a0;  1 drivers
v0x2102bb0_0 .net *"_ivl_3", 0 0, L_0x212a790;  1 drivers
v0x2102c90_0 .net *"_ivl_30", 0 0, L_0x212b340;  1 drivers
v0x2102d70_0 .net *"_ivl_33", 0 0, L_0x212b450;  1 drivers
v0x2102e50_0 .net *"_ivl_34", 0 0, L_0x212b550;  1 drivers
v0x2102f30_0 .net *"_ivl_43", 0 0, L_0x212b8b0;  1 drivers
v0x2103010_0 .net *"_ivl_45", 0 0, L_0x212b9c0;  1 drivers
v0x21030f0_0 .net *"_ivl_46", 0 0, L_0x212ba60;  1 drivers
v0x21031d0_0 .net *"_ivl_48", 0 0, L_0x212bb20;  1 drivers
v0x21032b0_0 .net *"_ivl_5", 0 0, L_0x212a880;  1 drivers
v0x2103390_0 .net *"_ivl_53", 0 0, L_0x212bbe0;  1 drivers
v0x2103470_0 .net *"_ivl_55", 0 0, L_0x212bd00;  1 drivers
v0x2103550_0 .net *"_ivl_57", 0 0, L_0x212bda0;  1 drivers
v0x2103630_0 .net *"_ivl_58", 0 0, L_0x212b950;  1 drivers
v0x2103710_0 .net *"_ivl_6", 0 0, L_0x212a920;  1 drivers
v0x21037f0_0 .net *"_ivl_60", 0 0, L_0x212bfe0;  1 drivers
v0x21038d0_0 .net *"_ivl_63", 0 0, L_0x212c0f0;  1 drivers
v0x2103bc0_0 .net *"_ivl_65", 0 0, L_0x212c190;  1 drivers
v0x2103ca0_0 .net *"_ivl_66", 0 0, L_0x212c2d0;  1 drivers
v0x2103d80_0 .net *"_ivl_68", 0 0, L_0x212bf70;  1 drivers
v0x2103e60_0 .net *"_ivl_70", 0 0, L_0x212c480;  1 drivers
v0x2103f40_0 .net *"_ivl_76", 0 0, L_0x212c760;  1 drivers
v0x2104020_0 .net *"_ivl_78", 0 0, L_0x212c230;  1 drivers
v0x2104100_0 .net *"_ivl_8", 0 0, L_0x212aa30;  1 drivers
v0x21041e0_0 .net *"_ivl_80", 0 0, L_0x212c8b0;  1 drivers
v0x21042c0_0 .net *"_ivl_81", 0 0, L_0x212c800;  1 drivers
v0x21043a0_0 .net *"_ivl_83", 0 0, L_0x212cab0;  1 drivers
v0x2104480_0 .net *"_ivl_86", 0 0, L_0x212cc60;  1 drivers
v0x2104560_0 .net *"_ivl_88", 0 0, L_0x212cd00;  1 drivers
v0x2104640_0 .net *"_ivl_89", 0 0, L_0x212c590;  1 drivers
v0x2104720_0 .net *"_ivl_92", 0 0, L_0x212ce70;  1 drivers
v0x2104800_0 .net *"_ivl_93", 0 0, L_0x212cf10;  1 drivers
v0x21048e0_0 .net *"_ivl_95", 0 0, L_0x212d0d0;  1 drivers
v0x21049c0_0 .net *"_ivl_98", 0 0, L_0x212cbc0;  1 drivers
v0x2104aa0_0 .net "cin", 0 0, L_0x212e3c0;  1 drivers
v0x2104b60_0 .net "cout", 2 0, L_0x212c620;  1 drivers
v0x2104c40_0 .net "gin", 3 0, L_0x212def0;  1 drivers
v0x2104d20_0 .net "gout", 0 0, L_0x212b660;  alias, 1 drivers
v0x2104de0_0 .net "pin", 3 0, L_0x212e320;  1 drivers
v0x2104ec0_0 .net "pout", 0 0, L_0x212b7c0;  alias, 1 drivers
L_0x212a6f0 .part L_0x212def0, 3, 1;
L_0x212a790 .part L_0x212def0, 2, 1;
L_0x212a880 .part L_0x212e320, 3, 1;
L_0x212ab40 .part L_0x212def0, 1, 1;
L_0x212abe0 .part L_0x212e320, 3, 1;
L_0x212ade0 .part L_0x212e320, 2, 1;
L_0x212b0a0 .part L_0x212def0, 0, 1;
L_0x212b140 .part L_0x212e320, 3, 1;
L_0x212b2a0 .part L_0x212e320, 2, 1;
L_0x212b450 .part L_0x212e320, 1, 1;
L_0x212b7c0 .reduce/and L_0x212e320;
L_0x212b8b0 .part L_0x212def0, 0, 1;
L_0x212b9c0 .part L_0x212e320, 0, 1;
L_0x212bbe0 .part L_0x212def0, 1, 1;
L_0x212bd00 .part L_0x212e320, 1, 1;
L_0x212bda0 .part L_0x212def0, 0, 1;
L_0x212c0f0 .part L_0x212e320, 1, 1;
L_0x212c190 .part L_0x212e320, 0, 1;
L_0x212c620 .concat8 [ 1 1 1 0], L_0x212bb20, L_0x212c480, L_0x212d680;
L_0x212c760 .part L_0x212def0, 2, 1;
L_0x212c230 .part L_0x212e320, 2, 1;
L_0x212c8b0 .part L_0x212def0, 1, 1;
L_0x212cc60 .part L_0x212e320, 2, 1;
L_0x212cd00 .part L_0x212e320, 1, 1;
L_0x212ce70 .part L_0x212def0, 0, 1;
L_0x212cbc0 .part L_0x212e320, 2, 1;
L_0x212d2c0 .part L_0x212e320, 1, 1;
L_0x212d020 .part L_0x212e320, 0, 1;
S_0x2105040 .scope module, "win151" "gp4" 4 70, 4 10 0, S_0x206c170;
 .timescale -9 -12;
    .port_info 0 /INPUT 4 "gin";
    .port_info 1 /INPUT 4 "pin";
    .port_info 2 /INPUT 1 "cin";
    .port_info 3 /OUTPUT 1 "gout";
    .port_info 4 /OUTPUT 1 "pout";
    .port_info 5 /OUTPUT 3 "cout";
L_0x212eb60 .functor AND 1, L_0x212e9d0, L_0x212eac0, C4<1>, C4<1>;
L_0x212ec70 .functor OR 1, L_0x212e930, L_0x212eb60, C4<0>, C4<0>;
L_0x212ef10 .functor AND 1, L_0x212ed80, L_0x212ee20, C4<1>, C4<1>;
L_0x212f0c0 .functor AND 1, L_0x212ef10, L_0x212f020, C4<1>, C4<1>;
L_0x212f1d0 .functor OR 1, L_0x212ec70, L_0x212f0c0, C4<0>, C4<0>;
L_0x212f470 .functor AND 1, L_0x212f2e0, L_0x212f380, C4<1>, C4<1>;
L_0x212f580 .functor AND 1, L_0x212f470, L_0x212f4e0, C4<1>, C4<1>;
L_0x212f730 .functor AND 1, L_0x212f580, L_0x212f690, C4<1>, C4<1>;
L_0x212f840 .functor OR 1, L_0x212f1d0, L_0x212f730, C4<0>, C4<0>;
L_0x212fc40 .functor AND 1, L_0x2132780, L_0x212fba0, C4<1>, C4<1>;
L_0x212fd00 .functor OR 1, L_0x212fa90, L_0x212fc40, C4<0>, C4<0>;
L_0x212fb30 .functor AND 1, L_0x212fe60, L_0x212ff00, C4<1>, C4<1>;
L_0x2130140 .functor OR 1, L_0x212fdc0, L_0x212fb30, C4<0>, C4<0>;
L_0x2130430 .functor AND 1, L_0x2130250, L_0x21302f0, C4<1>, C4<1>;
L_0x21300d0 .functor AND 1, L_0x2130430, L_0x2132780, C4<1>, C4<1>;
L_0x21305e0 .functor OR 1, L_0x2130140, L_0x21300d0, C4<0>, C4<0>;
L_0x2130a70 .functor AND 1, L_0x2130390, L_0x2130b20, C4<1>, C4<1>;
L_0x2130d20 .functor OR 1, L_0x21308c0, L_0x2130a70, C4<0>, C4<0>;
L_0x2130bc0 .functor AND 1, L_0x2130ed0, L_0x2130f70, C4<1>, C4<1>;
L_0x21311d0 .functor AND 1, L_0x2130bc0, L_0x2131130, C4<1>, C4<1>;
L_0x2131390 .functor OR 1, L_0x2130d20, L_0x21311d0, C4<0>, C4<0>;
L_0x2131830 .functor AND 1, L_0x2130e30, L_0x2131580, C4<1>, C4<1>;
L_0x2131af0 .functor AND 1, L_0x2131830, L_0x21312e0, C4<1>, C4<1>;
L_0x2131c00 .functor AND 1, L_0x2131af0, L_0x2132780, C4<1>, C4<1>;
L_0x2131940 .functor OR 1, L_0x2131390, L_0x2131c00, C4<0>, C4<0>;
v0x2105270_0 .net *"_ivl_1", 0 0, L_0x212e930;  1 drivers
v0x2105370_0 .net *"_ivl_100", 0 0, L_0x2131580;  1 drivers
v0x2105450_0 .net *"_ivl_101", 0 0, L_0x2131830;  1 drivers
v0x2105510_0 .net *"_ivl_104", 0 0, L_0x21312e0;  1 drivers
v0x21055f0_0 .net *"_ivl_105", 0 0, L_0x2131af0;  1 drivers
v0x2105720_0 .net *"_ivl_107", 0 0, L_0x2131c00;  1 drivers
v0x2105800_0 .net *"_ivl_109", 0 0, L_0x2131940;  1 drivers
v0x21058e0_0 .net *"_ivl_11", 0 0, L_0x212ed80;  1 drivers
v0x21059c0_0 .net *"_ivl_13", 0 0, L_0x212ee20;  1 drivers
v0x2105aa0_0 .net *"_ivl_14", 0 0, L_0x212ef10;  1 drivers
v0x2105b80_0 .net *"_ivl_17", 0 0, L_0x212f020;  1 drivers
v0x2105c60_0 .net *"_ivl_18", 0 0, L_0x212f0c0;  1 drivers
v0x2105d40_0 .net *"_ivl_20", 0 0, L_0x212f1d0;  1 drivers
v0x2105e20_0 .net *"_ivl_23", 0 0, L_0x212f2e0;  1 drivers
v0x2105f00_0 .net *"_ivl_25", 0 0, L_0x212f380;  1 drivers
v0x2105fe0_0 .net *"_ivl_26", 0 0, L_0x212f470;  1 drivers
v0x21060c0_0 .net *"_ivl_29", 0 0, L_0x212f4e0;  1 drivers
v0x21061a0_0 .net *"_ivl_3", 0 0, L_0x212e9d0;  1 drivers
v0x2106280_0 .net *"_ivl_30", 0 0, L_0x212f580;  1 drivers
v0x2106360_0 .net *"_ivl_33", 0 0, L_0x212f690;  1 drivers
v0x2106440_0 .net *"_ivl_34", 0 0, L_0x212f730;  1 drivers
v0x2106520_0 .net *"_ivl_43", 0 0, L_0x212fa90;  1 drivers
v0x2106600_0 .net *"_ivl_45", 0 0, L_0x212fba0;  1 drivers
v0x21066e0_0 .net *"_ivl_46", 0 0, L_0x212fc40;  1 drivers
v0x21067c0_0 .net *"_ivl_48", 0 0, L_0x212fd00;  1 drivers
v0x21068a0_0 .net *"_ivl_5", 0 0, L_0x212eac0;  1 drivers
v0x2106980_0 .net *"_ivl_53", 0 0, L_0x212fdc0;  1 drivers
v0x2106a60_0 .net *"_ivl_55", 0 0, L_0x212fe60;  1 drivers
v0x2106b40_0 .net *"_ivl_57", 0 0, L_0x212ff00;  1 drivers
v0x2106c20_0 .net *"_ivl_58", 0 0, L_0x212fb30;  1 drivers
v0x2106d00_0 .net *"_ivl_6", 0 0, L_0x212eb60;  1 drivers
v0x2106de0_0 .net *"_ivl_60", 0 0, L_0x2130140;  1 drivers
v0x2106ec0_0 .net *"_ivl_63", 0 0, L_0x2130250;  1 drivers
v0x21071b0_0 .net *"_ivl_65", 0 0, L_0x21302f0;  1 drivers
v0x2107290_0 .net *"_ivl_66", 0 0, L_0x2130430;  1 drivers
v0x2107370_0 .net *"_ivl_68", 0 0, L_0x21300d0;  1 drivers
v0x2107450_0 .net *"_ivl_70", 0 0, L_0x21305e0;  1 drivers
v0x2107530_0 .net *"_ivl_76", 0 0, L_0x21308c0;  1 drivers
v0x2107610_0 .net *"_ivl_78", 0 0, L_0x2130390;  1 drivers
v0x21076f0_0 .net *"_ivl_8", 0 0, L_0x212ec70;  1 drivers
v0x21077d0_0 .net *"_ivl_80", 0 0, L_0x2130b20;  1 drivers
v0x21078b0_0 .net *"_ivl_81", 0 0, L_0x2130a70;  1 drivers
v0x2107990_0 .net *"_ivl_83", 0 0, L_0x2130d20;  1 drivers
v0x2107a70_0 .net *"_ivl_86", 0 0, L_0x2130ed0;  1 drivers
v0x2107b50_0 .net *"_ivl_88", 0 0, L_0x2130f70;  1 drivers
v0x2107c30_0 .net *"_ivl_89", 0 0, L_0x2130bc0;  1 drivers
v0x2107d10_0 .net *"_ivl_92", 0 0, L_0x2131130;  1 drivers
v0x2107df0_0 .net *"_ivl_93", 0 0, L_0x21311d0;  1 drivers
v0x2107ed0_0 .net *"_ivl_95", 0 0, L_0x2131390;  1 drivers
v0x2107fb0_0 .net *"_ivl_98", 0 0, L_0x2130e30;  1 drivers
v0x2108090_0 .net "cin", 0 0, L_0x2132780;  1 drivers
v0x2108150_0 .net "cout", 2 0, L_0x2130780;  1 drivers
v0x2108230_0 .net "gin", 3 0, L_0x21321e0;  1 drivers
v0x2108310_0 .net "gout", 0 0, L_0x212f840;  alias, 1 drivers
v0x21083d0_0 .net "pin", 3 0, L_0x2132690;  1 drivers
v0x21084b0_0 .net "pout", 0 0, L_0x212f9a0;  alias, 1 drivers
L_0x212e930 .part L_0x21321e0, 3, 1;
L_0x212e9d0 .part L_0x21321e0, 2, 1;
L_0x212eac0 .part L_0x2132690, 3, 1;
L_0x212ed80 .part L_0x21321e0, 1, 1;
L_0x212ee20 .part L_0x2132690, 3, 1;
L_0x212f020 .part L_0x2132690, 2, 1;
L_0x212f2e0 .part L_0x21321e0, 0, 1;
L_0x212f380 .part L_0x2132690, 3, 1;
L_0x212f4e0 .part L_0x2132690, 2, 1;
L_0x212f690 .part L_0x2132690, 1, 1;
L_0x212f9a0 .reduce/and L_0x2132690;
L_0x212fa90 .part L_0x21321e0, 0, 1;
L_0x212fba0 .part L_0x2132690, 0, 1;
L_0x212fdc0 .part L_0x21321e0, 1, 1;
L_0x212fe60 .part L_0x2132690, 1, 1;
L_0x212ff00 .part L_0x21321e0, 0, 1;
L_0x2130250 .part L_0x2132690, 1, 1;
L_0x21302f0 .part L_0x2132690, 0, 1;
L_0x2130780 .concat8 [ 1 1 1 0], L_0x212fd00, L_0x21305e0, L_0x2131940;
L_0x21308c0 .part L_0x21321e0, 2, 1;
L_0x2130390 .part L_0x2132690, 2, 1;
L_0x2130b20 .part L_0x21321e0, 1, 1;
L_0x2130ed0 .part L_0x2132690, 2, 1;
L_0x2130f70 .part L_0x2132690, 1, 1;
L_0x2131130 .part L_0x21321e0, 0, 1;
L_0x2130e30 .part L_0x2132690, 2, 1;
L_0x2131580 .part L_0x2132690, 1, 1;
L_0x21312e0 .part L_0x2132690, 0, 1;
S_0x2108630 .scope module, "win74" "gp4" 4 52, 4 10 0, S_0x206c170;
 .timescale -9 -12;
    .port_info 0 /INPUT 4 "gin";
    .port_info 1 /INPUT 4 "pin";
    .port_info 2 /INPUT 1 "cin";
    .port_info 3 /OUTPUT 1 "gout";
    .port_info 4 /OUTPUT 1 "pout";
    .port_info 5 /OUTPUT 3 "cout";
L_0x2126590 .functor AND 1, L_0x2126400, L_0x21264f0, C4<1>, C4<1>;
L_0x21266a0 .functor OR 1, L_0x2126360, L_0x2126590, C4<0>, C4<0>;
L_0x2126940 .functor AND 1, L_0x21267b0, L_0x2126850, C4<1>, C4<1>;
L_0x2126b30 .functor AND 1, L_0x2126940, L_0x2126a50, C4<1>, C4<1>;
L_0x2126c40 .functor OR 1, L_0x21266a0, L_0x2126b30, C4<0>, C4<0>;
L_0x2126ee0 .functor AND 1, L_0x2126d50, L_0x2126df0, C4<1>, C4<1>;
L_0x2127030 .functor AND 1, L_0x2126ee0, L_0x2126f90, C4<1>, C4<1>;
L_0x2127240 .functor AND 1, L_0x2127030, L_0x2127140, C4<1>, C4<1>;
L_0x2127350 .functor OR 1, L_0x2126c40, L_0x2127240, C4<0>, C4<0>;
L_0x2127750 .functor AND 1, L_0x212a1b0, L_0x21276b0, C4<1>, C4<1>;
L_0x2127870 .functor OR 1, L_0x21275a0, L_0x2127750, C4<0>, C4<0>;
L_0x2127640 .functor AND 1, L_0x2127a50, L_0x2127af0, C4<1>, C4<1>;
L_0x2127d30 .functor OR 1, L_0x2127930, L_0x2127640, C4<0>, C4<0>;
L_0x2128020 .functor AND 1, L_0x2127e40, L_0x2127ee0, C4<1>, C4<1>;
L_0x2127cc0 .functor AND 1, L_0x2128020, L_0x212a1b0, C4<1>, C4<1>;
L_0x2128250 .functor OR 1, L_0x2127d30, L_0x2127cc0, C4<0>, C4<0>;
L_0x21288f0 .functor AND 1, L_0x2127f80, L_0x2128790, C4<1>, C4<1>;
L_0x2128a00 .functor OR 1, L_0x2128530, L_0x21288f0, C4<0>, C4<0>;
L_0x2128dc0 .functor AND 1, L_0x2128bb0, L_0x2128c50, C4<1>, C4<1>;
L_0x2128f70 .functor AND 1, L_0x2128dc0, L_0x2128ed0, C4<1>, C4<1>;
L_0x2129090 .functor OR 1, L_0x2128a00, L_0x2128f70, C4<0>, C4<0>;
L_0x2129320 .functor AND 1, L_0x2128b10, L_0x2129280, C4<1>, C4<1>;
L_0x21295e0 .functor AND 1, L_0x2129320, L_0x2128fe0, C4<1>, C4<1>;
L_0x21296f0 .functor AND 1, L_0x21295e0, L_0x212a1b0, C4<1>, C4<1>;
L_0x2129430 .functor OR 1, L_0x2129090, L_0x21296f0, C4<0>, C4<0>;
v0x2108860_0 .net *"_ivl_1", 0 0, L_0x2126360;  1 drivers
v0x2108960_0 .net *"_ivl_100", 0 0, L_0x2129280;  1 drivers
v0x2108a40_0 .net *"_ivl_101", 0 0, L_0x2129320;  1 drivers
v0x2108b00_0 .net *"_ivl_104", 0 0, L_0x2128fe0;  1 drivers
v0x2108be0_0 .net *"_ivl_105", 0 0, L_0x21295e0;  1 drivers
v0x2108d10_0 .net *"_ivl_107", 0 0, L_0x21296f0;  1 drivers
v0x2108df0_0 .net *"_ivl_109", 0 0, L_0x2129430;  1 drivers
v0x2108ed0_0 .net *"_ivl_11", 0 0, L_0x21267b0;  1 drivers
v0x2108fb0_0 .net *"_ivl_13", 0 0, L_0x2126850;  1 drivers
v0x2109090_0 .net *"_ivl_14", 0 0, L_0x2126940;  1 drivers
v0x2109170_0 .net *"_ivl_17", 0 0, L_0x2126a50;  1 drivers
v0x2109250_0 .net *"_ivl_18", 0 0, L_0x2126b30;  1 drivers
v0x2109330_0 .net *"_ivl_20", 0 0, L_0x2126c40;  1 drivers
v0x2109410_0 .net *"_ivl_23", 0 0, L_0x2126d50;  1 drivers
v0x21094f0_0 .net *"_ivl_25", 0 0, L_0x2126df0;  1 drivers
v0x21095d0_0 .net *"_ivl_26", 0 0, L_0x2126ee0;  1 drivers
v0x21096b0_0 .net *"_ivl_29", 0 0, L_0x2126f90;  1 drivers
v0x2109790_0 .net *"_ivl_3", 0 0, L_0x2126400;  1 drivers
v0x2109870_0 .net *"_ivl_30", 0 0, L_0x2127030;  1 drivers
v0x2109950_0 .net *"_ivl_33", 0 0, L_0x2127140;  1 drivers
v0x2109a30_0 .net *"_ivl_34", 0 0, L_0x2127240;  1 drivers
v0x2109b10_0 .net *"_ivl_43", 0 0, L_0x21275a0;  1 drivers
v0x2109bf0_0 .net *"_ivl_45", 0 0, L_0x21276b0;  1 drivers
v0x2109cd0_0 .net *"_ivl_46", 0 0, L_0x2127750;  1 drivers
v0x2109db0_0 .net *"_ivl_48", 0 0, L_0x2127870;  1 drivers
v0x2109e90_0 .net *"_ivl_5", 0 0, L_0x21264f0;  1 drivers
v0x2109f70_0 .net *"_ivl_53", 0 0, L_0x2127930;  1 drivers
v0x210a050_0 .net *"_ivl_55", 0 0, L_0x2127a50;  1 drivers
v0x210a130_0 .net *"_ivl_57", 0 0, L_0x2127af0;  1 drivers
v0x210a210_0 .net *"_ivl_58", 0 0, L_0x2127640;  1 drivers
v0x210a2f0_0 .net *"_ivl_6", 0 0, L_0x2126590;  1 drivers
v0x210a3d0_0 .net *"_ivl_60", 0 0, L_0x2127d30;  1 drivers
v0x210a4b0_0 .net *"_ivl_63", 0 0, L_0x2127e40;  1 drivers
v0x210a7a0_0 .net *"_ivl_65", 0 0, L_0x2127ee0;  1 drivers
v0x210a880_0 .net *"_ivl_66", 0 0, L_0x2128020;  1 drivers
v0x210a960_0 .net *"_ivl_68", 0 0, L_0x2127cc0;  1 drivers
v0x210aa40_0 .net *"_ivl_70", 0 0, L_0x2128250;  1 drivers
v0x210ab20_0 .net *"_ivl_76", 0 0, L_0x2128530;  1 drivers
v0x210ac00_0 .net *"_ivl_78", 0 0, L_0x2127f80;  1 drivers
v0x210ace0_0 .net *"_ivl_8", 0 0, L_0x21266a0;  1 drivers
v0x210adc0_0 .net *"_ivl_80", 0 0, L_0x2128790;  1 drivers
v0x210aea0_0 .net *"_ivl_81", 0 0, L_0x21288f0;  1 drivers
v0x210af80_0 .net *"_ivl_83", 0 0, L_0x2128a00;  1 drivers
v0x210b060_0 .net *"_ivl_86", 0 0, L_0x2128bb0;  1 drivers
v0x210b140_0 .net *"_ivl_88", 0 0, L_0x2128c50;  1 drivers
v0x210b220_0 .net *"_ivl_89", 0 0, L_0x2128dc0;  1 drivers
v0x210b300_0 .net *"_ivl_92", 0 0, L_0x2128ed0;  1 drivers
v0x210b3e0_0 .net *"_ivl_93", 0 0, L_0x2128f70;  1 drivers
v0x210b4c0_0 .net *"_ivl_95", 0 0, L_0x2129090;  1 drivers
v0x210b5a0_0 .net *"_ivl_98", 0 0, L_0x2128b10;  1 drivers
v0x210b680_0 .net "cin", 0 0, L_0x212a1b0;  1 drivers
v0x210b740_0 .net "cout", 2 0, L_0x21283f0;  1 drivers
v0x210b820_0 .net "gin", 3 0, L_0x2129c70;  1 drivers
v0x210b900_0 .net "gout", 0 0, L_0x2127350;  alias, 1 drivers
v0x210b9c0_0 .net "pin", 3 0, L_0x212a0c0;  1 drivers
v0x210baa0_0 .net "pout", 0 0, L_0x21274b0;  alias, 1 drivers
L_0x2126360 .part L_0x2129c70, 3, 1;
L_0x2126400 .part L_0x2129c70, 2, 1;
L_0x21264f0 .part L_0x212a0c0, 3, 1;
L_0x21267b0 .part L_0x2129c70, 1, 1;
L_0x2126850 .part L_0x212a0c0, 3, 1;
L_0x2126a50 .part L_0x212a0c0, 2, 1;
L_0x2126d50 .part L_0x2129c70, 0, 1;
L_0x2126df0 .part L_0x212a0c0, 3, 1;
L_0x2126f90 .part L_0x212a0c0, 2, 1;
L_0x2127140 .part L_0x212a0c0, 1, 1;
L_0x21274b0 .reduce/and L_0x212a0c0;
L_0x21275a0 .part L_0x2129c70, 0, 1;
L_0x21276b0 .part L_0x212a0c0, 0, 1;
L_0x2127930 .part L_0x2129c70, 1, 1;
L_0x2127a50 .part L_0x212a0c0, 1, 1;
L_0x2127af0 .part L_0x2129c70, 0, 1;
L_0x2127e40 .part L_0x212a0c0, 1, 1;
L_0x2127ee0 .part L_0x212a0c0, 0, 1;
L_0x21283f0 .concat8 [ 1 1 1 0], L_0x2127870, L_0x2128250, L_0x2129430;
L_0x2128530 .part L_0x2129c70, 2, 1;
L_0x2127f80 .part L_0x212a0c0, 2, 1;
L_0x2128790 .part L_0x2129c70, 1, 1;
L_0x2128bb0 .part L_0x212a0c0, 2, 1;
L_0x2128c50 .part L_0x212a0c0, 1, 1;
L_0x2128ed0 .part L_0x2129c70, 0, 1;
L_0x2128b10 .part L_0x212a0c0, 2, 1;
L_0x2129280 .part L_0x212a0c0, 1, 1;
L_0x2128fe0 .part L_0x212a0c0, 0, 1;
S_0x210de40 .scope module, "gp" "gp4" 2 40, 4 10 0, S_0x20468f0;
 .timescale -9 -12;
    .port_info 0 /INPUT 4 "gin";
    .port_info 1 /INPUT 4 "pin";
    .port_info 2 /INPUT 1 "cin";
    .port_info 3 /OUTPUT 1 "gout";
    .port_info 4 /OUTPUT 1 "pout";
    .port_info 5 /OUTPUT 3 "cout";
L_0x21134a0 .functor AND 1, L_0x21132e0, L_0x2113380, C4<1>, C4<1>;
L_0x21135b0 .functor OR 1, L_0x2113210, L_0x21134a0, C4<0>, C4<0>;
L_0x2113830 .functor AND 1, L_0x21136c0, L_0x2113790, C4<1>, C4<1>;
L_0x2113a60 .functor AND 1, L_0x2113830, L_0x21138f0, C4<1>, C4<1>;
L_0x2113b50 .functor OR 1, L_0x21135b0, L_0x2113a60, C4<0>, C4<0>;
L_0x2113df0 .functor AND 1, L_0x2113c60, L_0x2113d00, C4<1>, C4<1>;
L_0x2113fe0 .functor AND 1, L_0x2113df0, L_0x2113f40, C4<1>, C4<1>;
L_0x21141f0 .functor AND 1, L_0x2113fe0, L_0x21140f0, C4<1>, C4<1>;
L_0x2114300 .functor OR 1, L_0x2113b50, L_0x21141f0, C4<0>, C4<0>;
L_0x2114700 .functor AND 1, v0x2112280_0, L_0x2114660, C4<1>, C4<1>;
L_0x21147d0 .functor OR 1, L_0x2114550, L_0x2114700, C4<0>, C4<0>;
L_0x21145f0 .functor AND 1, L_0x21149b0, L_0x2114a50, C4<1>, C4<1>;
L_0x2114da0 .functor OR 1, L_0x2114890, L_0x21145f0, C4<0>, C4<0>;
L_0x2115090 .functor AND 1, L_0x2114eb0, L_0x2114f50, C4<1>, C4<1>;
L_0x2114d30 .functor AND 1, L_0x2115090, v0x2112280_0, C4<1>, C4<1>;
L_0x2115270 .functor OR 1, L_0x2114da0, L_0x2114d30, C4<0>, C4<0>;
L_0x2115850 .functor AND 1, L_0x2114ff0, L_0x21156f0, C4<1>, C4<1>;
L_0x2115960 .functor OR 1, L_0x21155a0, L_0x2115850, C4<0>, C4<0>;
L_0x2115d20 .functor AND 1, L_0x2115b10, L_0x2115bb0, C4<1>, C4<1>;
L_0x2115ed0 .functor AND 1, L_0x2115d20, L_0x2115e30, C4<1>, C4<1>;
L_0x2116090 .functor OR 1, L_0x2115960, L_0x2115ed0, C4<0>, C4<0>;
L_0x2116530 .functor AND 1, L_0x2115a70, L_0x2116490, C4<1>, C4<1>;
L_0x2116890 .functor AND 1, L_0x2116530, L_0x2116700, C4<1>, C4<1>;
L_0x21169a0 .functor AND 1, L_0x2116890, v0x2112280_0, C4<1>, C4<1>;
L_0x2116b30 .functor OR 1, L_0x2116090, L_0x21169a0, C4<0>, C4<0>;
v0x210e070_0 .net *"_ivl_1", 0 0, L_0x2113210;  1 drivers
v0x210e150_0 .net *"_ivl_100", 0 0, L_0x2116490;  1 drivers
v0x210e230_0 .net *"_ivl_101", 0 0, L_0x2116530;  1 drivers
v0x210e320_0 .net *"_ivl_104", 0 0, L_0x2116700;  1 drivers
v0x210e400_0 .net *"_ivl_105", 0 0, L_0x2116890;  1 drivers
v0x210e530_0 .net *"_ivl_107", 0 0, L_0x21169a0;  1 drivers
v0x210e610_0 .net *"_ivl_109", 0 0, L_0x2116b30;  1 drivers
v0x210e6f0_0 .net *"_ivl_11", 0 0, L_0x21136c0;  1 drivers
v0x210e7d0_0 .net *"_ivl_13", 0 0, L_0x2113790;  1 drivers
v0x210e8b0_0 .net *"_ivl_14", 0 0, L_0x2113830;  1 drivers
v0x210e990_0 .net *"_ivl_17", 0 0, L_0x21138f0;  1 drivers
v0x210ea70_0 .net *"_ivl_18", 0 0, L_0x2113a60;  1 drivers
v0x210eb50_0 .net *"_ivl_20", 0 0, L_0x2113b50;  1 drivers
v0x210ec30_0 .net *"_ivl_23", 0 0, L_0x2113c60;  1 drivers
v0x210ed10_0 .net *"_ivl_25", 0 0, L_0x2113d00;  1 drivers
v0x210edf0_0 .net *"_ivl_26", 0 0, L_0x2113df0;  1 drivers
v0x210eed0_0 .net *"_ivl_29", 0 0, L_0x2113f40;  1 drivers
v0x210efb0_0 .net *"_ivl_3", 0 0, L_0x21132e0;  1 drivers
v0x210f090_0 .net *"_ivl_30", 0 0, L_0x2113fe0;  1 drivers
v0x210f170_0 .net *"_ivl_33", 0 0, L_0x21140f0;  1 drivers
v0x210f250_0 .net *"_ivl_34", 0 0, L_0x21141f0;  1 drivers
v0x210f330_0 .net *"_ivl_43", 0 0, L_0x2114550;  1 drivers
v0x210f410_0 .net *"_ivl_45", 0 0, L_0x2114660;  1 drivers
v0x210f4f0_0 .net *"_ivl_46", 0 0, L_0x2114700;  1 drivers
v0x210f5d0_0 .net *"_ivl_48", 0 0, L_0x21147d0;  1 drivers
v0x210f6b0_0 .net *"_ivl_5", 0 0, L_0x2113380;  1 drivers
v0x210f790_0 .net *"_ivl_53", 0 0, L_0x2114890;  1 drivers
v0x210f870_0 .net *"_ivl_55", 0 0, L_0x21149b0;  1 drivers
v0x210f950_0 .net *"_ivl_57", 0 0, L_0x2114a50;  1 drivers
v0x210fa30_0 .net *"_ivl_58", 0 0, L_0x21145f0;  1 drivers
v0x210fb10_0 .net *"_ivl_6", 0 0, L_0x21134a0;  1 drivers
v0x210fbf0_0 .net *"_ivl_60", 0 0, L_0x2114da0;  1 drivers
v0x210fcd0_0 .net *"_ivl_63", 0 0, L_0x2114eb0;  1 drivers
v0x210ffc0_0 .net *"_ivl_65", 0 0, L_0x2114f50;  1 drivers
v0x21100a0_0 .net *"_ivl_66", 0 0, L_0x2115090;  1 drivers
v0x2110180_0 .net *"_ivl_68", 0 0, L_0x2114d30;  1 drivers
v0x2110260_0 .net *"_ivl_70", 0 0, L_0x2115270;  1 drivers
v0x2110340_0 .net *"_ivl_76", 0 0, L_0x21155a0;  1 drivers
v0x2110420_0 .net *"_ivl_78", 0 0, L_0x2114ff0;  1 drivers
v0x2110500_0 .net *"_ivl_8", 0 0, L_0x21135b0;  1 drivers
v0x21105e0_0 .net *"_ivl_80", 0 0, L_0x21156f0;  1 drivers
v0x21106c0_0 .net *"_ivl_81", 0 0, L_0x2115850;  1 drivers
v0x21107a0_0 .net *"_ivl_83", 0 0, L_0x2115960;  1 drivers
v0x2110880_0 .net *"_ivl_86", 0 0, L_0x2115b10;  1 drivers
v0x2110960_0 .net *"_ivl_88", 0 0, L_0x2115bb0;  1 drivers
v0x2110a40_0 .net *"_ivl_89", 0 0, L_0x2115d20;  1 drivers
v0x2110b20_0 .net *"_ivl_92", 0 0, L_0x2115e30;  1 drivers
v0x2110c00_0 .net *"_ivl_93", 0 0, L_0x2115ed0;  1 drivers
v0x2110ce0_0 .net *"_ivl_95", 0 0, L_0x2116090;  1 drivers
v0x2110dc0_0 .net *"_ivl_98", 0 0, L_0x2115a70;  1 drivers
v0x2110ea0_0 .net "cin", 0 0, v0x2112280_0;  alias, 1 drivers
v0x2110f40_0 .net "cout", 2 0, L_0x2115410;  alias, 1 drivers
v0x2111020_0 .net "gin", 3 0, v0x21128c0_0;  1 drivers
v0x2111100_0 .net "gout", 0 0, L_0x2114300;  alias, 1 drivers
v0x21111c0_0 .net "pin", 3 0, v0x2112de0_0;  1 drivers
v0x21112a0_0 .net "pout", 0 0, L_0x2114460;  alias, 1 drivers
L_0x2113210 .part v0x21128c0_0, 3, 1;
L_0x21132e0 .part v0x21128c0_0, 2, 1;
L_0x2113380 .part v0x2112de0_0, 3, 1;
L_0x21136c0 .part v0x21128c0_0, 1, 1;
L_0x2113790 .part v0x2112de0_0, 3, 1;
L_0x21138f0 .part v0x2112de0_0, 2, 1;
L_0x2113c60 .part v0x21128c0_0, 0, 1;
L_0x2113d00 .part v0x2112de0_0, 3, 1;
L_0x2113f40 .part v0x2112de0_0, 2, 1;
L_0x21140f0 .part v0x2112de0_0, 1, 1;
L_0x2114460 .reduce/and v0x2112de0_0;
L_0x2114550 .part v0x21128c0_0, 0, 1;
L_0x2114660 .part v0x2112de0_0, 0, 1;
L_0x2114890 .part v0x21128c0_0, 1, 1;
L_0x21149b0 .part v0x2112de0_0, 1, 1;
L_0x2114a50 .part v0x21128c0_0, 0, 1;
L_0x2114eb0 .part v0x2112de0_0, 1, 1;
L_0x2114f50 .part v0x2112de0_0, 0, 1;
L_0x2115410 .concat8 [ 1 1 1 0], L_0x21147d0, L_0x2115270, L_0x2116b30;
L_0x21155a0 .part v0x21128c0_0, 2, 1;
L_0x2114ff0 .part v0x2112de0_0, 2, 1;
L_0x21156f0 .part v0x21128c0_0, 1, 1;
L_0x2115b10 .part v0x2112de0_0, 2, 1;
L_0x2115bb0 .part v0x2112de0_0, 1, 1;
L_0x2115e30 .part v0x21128c0_0, 0, 1;
L_0x2115a70 .part v0x2112de0_0, 2, 1;
L_0x2116490 .part v0x2112de0_0, 1, 1;
L_0x2116700 .part v0x2112de0_0, 0, 1;
S_0x2111460 .scope task, "pinstr" "pinstr" 5 1, 5 1 0, S_0x20468f0;
 .timescale -9 -12;
v0x2111640_0 .var "insn", 15 0;
v0x2111740_0 .var "op", 4 0;
TD_test_alu.pinstr ;
    %load/vec4 v0x2111640_0;
    %parti/s 4, 12, 5;
    %pad/u 5;
    %store/vec4 v0x2111740_0, 0, 5;
    %load/vec4 v0x2111740_0;
    %pad/u 32;
    %cmpi/e 0, 0, 32;
    %jmp/0xz  T_0.0, 4;
    %load/vec4 v0x2111640_0;
    %parti/s 3, 9, 5;
    %pad/u 32;
    %cmpi/e 0, 0, 32;
    %jmp/0xz  T_0.2, 4;
    %vpi_call 5 11 "$write", "NOP" {0 0 0};
    %jmp T_0.3;
T_0.2 ;
    %load/vec4 v0x2111640_0;
    %parti/s 3, 9, 5;
    %pad/u 32;
    %cmpi/e 4, 0, 32;
    %jmp/0xz  T_0.4, 4;
    %vpi_call 5 12 "$write", "BRn %b", &PV<v0x2111640_0, 0, 9> {0 0 0};
    %jmp T_0.5;
T_0.4 ;
    %load/vec4 v0x2111640_0;
    %parti/s 3, 9, 5;
    %pad/u 32;
    %cmpi/e 6, 0, 32;
    %jmp/0xz  T_0.6, 4;
    %vpi_call 5 13 "$write", "BRnz %b", &PV<v0x2111640_0, 0, 9> {0 0 0};
    %jmp T_0.7;
T_0.6 ;
    %load/vec4 v0x2111640_0;
    %parti/s 3, 9, 5;
    %pad/u 32;
    %cmpi/e 5, 0, 32;
    %jmp/0xz  T_0.8, 4;
    %vpi_call 5 14 "$write", "BRnp %b", &PV<v0x2111640_0, 0, 9> {0 0 0};
    %jmp T_0.9;
T_0.8 ;
    %load/vec4 v0x2111640_0;
    %parti/s 3, 9, 5;
    %pad/u 32;
    %cmpi/e 2, 0, 32;
    %jmp/0xz  T_0.10, 4;
    %vpi_call 5 15 "$write", "BRz %b", &PV<v0x2111640_0, 0, 9> {0 0 0};
    %jmp T_0.11;
T_0.10 ;
    %load/vec4 v0x2111640_0;
    %parti/s 3, 9, 5;
    %pad/u 32;
    %cmpi/e 3, 0, 32;
    %jmp/0xz  T_0.12, 4;
    %vpi_call 5 16 "$write", "BRzp %b", &PV<v0x2111640_0, 0, 9> {0 0 0};
    %jmp T_0.13;
T_0.12 ;
    %load/vec4 v0x2111640_0;
    %parti/s 3, 9, 5;
    %pad/u 32;
    %cmpi/e 1, 0, 32;
    %jmp/0xz  T_0.14, 4;
    %vpi_call 5 17 "$write", "BRp %b", &PV<v0x2111640_0, 0, 9> {0 0 0};
    %jmp T_0.15;
T_0.14 ;
    %load/vec4 v0x2111640_0;
    %parti/s 3, 9, 5;
    %pad/u 32;
    %cmpi/e 7, 0, 32;
    %jmp/0xz  T_0.16, 4;
    %vpi_call 5 18 "$write", "BRnzp %b", &PV<v0x2111640_0, 0, 9> {0 0 0};
    %jmp T_0.17;
T_0.16 ;
    %vpi_call 5 19 "$write", "???" {0 0 0};
T_0.17 ;
T_0.15 ;
T_0.13 ;
T_0.11 ;
T_0.9 ;
T_0.7 ;
T_0.5 ;
T_0.3 ;
    %jmp T_0.1;
T_0.0 ;
    %load/vec4 v0x2111740_0;
    %pad/u 32;
    %cmpi/e 1, 0, 32;
    %jmp/0xz  T_0.18, 4;
    %load/vec4 v0x2111640_0;
    %parti/s 3, 3, 3;
    %pad/u 32;
    %cmpi/e 0, 0, 32;
    %jmp/0xz  T_0.20, 4;
    %vpi_call 5 24 "$write", "ADD R%d R%d R%d", &PV<v0x2111640_0, 9, 3>, &PV<v0x2111640_0, 6, 3>, &PV<v0x2111640_0, 0, 3> {0 0 0};
    %jmp T_0.21;
T_0.20 ;
    %load/vec4 v0x2111640_0;
    %parti/s 3, 3, 3;
    %pad/u 32;
    %cmpi/e 1, 0, 32;
    %jmp/0xz  T_0.22, 4;
    %vpi_call 5 25 "$write", "MUL R%d R%d R%d", &PV<v0x2111640_0, 9, 3>, &PV<v0x2111640_0, 6, 3>, &PV<v0x2111640_0, 0, 3> {0 0 0};
    %jmp T_0.23;
T_0.22 ;
    %load/vec4 v0x2111640_0;
    %parti/s 3, 3, 3;
    %pad/u 32;
    %cmpi/e 2, 0, 32;
    %jmp/0xz  T_0.24, 4;
    %vpi_call 5 26 "$write", "SUB R%d R%d R%d", &PV<v0x2111640_0, 9, 3>, &PV<v0x2111640_0, 6, 3>, &PV<v0x2111640_0, 0, 3> {0 0 0};
    %jmp T_0.25;
T_0.24 ;
    %load/vec4 v0x2111640_0;
    %parti/s 3, 3, 3;
    %pad/u 32;
    %cmpi/e 3, 0, 32;
    %jmp/0xz  T_0.26, 4;
    %vpi_call 5 27 "$write", "DIV R%d R%d R%d", &PV<v0x2111640_0, 9, 3>, &PV<v0x2111640_0, 6, 3>, &PV<v0x2111640_0, 0, 3> {0 0 0};
    %jmp T_0.27;
T_0.26 ;
    %vpi_call 5 28 "$write", "ADDI R%d R%d SEXT(%b)", &PV<v0x2111640_0, 9, 3>, &PV<v0x2111640_0, 6, 3>, &PV<v0x2111640_0, 0, 5> {0 0 0};
T_0.27 ;
T_0.25 ;
T_0.23 ;
T_0.21 ;
    %jmp T_0.19;
T_0.18 ;
    %load/vec4 v0x2111740_0;
    %pad/u 32;
    %cmpi/e 2, 0, 32;
    %jmp/0xz  T_0.28, 4;
    %load/vec4 v0x2111640_0;
    %parti/s 2, 7, 4;
    %pad/u 32;
    %cmpi/e 0, 0, 32;
    %jmp/0xz  T_0.30, 4;
    %vpi_call 5 33 "$write", "CMP R%d R%d", &PV<v0x2111640_0, 9, 3>, &PV<v0x2111640_0, 0, 3> {0 0 0};
    %jmp T_0.31;
T_0.30 ;
    %load/vec4 v0x2111640_0;
    %parti/s 2, 7, 4;
    %pad/u 32;
    %cmpi/e 1, 0, 32;
    %jmp/0xz  T_0.32, 4;
    %vpi_call 5 34 "$write", "CMPU R%d R%d", &PV<v0x2111640_0, 9, 3>, &PV<v0x2111640_0, 0, 3> {0 0 0};
    %jmp T_0.33;
T_0.32 ;
    %load/vec4 v0x2111640_0;
    %parti/s 2, 7, 4;
    %pad/u 32;
    %cmpi/e 2, 0, 32;
    %jmp/0xz  T_0.34, 4;
    %vpi_call 5 35 "$write", "CMPI R%d SEXT(%b)", &PV<v0x2111640_0, 9, 3>, &PV<v0x2111640_0, 0, 7> {0 0 0};
    %jmp T_0.35;
T_0.34 ;
    %load/vec4 v0x2111640_0;
    %parti/s 2, 7, 4;
    %pad/u 32;
    %cmpi/e 3, 0, 32;
    %jmp/0xz  T_0.36, 4;
    %vpi_call 5 36 "$write", "CMPIU R%d %b", &PV<v0x2111640_0, 9, 3>, &PV<v0x2111640_0, 0, 7> {0 0 0};
T_0.36 ;
T_0.35 ;
T_0.33 ;
T_0.31 ;
    %jmp T_0.29;
T_0.28 ;
    %load/vec4 v0x2111740_0;
    %pad/u 32;
    %cmpi/e 4, 0, 32;
    %jmp/0xz  T_0.38, 4;
    %load/vec4 v0x2111640_0;
    %parti/s 1, 11, 5;
    %pad/u 32;
    %cmpi/e 1, 0, 32;
    %jmp/0xz  T_0.40, 4;
    %vpi_call 5 41 "$write", "JSR %b", &PV<v0x2111640_0, 0, 11> {0 0 0};
    %jmp T_0.41;
T_0.40 ;
    %vpi_call 5 42 "$write", "JSRR R%d", &PV<v0x2111640_0, 6, 3> {0 0 0};
T_0.41 ;
    %jmp T_0.39;
T_0.38 ;
    %load/vec4 v0x2111740_0;
    %pad/u 32;
    %cmpi/e 5, 0, 32;
    %jmp/0xz  T_0.42, 4;
    %load/vec4 v0x2111640_0;
    %parti/s 3, 3, 3;
    %pad/u 32;
    %cmpi/e 0, 0, 32;
    %jmp/0xz  T_0.44, 4;
    %vpi_call 5 47 "$write", "AND R%d R%d R%d", &PV<v0x2111640_0, 9, 3>, &PV<v0x2111640_0, 6, 3>, &PV<v0x2111640_0, 0, 3> {0 0 0};
    %jmp T_0.45;
T_0.44 ;
    %load/vec4 v0x2111640_0;
    %parti/s 3, 3, 3;
    %pad/u 32;
    %cmpi/e 1, 0, 32;
    %jmp/0xz  T_0.46, 4;
    %vpi_call 5 48 "$write", "NOT R%d R%d", &PV<v0x2111640_0, 9, 3>, &PV<v0x2111640_0, 6, 3> {0 0 0};
    %jmp T_0.47;
T_0.46 ;
    %load/vec4 v0x2111640_0;
    %parti/s 3, 3, 3;
    %pad/u 32;
    %cmpi/e 2, 0, 32;
    %jmp/0xz  T_0.48, 4;
    %vpi_call 5 49 "$write", "OR R%d R%d R%d", &PV<v0x2111640_0, 9, 3>, &PV<v0x2111640_0, 6, 3>, &PV<v0x2111640_0, 0, 3> {0 0 0};
    %jmp T_0.49;
T_0.48 ;
    %load/vec4 v0x2111640_0;
    %parti/s 3, 3, 3;
    %pad/u 32;
    %cmpi/e 3, 0, 32;
    %jmp/0xz  T_0.50, 4;
    %vpi_call 5 50 "$write", "XOR R%d R%d R%d", &PV<v0x2111640_0, 9, 3>, &PV<v0x2111640_0, 6, 3>, &PV<v0x2111640_0, 0, 3> {0 0 0};
    %jmp T_0.51;
T_0.50 ;
    %vpi_call 5 51 "$write", "ANDI R%d R%d SEXT(%b)", &PV<v0x2111640_0, 9, 3>, &PV<v0x2111640_0, 6, 3>, &PV<v0x2111640_0, 0, 5> {0 0 0};
T_0.51 ;
T_0.49 ;
T_0.47 ;
T_0.45 ;
    %jmp T_0.43;
T_0.42 ;
    %load/vec4 v0x2111740_0;
    %pad/u 32;
    %cmpi/e 6, 0, 32;
    %jmp/0xz  T_0.52, 4;
    %vpi_call 5 55 "$write", "LDR R%d R%d SEXT(%b)", &PV<v0x2111640_0, 9, 3>, &PV<v0x2111640_0, 6, 3>, &PV<v0x2111640_0, 0, 6> {0 0 0};
    %jmp T_0.53;
T_0.52 ;
    %load/vec4 v0x2111740_0;
    %pad/u 32;
    %cmpi/e 7, 0, 32;
    %jmp/0xz  T_0.54, 4;
    %vpi_call 5 56 "$write", "STR R%d R%d SEXT(%b)", &PV<v0x2111640_0, 9, 3>, &PV<v0x2111640_0, 6, 3>, &PV<v0x2111640_0, 0, 6> {0 0 0};
    %jmp T_0.55;
T_0.54 ;
    %load/vec4 v0x2111740_0;
    %pad/u 32;
    %cmpi/e 8, 0, 32;
    %jmp/0xz  T_0.56, 4;
    %vpi_call 5 59 "$write", "RTI" {0 0 0};
    %jmp T_0.57;
T_0.56 ;
    %load/vec4 v0x2111740_0;
    %pad/u 32;
    %cmpi/e 9, 0, 32;
    %jmp/0xz  T_0.58, 4;
    %vpi_call 5 62 "$write", "CONST R%d SEXT(%b)", &PV<v0x2111640_0, 9, 3>, &PV<v0x2111640_0, 0, 9> {0 0 0};
    %jmp T_0.59;
T_0.58 ;
    %load/vec4 v0x2111740_0;
    %pad/u 32;
    %cmpi/e 10, 0, 32;
    %jmp/0xz  T_0.60, 4;
    %load/vec4 v0x2111640_0;
    %parti/s 2, 4, 4;
    %pad/u 32;
    %cmpi/e 0, 0, 32;
    %jmp/0xz  T_0.62, 4;
    %vpi_call 5 66 "$write", "SLL R%d R%d %b", &PV<v0x2111640_0, 9, 3>, &PV<v0x2111640_0, 6, 3>, &PV<v0x2111640_0, 0, 4> {0 0 0};
    %jmp T_0.63;
T_0.62 ;
    %load/vec4 v0x2111640_0;
    %parti/s 2, 4, 4;
    %pad/u 32;
    %cmpi/e 1, 0, 32;
    %jmp/0xz  T_0.64, 4;
    %vpi_call 5 67 "$write", "SRA R%d R%d %b", &PV<v0x2111640_0, 9, 3>, &PV<v0x2111640_0, 6, 3>, &PV<v0x2111640_0, 0, 4> {0 0 0};
    %jmp T_0.65;
T_0.64 ;
    %load/vec4 v0x2111640_0;
    %parti/s 2, 4, 4;
    %pad/u 32;
    %cmpi/e 2, 0, 32;
    %jmp/0xz  T_0.66, 4;
    %vpi_call 5 68 "$write", "SRL R%d R%d %b", &PV<v0x2111640_0, 9, 3>, &PV<v0x2111640_0, 6, 3>, &PV<v0x2111640_0, 0, 4> {0 0 0};
    %jmp T_0.67;
T_0.66 ;
    %load/vec4 v0x2111640_0;
    %parti/s 2, 4, 4;
    %pad/u 32;
    %cmpi/e 3, 0, 32;
    %jmp/0xz  T_0.68, 4;
    %vpi_call 5 69 "$write", "MOD R%d R%d R%d", &PV<v0x2111640_0, 9, 3>, &PV<v0x2111640_0, 6, 3>, &PV<v0x2111640_0, 0, 3> {0 0 0};
T_0.68 ;
T_0.67 ;
T_0.65 ;
T_0.63 ;
    %jmp T_0.61;
T_0.60 ;
    %load/vec4 v0x2111740_0;
    %pad/u 32;
    %cmpi/e 12, 0, 32;
    %jmp/0xz  T_0.70, 4;
    %load/vec4 v0x2111640_0;
    %parti/s 1, 11, 5;
    %pad/u 32;
    %cmpi/e 0, 0, 32;
    %jmp/0xz  T_0.72, 4;
    %vpi_call 5 74 "$write", "JMPR R%d", &PV<v0x2111640_0, 6, 3> {0 0 0};
    %jmp T_0.73;
T_0.72 ;
    %vpi_call 5 75 "$write", "JMP SEXT(%b)", &PV<v0x2111640_0, 0, 11> {0 0 0};
T_0.73 ;
    %jmp T_0.71;
T_0.70 ;
    %load/vec4 v0x2111740_0;
    %pad/u 32;
    %cmpi/e 13, 0, 32;
    %jmp/0xz  T_0.74, 4;
    %vpi_call 5 79 "$write", "HICONST R%d %b", &PV<v0x2111640_0, 9, 3>, &PV<v0x2111640_0, 0, 8> {0 0 0};
    %jmp T_0.75;
T_0.74 ;
    %load/vec4 v0x2111740_0;
    %pad/u 32;
    %cmpi/e 15, 0, 32;
    %jmp/0xz  T_0.76, 4;
    %vpi_call 5 82 "$write", "TRAP %b", &PV<v0x2111640_0, 0, 8> {0 0 0};
    %jmp T_0.77;
T_0.76 ;
    %vpi_call 5 85 "$write", "???" {0 0 0};
T_0.77 ;
T_0.75 ;
T_0.71 ;
T_0.61 ;
T_0.59 ;
T_0.57 ;
T_0.55 ;
T_0.53 ;
T_0.43 ;
T_0.39 ;
T_0.29 ;
T_0.19 ;
T_0.1 ;
    %end;
S_0x2111820 .scope task, "printPoints" "printPoints" 6 1, 6 1 0, S_0x20468f0;
 .timescale -9 -12;
v0x2111a50_0 .var "actual", 31 0;
v0x2111b50_0 .var "possible", 31 0;
TD_test_alu.printPoints ;
    %vpi_call 6 4 "$display", "<scorePossible>%d</scorePossible>", v0x2111b50_0 {0 0 0};
    %vpi_call 6 5 "$display", "<scoreActual>%d</scoreActual>", v0x2111a50_0 {0 0 0};
    %end;
    .scope S_0x2075fd0;
T_2 ;
    %wait E_0x1ffc850;
    %load/vec4 v0x20ee5a0_0;
    %dup/vec4;
    %pushi/vec4 5, 0, 4;
    %cmp/u;
    %jmp/1 T_2.0, 6;
    %dup/vec4;
    %pushi/vec4 5, 0, 4;
    %cmp/u;
    %jmp/1 T_2.1, 6;
    %dup/vec4;
    %pushi/vec4 5, 0, 4;
    %cmp/u;
    %jmp/1 T_2.2, 6;
    %dup/vec4;
    %pushi/vec4 5, 0, 4;
    %cmp/u;
    %jmp/1 T_2.3, 6;
    %dup/vec4;
    %pushi/vec4 1, 0, 4;
    %cmp/u;
    %jmp/1 T_2.4, 6;
    %dup/vec4;
    %pushi/vec4 1, 0, 4;
    %cmp/u;
    %jmp/1 T_2.5, 6;
    %dup/vec4;
    %pushi/vec4 1, 0, 4;
    %cmp/u;
    %jmp/1 T_2.6, 6;
    %dup/vec4;
    %pushi/vec4 10, 0, 4;
    %cmp/u;
    %jmp/1 T_2.7, 6;
    %dup/vec4;
    %pushi/vec4 10, 0, 4;
    %cmp/u;
    %jmp/1 T_2.8, 6;
    %dup/vec4;
    %pushi/vec4 10, 0, 4;
    %cmp/u;
    %jmp/1 T_2.9, 6;
    %dup/vec4;
    %pushi/vec4 9, 0, 4;
    %cmp/u;
    %jmp/1 T_2.10, 6;
    %dup/vec4;
    %pushi/vec4 13, 0, 4;
    %cmp/u;
    %jmp/1 T_2.11, 6;
    %dup/vec4;
    %pushi/vec4 2, 0, 4;
    %cmp/u;
    %jmp/1 T_2.12, 6;
    %dup/vec4;
    %pushi/vec4 0, 0, 4;
    %cmp/u;
    %jmp/1 T_2.13, 6;
    %dup/vec4;
    %pushi/vec4 12, 0, 4;
    %cmp/u;
    %jmp/1 T_2.14, 6;
    %dup/vec4;
    %pushi/vec4 4, 0, 4;
    %cmp/u;
    %jmp/1 T_2.15, 6;
    %dup/vec4;
    %pushi/vec4 15, 0, 4;
    %cmp/u;
    %jmp/1 T_2.16, 6;
    %dup/vec4;
    %pushi/vec4 8, 0, 4;
    %cmp/u;
    %jmp/1 T_2.17, 6;
    %pushi/vec4 0, 0, 16;
    %store/vec4 v0x20ee760_0, 0, 16;
    %jmp T_2.19;
T_2.0 ;
    %load/vec4 v0x20ee920_0;
    %cmpi/e 0, 0, 3;
    %jmp/0xz  T_2.20, 4;
    %load/vec4 v0x20a9620_0;
    %load/vec4 v0x20b9e30_0;
    %and;
    %store/vec4 v0x20ee760_0, 0, 16;
T_2.20 ;
    %jmp T_2.19;
T_2.1 ;
    %load/vec4 v0x20ee920_0;
    %cmpi/e 1, 0, 3;
    %jmp/0xz  T_2.22, 4;
    %load/vec4 v0x20a9620_0;
    %inv;
    %store/vec4 v0x20ee760_0, 0, 16;
T_2.22 ;
    %jmp T_2.19;
T_2.2 ;
    %load/vec4 v0x20ee920_0;
    %cmpi/e 2, 0, 3;
    %jmp/0xz  T_2.24, 4;
    %load/vec4 v0x20a9620_0;
    %load/vec4 v0x20b9e30_0;
    %or;
    %store/vec4 v0x20ee760_0, 0, 16;
T_2.24 ;
    %jmp T_2.19;
T_2.3 ;
    %load/vec4 v0x20ee920_0;
    %cmpi/e 3, 0, 3;
    %jmp/0xz  T_2.26, 4;
    %load/vec4 v0x20a9620_0;
    %load/vec4 v0x20b9e30_0;
    %xor;
    %store/vec4 v0x20ee760_0, 0, 16;
T_2.26 ;
    %jmp T_2.19;
T_2.4 ;
    %load/vec4 v0x20ee920_0;
    %cmpi/e 1, 0, 3;
    %jmp/0xz  T_2.28, 4;
    %load/vec4 v0x20a9620_0;
    %load/vec4 v0x20b9e30_0;
    %mul;
    %store/vec4 v0x20ee760_0, 0, 16;
T_2.28 ;
    %jmp T_2.19;
T_2.5 ;
    %load/vec4 v0x20ee920_0;
    %cmpi/e 3, 0, 3;
    %jmp/0xz  T_2.30, 4;
    %pushi/vec4 0, 0, 16;
    %store/vec4 v0x20ee760_0, 0, 16;
T_2.30 ;
    %jmp T_2.19;
T_2.6 ;
    %load/vec4 v0x20ee920_0;
    %cmpi/e 0, 0, 3;
    %jmp/0xz  T_2.32, 4;
    %pushi/vec4 0, 0, 16;
    %store/vec4 v0x20ee760_0, 0, 16;
T_2.32 ;
    %jmp T_2.19;
T_2.7 ;
    %load/vec4 v0x20eea00_0;
    %cmpi/e 0, 0, 2;
    %jmp/0xz  T_2.34, 4;
    %load/vec4 v0x20a9620_0;
    %ix/getv 4, v0x20ee840_0;
    %shiftl 4;
    %store/vec4 v0x20ee760_0, 0, 16;
T_2.34 ;
    %jmp T_2.19;
T_2.8 ;
    %load/vec4 v0x20eea00_0;
    %cmpi/e 1, 0, 2;
    %jmp/0xz  T_2.36, 4;
    %load/vec4 v0x20a9620_0;
    %ix/getv 4, v0x20ee840_0;
    %shiftr 4;
    %store/vec4 v0x20ee760_0, 0, 16;
T_2.36 ;
    %jmp T_2.19;
T_2.9 ;
    %load/vec4 v0x20eea00_0;
    %cmpi/e 2, 0, 2;
    %jmp/0xz  T_2.38, 4;
    %load/vec4 v0x20a9620_0;
    %ix/getv 4, v0x20ee840_0;
    %shiftr 4;
    %store/vec4 v0x20ee760_0, 0, 16;
T_2.38 ;
    %jmp T_2.19;
T_2.10 ;
    %load/vec4 v0x20ee3e0_0;
    %parti/s 1, 8, 5;
    %flag_set/vec4 8;
    %jmp/0 T_2.40, 8;
    %pushi/vec4 65535, 0, 16;
    %jmp/1 T_2.41, 8;
T_2.40 ; End of true expr.
    %pushi/vec4 0, 0, 16;
    %jmp/0 T_2.41, 8;
 ; End of false expr.
    %blend;
T_2.41;
    %load/vec4 v0x20ee3e0_0;
    %parti/s 8, 0, 2;
    %concat/vec4; draw_concat_vec4
    %pad/u 16;
    %store/vec4 v0x20ee760_0, 0, 16;
    %jmp T_2.19;
T_2.11 ;
    %load/vec4 v0x20a9620_0;
    %pushi/vec4 255, 0, 16;
    %and;
    %load/vec4 v0x20eebc0_0;
    %pad/u 16;
    %ix/load 4, 8, 0;
    %flag_set/imm 4, 0;
    %shiftl 4;
    %or;
    %store/vec4 v0x20ee760_0, 0, 16;
    %jmp T_2.19;
T_2.12 ;
    %pushi/vec4 1, 0, 16;
    %store/vec4 v0x20ee760_0, 0, 16;
    %jmp T_2.19;
T_2.13 ;
    %load/vec4 v0x20201c0_0;
    %addi 1, 0, 16;
    %store/vec4 v0x20ee760_0, 0, 16;
    %jmp T_2.19;
T_2.14 ;
    %load/vec4 v0x20a9620_0;
    %store/vec4 v0x20ee760_0, 0, 16;
    %jmp T_2.19;
T_2.15 ;
    %load/vec4 v0x20a9620_0;
    %store/vec4 v0x20ee760_0, 0, 16;
    %jmp T_2.19;
T_2.16 ;
    %load/vec4 v0x20201c0_0;
    %addi 1, 0, 16;
    %store/vec4 v0x20ee760_0, 0, 16;
    %jmp T_2.19;
T_2.17 ;
    %load/vec4 v0x20a9620_0;
    %store/vec4 v0x20ee760_0, 0, 16;
    %jmp T_2.19;
T_2.19 ;
    %pop/vec4 1;
    %jmp T_2;
    .thread T_2, $push;
    .scope S_0x20468f0;
T_3 ;
    %vpi_call 2 48 "$dumpfile", "alu.vcd" {0 0 0};
    %vpi_call 2 49 "$dumpvars" {0 0 0};
    %pushi/vec4 42, 0, 32;
    %store/vec4 v0x2113070_0, 0, 32;
    %vpi_func 2 55 "$random" 32, v0x2113070_0 {0 0 0};
    %store/vec4 v0x2113070_0, 0, 32;
    %pushi/vec4 0, 0, 32;
    %store/vec4 v0x2112b60_0, 0, 32;
    %pushi/vec4 0, 0, 32;
    %store/vec4 v0x21123c0_0, 0, 32;
    %pushi/vec4 0, 0, 32;
    %store/vec4 v0x2113130_0, 0, 32;
    %vpi_func 2 64 "$fopen" 32, "alu_test_vectors.txt", "r" {0 0 0};
    %store/vec4 v0x2112110_0, 0, 32;
    %load/vec4 v0x2112110_0;
    %cmpi/e 0, 0, 32;
    %jmp/0xz  T_3.0, 4;
    %vpi_call 2 66 "$display", "Error opening file" {0 0 0};
    %vpi_call 2 67 "$finish" {0 0 0};
T_3.0 ;
    %vpi_func 2 69 "$fopen" 32, "gp4_test_vectors.txt", "r" {0 0 0};
    %store/vec4 v0x21129b0_0, 0, 32;
    %load/vec4 v0x21129b0_0;
    %cmpi/e 0, 0, 32;
    %jmp/0xz  T_3.2, 4;
    %vpi_call 2 71 "$display", "Error opening file" {0 0 0};
    %vpi_call 2 72 "$finish" {0 0 0};
T_3.2 ;
    %delay 100000, 0;
    %delay 2000, 0;
T_3.4 ;
    %vpi_func 2 93 "$fscanf" 32, v0x21129b0_0, "gin:%b pin:%b cin:%b => gout:%b pout:%b cout:%b\012", v0x21128c0_0, v0x2112de0_0, v0x2112280_0, v0x2112660_0, v0x2112720_0, v0x2112580_0 {0 0 0};
    %cmpi/e 6, 0, 32;
    %jmp/0xz T_3.5, 4;
    %delay 2000, 0;
    %load/vec4 v0x2113130_0;
    %addi 1, 0, 32;
    %store/vec4 v0x2113130_0, 0, 32;
    %load/vec4 v0x2112b60_0;
    %addi 1, 0, 32;
    %store/vec4 v0x2112b60_0, 0, 32;
    %load/vec4 v0x2111db0_0;
    %load/vec4 v0x2112660_0;
    %cmp/ne;
    %flag_mov 8, 6;
    %load/vec4 v0x2111e80_0;
    %load/vec4 v0x2112720_0;
    %cmp/ne;
    %flag_or 4, 8;
    %flag_mov 8, 4;
    %load/vec4 v0x2111d10_0;
    %load/vec4 v0x2112580_0;
    %cmp/ne;
    %flag_or 6, 8;
    %jmp/0xz  T_3.6, 6;
    %load/vec4 v0x21123c0_0;
    %addi 1, 0, 32;
    %store/vec4 v0x21123c0_0, 0, 32;
    %load/vec4 v0x21123c0_0;
    %cmpi/s 15, 0, 32;
    %jmp/0xz  T_3.8, 5;
    %vpi_call 2 101 "$write", "[gp] error at line %04d: ", v0x2112b60_0 {0 0 0};
    %vpi_call 2 102 "$write", "gin:%b pin:%b cin:%b ", v0x21128c0_0, v0x2112de0_0, v0x2112280_0 {0 0 0};
    %vpi_call 2 103 "$write", "produced gout:%b pout:%b cout:%b ", v0x2111db0_0, v0x2111e80_0, v0x2111d10_0 {0 0 0};
    %vpi_call 2 104 "$write", "instead of gout:%b pout:%b cout:%b", v0x2112660_0, v0x2112720_0, v0x2112580_0 {0 0 0};
    %vpi_call 2 105 "$display", "\000" {0 0 0};
T_3.8 ;
T_3.6 ;
    %jmp T_3.4;
T_3.5 ;
    %pushi/vec4 0, 0, 32;
    %store/vec4 v0x2112320_0, 0, 32;
T_3.10 ;
    %load/vec4 v0x2112320_0;
    %cmpi/s 10000, 0, 32;
    %jmp/0xz T_3.11, 5;
    %vpi_func 2 120 "$urandom" 32 {0 0 0};
    %pad/u 16;
    %store/vec4 v0x2112040_0, 0, 16;
    %vpi_func 2 121 "$urandom" 32 {0 0 0};
    %pad/u 16;
    %store/vec4 v0x21121b0_0, 0, 16;
    %vpi_func 2 122 "$urandom" 32 {0 0 0};
    %pushi/vec4 2, 0, 32;
    %mod;
    %pad/u 1;
    %store/vec4 v0x2112280_0, 0, 1;
    %load/vec4 v0x2112040_0;
    %load/vec4 v0x21121b0_0;
    %add;
    %load/vec4 v0x2112280_0;
    %pad/u 16;
    %add;
    %store/vec4 v0x21127e0_0, 0, 16;
    %load/vec4 v0x2113130_0;
    %addi 1, 0, 32;
    %store/vec4 v0x2113130_0, 0, 32;
    %delay 2000, 0;
    %load/vec4 v0x21127e0_0;
    %load/vec4 v0x2111f50_0;
    %cmp/ne;
    %jmp/0xz  T_3.12, 6;
    %load/vec4 v0x21123c0_0;
    %cmpi/s 15, 0, 32;
    %jmp/0xz  T_3.14, 5;
    %vpi_call 2 128 "$display", "[cla] error a:%d + b:%d + cin:%d = sum:%d instead of %d", v0x2112040_0, v0x21121b0_0, v0x2112280_0, v0x2111f50_0, v0x21127e0_0 {0 0 0};
T_3.14 ;
    %load/vec4 v0x21123c0_0;
    %addi 1, 0, 32;
    %store/vec4 v0x21123c0_0, 0, 32;
T_3.12 ;
    %load/vec4 v0x2112320_0;
    %addi 1, 0, 32;
    %store/vec4 v0x2112320_0, 0, 32;
    %jmp T_3.10;
T_3.11 ;
    %pushi/vec4 0, 0, 32;
    %store/vec4 v0x2112b60_0, 0, 32;
T_3.16 ;
    %vpi_func 2 145 "$fscanf" 32, v0x2112110_0, "%b %b %b %b %b", v0x2112a70_0, v0x2112d00_0, v0x2112ed0_0, v0x2112fa0_0, v0x21124a0_0 {0 0 0};
    %cmpi/e 5, 0, 32;
    %jmp/0xz T_3.17, 4;
    %delay 2000, 0;
    %load/vec4 v0x2113130_0;
    %addi 1, 0, 32;
    %store/vec4 v0x2113130_0, 0, 32;
    %load/vec4 v0x2112b60_0;
    %addi 1, 0, 32;
    %store/vec4 v0x2112b60_0, 0, 32;
    %load/vec4 v0x2111c30_0;
    %load/vec4 v0x21124a0_0;
    %cmp/ne;
    %jmp/0xz  T_3.18, 6;
    %load/vec4 v0x21123c0_0;
    %addi 1, 0, 32;
    %store/vec4 v0x21123c0_0, 0, 32;
    %load/vec4 v0x21123c0_0;
    %cmpi/s 15, 0, 32;
    %jmp/0xz  T_3.20, 5;
    %vpi_call 2 162 "$write", "[alu] error at line %04d: ", v0x2112b60_0 {0 0 0};
    %vpi_call 2 163 "$write", "insn = %b %b %b %b, ", &PV<v0x2112a70_0, 12, 4>, &PV<v0x2112a70_0, 8, 4>, &PV<v0x2112a70_0, 4, 4>, &PV<v0x2112a70_0, 0, 4> {0 0 0};
    %vpi_call 2 164 "$write", "pc = %b %b %b %b, ", &PV<v0x2112d00_0, 12, 4>, &PV<v0x2112d00_0, 8, 4>, &PV<v0x2112d00_0, 4, 4>, &PV<v0x2112d00_0, 0, 4> {0 0 0};
    %vpi_call 2 165 "$write", "r1data = %b %b %b %b, ", &PV<v0x2112ed0_0, 12, 4>, &PV<v0x2112ed0_0, 8, 4>, &PV<v0x2112ed0_0, 4, 4>, &PV<v0x2112ed0_0, 0, 4> {0 0 0};
    %vpi_call 2 166 "$write", "r2data = %b %b %b %b, ", &PV<v0x2112fa0_0, 12, 4>, &PV<v0x2112fa0_0, 8, 4>, &PV<v0x2112fa0_0, 4, 4>, &PV<v0x2112fa0_0, 0, 4> {0 0 0};
    %vpi_call 2 167 "$write", "result = %b %b %b %b ", &PV<v0x2111c30_0, 12, 4>, &PV<v0x2111c30_0, 8, 4>, &PV<v0x2111c30_0, 4, 4>, &PV<v0x2111c30_0, 0, 4> {0 0 0};
    %vpi_call 2 168 "$write", "instead of %b %b %b %b ", &PV<v0x21124a0_0, 12, 4>, &PV<v0x21124a0_0, 8, 4>, &PV<v0x21124a0_0, 4, 4>, &PV<v0x21124a0_0, 0, 4> {0 0 0};
    %load/vec4 v0x2112a70_0;
    %store/vec4 v0x2111640_0, 0, 16;
    %fork TD_test_alu.pinstr, S_0x2111460;
    %join;
    %vpi_call 2 170 "$display", "\000" {0 0 0};
T_3.20 ;
T_3.18 ;
    %delay 2000, 0;
    %jmp T_3.16;
T_3.17 ;
    %load/vec4 v0x21129b0_0;
    %cmpi/ne 0, 0, 32;
    %jmp/0xz  T_3.22, 4;
    %vpi_call 2 182 "$fclose", v0x21129b0_0 {0 0 0};
T_3.22 ;
    %load/vec4 v0x2112110_0;
    %cmpi/ne 0, 0, 32;
    %jmp/0xz  T_3.24, 4;
    %vpi_call 2 183 "$fclose", v0x2112110_0 {0 0 0};
T_3.24 ;
    %load/vec4 v0x2112c20_0;
    %cmpi/ne 0, 0, 32;
    %jmp/0xz  T_3.26, 4;
    %vpi_call 2 184 "$fclose", v0x2112c20_0 {0 0 0};
T_3.26 ;
    %load/vec4 v0x21123c0_0;
    %cmpi/s 15, 0, 32;
    %flag_or 5, 4; GT is !LE
    %flag_inv 5;
    %jmp/0xz  T_3.28, 5;
    %load/vec4 v0x21123c0_0;
    %subi 15, 0, 32;
    %vpi_call 2 186 "$display", "Additional %d errors NOT printed.", S<0,vec4,s32> {1 0 0};
T_3.28 ;
    %vpi_call 2 188 "$display", "Simulation finished: %d test cases %d errors", v0x2113130_0, v0x21123c0_0 {0 0 0};
    %load/vec4 v0x2113130_0;
    %store/vec4 v0x2111b50_0, 0, 32;
    %load/vec4 v0x2113130_0;
    %load/vec4 v0x21123c0_0;
    %sub;
    %store/vec4 v0x2111a50_0, 0, 32;
    %fork TD_test_alu.printPoints, S_0x2111820;
    %join;
    %vpi_call 2 190 "$finish" {0 0 0};
    %end;
    .thread T_3;
# The file index is used to find the file name in the following table.
:file_names 7;
    "N/A";
    "<interactive>";
    "testbench_lc4_alu.v";
    "lc4_alu.v";
    "lc4_cla.v";
    "./lc4_prettyprint_errors.v";
    "./print_points.v";
