#! /home1/c/cis5710/tools/bin/vvp
:ivl_version "11.0 (stable)" "(v11_0)";
:ivl_delay_selection "TYPICAL";
:vpi_time_precision - 12;
:vpi_module "/home1/c/cis5710/tools/lib/ivl/system.vpi";
:vpi_module "/home1/c/cis5710/tools/lib/ivl/vhdl_sys.vpi";
:vpi_module "/home1/c/cis5710/tools/lib/ivl/vhdl_textio.vpi";
:vpi_module "/home1/c/cis5710/tools/lib/ivl/v2005_math.vpi";
:vpi_module "/home1/c/cis5710/tools/lib/ivl/va_math.vpi";
S_0x12ffc10 .scope module, "test_divider" "test_divider" 2 35;
 .timescale -9 -12;
v0x133c690_0 .var/i "__ignore", 31 0;
v0x133c790_0 .var/i "allTests", 31 0;
v0x133c870_0 .var/i "divTests", 31 0;
v0x133c930_0 .var/i "errors", 31 0;
v0x133ca10_0 .var "exp_dividend", 15 0;
v0x133cb40_0 .var "exp_quotient", 15 0;
v0x133cc20_0 .var "exp_remainder", 15 0;
v0x133cd00_0 .var "i_dividend", 15 0;
v0x133ce10_0 .var "i_divisor", 15 0;
v0x133ced0_0 .var "i_quotient", 15 0;
v0x133cf90_0 .var "i_remainder", 15 0;
v0x133d030_0 .var/i "input_file", 31 0;
v0x133d0f0_0 .net "o_1iter_dividend", 15 0, L_0x13662d0;  1 drivers
v0x133d1b0_0 .net "o_1iter_quotient", 15 0, L_0x1365b00;  1 drivers
v0x133d250_0 .net "o_1iter_remainder", 15 0, L_0x1365f80;  1 drivers
v0x133d2f0_0 .net "o_div_quotient", 15 0, L_0x1364a90;  1 drivers
v0x133d390_0 .net "o_div_remainder", 15 0, L_0x1364720;  1 drivers
v0x133d540_0 .var/i "randomSeed", 31 0;
S_0x12ffda0 .scope module, "div" "lc4_divider" 2 62, 3 8 0, S_0x12ffc10;
 .timescale -9 -12;
    .port_info 0 /INPUT 16 "i_dividend";
    .port_info 1 /INPUT 16 "i_divisor";
    .port_info 2 /OUTPUT 16 "o_remainder";
    .port_info 3 /OUTPUT 16 "o_quotient";
L_0x13634c0 .functor BUFZ 16, v0x133cd00_0, C4<0000000000000000>, C4<0000000000000000>, C4<0000000000000000>;
L_0x7f2430da24a8 .functor BUFT 1, C4<0000000000000000>, C4<0>, C4<0>, C4<0>;
v0x1338610_0 .net *"_ivl_12", 15 0, L_0x7f2430da24a8;  1 drivers
L_0x7f2430da24f0 .functor BUFT 1, C4<00000000000000000000000000000000>, C4<0>, C4<0>, C4<0>;
v0x1338710_0 .net/2u *"_ivl_13", 31 0, L_0x7f2430da24f0;  1 drivers
v0x13387f0_0 .net *"_ivl_15", 0 0, L_0x1364680;  1 drivers
L_0x7f2430da2538 .functor BUFT 1, C4<0000000000000000>, C4<0>, C4<0>, C4<0>;
v0x13388c0_0 .net/2u *"_ivl_17", 15 0, L_0x7f2430da2538;  1 drivers
v0x13389a0_0 .net *"_ivl_22", 31 0, L_0x1364860;  1 drivers
L_0x7f2430da2580 .functor BUFT 1, C4<0000000000000000>, C4<0>, C4<0>, C4<0>;
v0x1338a80_0 .net *"_ivl_25", 15 0, L_0x7f2430da2580;  1 drivers
L_0x7f2430da25c8 .functor BUFT 1, C4<00000000000000000000000000000000>, C4<0>, C4<0>, C4<0>;
v0x1338b60_0 .net/2u *"_ivl_26", 31 0, L_0x7f2430da25c8;  1 drivers
v0x1338c40_0 .net *"_ivl_28", 0 0, L_0x1364950;  1 drivers
L_0x7f2430da2610 .functor BUFT 1, C4<0000000000000000>, C4<0>, C4<0>, C4<0>;
v0x1338d00_0 .net/2u *"_ivl_30", 15 0, L_0x7f2430da2610;  1 drivers
v0x1338de0_0 .net *"_ivl_9", 31 0, L_0x13645e0;  1 drivers
v0x1338ec0_0 .net "i_dividend", 15 0, v0x133cd00_0;  1 drivers
v0x1338fa0_0 .net "i_divisor", 15 0, v0x133ce10_0;  1 drivers
v0x1339270_0 .net "o_quotient", 15 0, L_0x1364a90;  alias, 1 drivers
v0x1339350_0 .net "o_remainder", 15 0, L_0x1364720;  alias, 1 drivers
v0x1339430 .array "temp_dvd", 0 16;
v0x1339430_0 .net v0x1339430 0, 15 0, L_0x13634c0; 1 drivers
v0x1339430_1 .net v0x1339430 1, 15 0, L_0x134ea50; 1 drivers
v0x1339430_2 .net v0x1339430 2, 15 0, L_0x1350020; 1 drivers
v0x1339430_3 .net v0x1339430 3, 15 0, L_0x1351710; 1 drivers
v0x1339430_4 .net v0x1339430 4, 15 0, L_0x1352d80; 1 drivers
v0x1339430_5 .net v0x1339430 5, 15 0, L_0x1354600; 1 drivers
v0x1339430_6 .net v0x1339430 6, 15 0, L_0x1355c70; 1 drivers
v0x1339430_7 .net v0x1339430 7, 15 0, L_0x1357670; 1 drivers
v0x1339430_8 .net v0x1339430 8, 15 0, L_0x1358c20; 1 drivers
v0x1339430_9 .net v0x1339430 9, 15 0, L_0x135a570; 1 drivers
v0x1339430_10 .net v0x1339430 10, 15 0, L_0x135baf0; 1 drivers
v0x1339430_11 .net v0x1339430 11, 15 0, L_0x135d040; 1 drivers
v0x1339430_12 .net v0x1339430 12, 15 0, L_0x135e590; 1 drivers
v0x1339430_13 .net v0x1339430 13, 15 0, L_0x135fae0; 1 drivers
v0x1339430_14 .net v0x1339430 14, 15 0, L_0x1361030; 1 drivers
v0x1339430_15 .net v0x1339430 15, 15 0, L_0x1362580; 1 drivers
v0x1339430_16 .net v0x1339430 16, 15 0, L_0x1363b70; 1 drivers
L_0x7f2430da2460 .functor BUFT 1, C4<0000000000000000>, C4<0>, C4<0>, C4<0>;
v0x1339950 .array "temp_qot", 0 16;
v0x1339950_0 .net v0x1339950 0, 15 0, L_0x7f2430da2460; 1 drivers
v0x1339950_1 .net v0x1339950 1, 15 0, L_0x134e420; 1 drivers
v0x1339950_2 .net v0x1339950 2, 15 0, L_0x134f960; 1 drivers
v0x1339950_3 .net v0x1339950 3, 15 0, L_0x1350fe0; 1 drivers
v0x1339950_4 .net v0x1339950 4, 15 0, L_0x1352650; 1 drivers
v0x1339950_5 .net v0x1339950 5, 15 0, L_0x1353ed0; 1 drivers
v0x1339950_6 .net v0x1339950 6, 15 0, L_0x1355540; 1 drivers
v0x1339950_7 .net v0x1339950 7, 15 0, L_0x1356bb0; 1 drivers
v0x1339950_8 .net v0x1339950 8, 15 0, L_0x1358570; 1 drivers
v0x1339950_9 .net v0x1339950 9, 15 0, L_0x1359e40; 1 drivers
v0x1339950_10 .net v0x1339950 10, 15 0, L_0x135b3c0; 1 drivers
v0x1339950_11 .net v0x1339950 11, 15 0, L_0x135c990; 1 drivers
v0x1339950_12 .net v0x1339950 12, 15 0, L_0x135dee0; 1 drivers
v0x1339950_13 .net v0x1339950 13, 15 0, L_0x135f430; 1 drivers
v0x1339950_14 .net v0x1339950 14, 15 0, L_0x1360980; 1 drivers
v0x1339950_15 .net v0x1339950 15, 15 0, L_0x1361ed0; 1 drivers
v0x1339950_16 .net v0x1339950 16, 15 0, L_0x1363420; 1 drivers
L_0x7f2430da2418 .functor BUFT 1, C4<0000000000000000>, C4<0>, C4<0>, C4<0>;
v0x1339f30 .array "temp_rmd", 0 16;
v0x1339f30_0 .net v0x1339f30 0, 15 0, L_0x7f2430da2418; 1 drivers
v0x1339f30_1 .net v0x1339f30 1, 15 0, L_0x134e7e0; 1 drivers
v0x1339f30_2 .net v0x1339f30 2, 15 0, L_0x134fd20; 1 drivers
v0x1339f30_3 .net v0x1339f30 3, 15 0, L_0x1351410; 1 drivers
v0x1339f30_4 .net v0x1339f30 4, 15 0, L_0x1352a80; 1 drivers
v0x1339f30_5 .net v0x1339f30 5, 15 0, L_0x1354300; 1 drivers
v0x1339f30_6 .net v0x1339f30 6, 15 0, L_0x1355970; 1 drivers
v0x1339f30_7 .net v0x1339f30 7, 15 0, L_0x1357370; 1 drivers
v0x1339f30_8 .net v0x1339f30 8, 15 0, L_0x1358920; 1 drivers
v0x1339f30_9 .net v0x1339f30 9, 15 0, L_0x135a270; 1 drivers
v0x1339f30_10 .net v0x1339f30 10, 15 0, L_0x135b7f0; 1 drivers
v0x1339f30_11 .net v0x1339f30 11, 15 0, L_0x135cd40; 1 drivers
v0x1339f30_12 .net v0x1339f30 12, 15 0, L_0x135e290; 1 drivers
v0x1339f30_13 .net v0x1339f30 13, 15 0, L_0x135f7e0; 1 drivers
v0x1339f30_14 .net v0x1339f30 14, 15 0, L_0x1360d30; 1 drivers
v0x1339f30_15 .net v0x1339f30 15, 15 0, L_0x1362280; 1 drivers
v0x1339f30_16 .net v0x1339f30 16, 15 0, L_0x1363820; 1 drivers
L_0x13645e0 .concat [ 16 16 0 0], v0x133ce10_0, L_0x7f2430da24a8;
L_0x1364680 .cmp/eq 32, L_0x13645e0, L_0x7f2430da24f0;
L_0x1364720 .functor MUXZ 16, L_0x1363820, L_0x7f2430da2538, L_0x1364680, C4<>;
L_0x1364860 .concat [ 16 16 0 0], v0x133ce10_0, L_0x7f2430da2580;
L_0x1364950 .cmp/eq 32, L_0x1364860, L_0x7f2430da25c8;
L_0x1364a90 .functor MUXZ 16, L_0x1363420, L_0x7f2430da2610, L_0x1364950, C4<>;
S_0x12f0f50 .scope generate, "genblk1[0]" "genblk1[0]" 3 18, 3 18 0, S_0x12ffda0;
 .timescale -9 -12;
P_0x12de3b0 .param/l "i" 0 3 18, +C4<00>;
S_0x12f0150 .scope module, "one" "lc4_divider_one_iter" 3 20, 3 26 0, S_0x12f0f50;
 .timescale -9 -12;
    .port_info 0 /INPUT 16 "i_dividend";
    .port_info 1 /INPUT 16 "i_divisor";
    .port_info 2 /INPUT 16 "i_remainder";
    .port_info 3 /INPUT 16 "i_quotient";
    .port_info 4 /OUTPUT 16 "o_dividend";
    .port_info 5 /OUTPUT 16 "o_remainder";
    .port_info 6 /OUTPUT 16 "o_quotient";
L_0x7f2430da00a8 .functor BUFT 1, C4<0000000000000001>, C4<0>, C4<0>, C4<0>;
L_0x12c6650 .functor AND 16, L_0x134d8e0, L_0x7f2430da00a8, C4<1111111111111111>, C4<1111111111111111>;
L_0x12ce540 .functor OR 16, L_0x133d6a0, L_0x12c6650, C4<0000000000000000>, C4<0000000000000000>;
L_0x7f2430da01c8 .functor BUFT 1, C4<0000000000000001>, C4<0>, C4<0>, C4<0>;
L_0x12d6430 .functor OR 16, L_0x134e290, L_0x7f2430da01c8, C4<0000000000000000>, C4<0000000000000000>;
v0x12f68a0_0 .net *"_ivl_0", 15 0, L_0x133d6a0;  1 drivers
L_0x7f2430da0060 .functor BUFT 1, C4<000000000000000>, C4<0>, C4<0>, C4<0>;
v0x12f6940_0 .net *"_ivl_10", 14 0, L_0x7f2430da0060;  1 drivers
v0x1315ca0_0 .net/2u *"_ivl_12", 15 0, L_0x7f2430da00a8;  1 drivers
v0x1315d60_0 .net *"_ivl_14", 15 0, L_0x12c6650;  1 drivers
v0x1315e40_0 .net *"_ivl_18", 0 0, L_0x134db60;  1 drivers
v0x1315f50_0 .net *"_ivl_2", 14 0, L_0x133d600;  1 drivers
L_0x7f2430da00f0 .functor BUFT 1, C4<000000000000000>, C4<0>, C4<0>, C4<0>;
v0x1316030_0 .net *"_ivl_23", 14 0, L_0x7f2430da00f0;  1 drivers
v0x1316110_0 .net *"_ivl_25", 0 0, L_0x134ddd0;  1 drivers
v0x13161f0_0 .net *"_ivl_26", 15 0, L_0x134e050;  1 drivers
v0x13162d0_0 .net *"_ivl_28", 14 0, L_0x134dec0;  1 drivers
L_0x7f2430da0138 .functor BUFT 1, C4<0>, C4<0>, C4<0>, C4<0>;
v0x13163b0_0 .net *"_ivl_30", 0 0, L_0x7f2430da0138;  1 drivers
v0x1316490_0 .net *"_ivl_32", 15 0, L_0x134e290;  1 drivers
v0x1316570_0 .net *"_ivl_34", 14 0, L_0x134e190;  1 drivers
L_0x7f2430da0180 .functor BUFT 1, C4<0>, C4<0>, C4<0>, C4<0>;
v0x1316650_0 .net *"_ivl_36", 0 0, L_0x7f2430da0180;  1 drivers
v0x1316730_0 .net/2u *"_ivl_38", 15 0, L_0x7f2430da01c8;  1 drivers
L_0x7f2430da0018 .functor BUFT 1, C4<0>, C4<0>, C4<0>, C4<0>;
v0x1316810_0 .net *"_ivl_4", 0 0, L_0x7f2430da0018;  1 drivers
v0x13168f0_0 .net *"_ivl_40", 15 0, L_0x12d6430;  1 drivers
v0x13169d0_0 .net *"_ivl_45", 0 0, L_0x134e620;  1 drivers
v0x1316ab0_0 .net *"_ivl_46", 15 0, L_0x134e6c0;  1 drivers
v0x1316b90_0 .net *"_ivl_52", 14 0, L_0x134e920;  1 drivers
L_0x7f2430da0210 .functor BUFT 1, C4<0>, C4<0>, C4<0>, C4<0>;
v0x1316c70_0 .net *"_ivl_54", 0 0, L_0x7f2430da0210;  1 drivers
v0x1316d50_0 .net *"_ivl_6", 15 0, L_0x134d8e0;  1 drivers
v0x1316e30_0 .net *"_ivl_8", 0 0, L_0x133d7e0;  1 drivers
v0x1316f10_0 .net "i_dividend", 15 0, L_0x13634c0;  alias, 1 drivers
v0x1316ff0_0 .net "i_divisor", 15 0, v0x133ce10_0;  alias, 1 drivers
v0x13170d0_0 .net "i_quotient", 15 0, L_0x7f2430da2460;  alias, 1 drivers
v0x13171b0_0 .net "i_remainder", 15 0, L_0x7f2430da2418;  alias, 1 drivers
v0x1317290_0 .net "mid_v", 15 0, L_0x134dc50;  1 drivers
v0x1317370_0 .net "o_dividend", 15 0, L_0x134ea50;  alias, 1 drivers
v0x1317450_0 .net "o_quotient", 15 0, L_0x134e420;  alias, 1 drivers
v0x1317530_0 .net "o_remainder", 15 0, L_0x134e7e0;  alias, 1 drivers
v0x1317610_0 .net "temp_r", 15 0, L_0x12ce540;  1 drivers
L_0x133d600 .part L_0x7f2430da2418, 0, 15;
L_0x133d6a0 .concat [ 1 15 0 0], L_0x7f2430da0018, L_0x133d600;
L_0x133d7e0 .part L_0x13634c0, 15, 1;
L_0x134d8e0 .concat [ 1 15 0 0], L_0x133d7e0, L_0x7f2430da0060;
L_0x134db60 .cmp/gt 16, v0x133ce10_0, L_0x12ce540;
L_0x134dc50 .concat [ 1 15 0 0], L_0x134db60, L_0x7f2430da00f0;
L_0x134ddd0 .part L_0x134dc50, 0, 1;
L_0x134dec0 .part L_0x7f2430da2460, 0, 15;
L_0x134e050 .concat [ 1 15 0 0], L_0x7f2430da0138, L_0x134dec0;
L_0x134e190 .part L_0x7f2430da2460, 0, 15;
L_0x134e290 .concat [ 1 15 0 0], L_0x7f2430da0180, L_0x134e190;
L_0x134e420 .functor MUXZ 16, L_0x12d6430, L_0x134e050, L_0x134ddd0, C4<>;
L_0x134e620 .part L_0x134dc50, 0, 1;
L_0x134e6c0 .arith/sub 16, L_0x12ce540, v0x133ce10_0;
L_0x134e7e0 .functor MUXZ 16, L_0x134e6c0, L_0x12ce540, L_0x134e620, C4<>;
L_0x134e920 .part L_0x13634c0, 0, 15;
L_0x134ea50 .concat [ 1 15 0 0], L_0x7f2430da0210, L_0x134e920;
S_0x13177d0 .scope generate, "genblk1[1]" "genblk1[1]" 3 18, 3 18 0, S_0x12ffda0;
 .timescale -9 -12;
P_0x13179a0 .param/l "i" 0 3 18, +C4<01>;
S_0x1317a60 .scope module, "one" "lc4_divider_one_iter" 3 20, 3 26 0, S_0x13177d0;
 .timescale -9 -12;
    .port_info 0 /INPUT 16 "i_dividend";
    .port_info 1 /INPUT 16 "i_divisor";
    .port_info 2 /INPUT 16 "i_remainder";
    .port_info 3 /INPUT 16 "i_quotient";
    .port_info 4 /OUTPUT 16 "o_dividend";
    .port_info 5 /OUTPUT 16 "o_remainder";
    .port_info 6 /OUTPUT 16 "o_quotient";
L_0x7f2430da02e8 .functor BUFT 1, C4<0000000000000001>, C4<0>, C4<0>, C4<0>;
L_0x134e4c0 .functor AND 16, L_0x134eed0, L_0x7f2430da02e8, C4<1111111111111111>, C4<1111111111111111>;
L_0x12de320 .functor OR 16, L_0x134ed00, L_0x134e4c0, C4<0000000000000000>, C4<0000000000000000>;
L_0x7f2430da0408 .functor BUFT 1, C4<0000000000000001>, C4<0>, C4<0>, C4<0>;
L_0x1303850 .functor OR 16, L_0x134f7d0, L_0x7f2430da0408, C4<0000000000000000>, C4<0000000000000000>;
v0x1317c40_0 .net *"_ivl_0", 15 0, L_0x134ed00;  1 drivers
L_0x7f2430da02a0 .functor BUFT 1, C4<000000000000000>, C4<0>, C4<0>, C4<0>;
v0x1317d40_0 .net *"_ivl_10", 14 0, L_0x7f2430da02a0;  1 drivers
v0x1317e20_0 .net/2u *"_ivl_12", 15 0, L_0x7f2430da02e8;  1 drivers
v0x1317ee0_0 .net *"_ivl_14", 15 0, L_0x134e4c0;  1 drivers
v0x1317fc0_0 .net *"_ivl_18", 0 0, L_0x134f100;  1 drivers
v0x13180d0_0 .net *"_ivl_2", 14 0, L_0x134eb40;  1 drivers
L_0x7f2430da0330 .functor BUFT 1, C4<000000000000000>, C4<0>, C4<0>, C4<0>;
v0x13181b0_0 .net *"_ivl_23", 14 0, L_0x7f2430da0330;  1 drivers
v0x1318290_0 .net *"_ivl_25", 0 0, L_0x134f370;  1 drivers
v0x1318370_0 .net *"_ivl_26", 15 0, L_0x134f5e0;  1 drivers
v0x1318450_0 .net *"_ivl_28", 14 0, L_0x134f460;  1 drivers
L_0x7f2430da0378 .functor BUFT 1, C4<0>, C4<0>, C4<0>, C4<0>;
v0x1318530_0 .net *"_ivl_30", 0 0, L_0x7f2430da0378;  1 drivers
v0x1318610_0 .net *"_ivl_32", 15 0, L_0x134f7d0;  1 drivers
v0x13186f0_0 .net *"_ivl_34", 14 0, L_0x134f6d0;  1 drivers
L_0x7f2430da03c0 .functor BUFT 1, C4<0>, C4<0>, C4<0>, C4<0>;
v0x13187d0_0 .net *"_ivl_36", 0 0, L_0x7f2430da03c0;  1 drivers
v0x13188b0_0 .net/2u *"_ivl_38", 15 0, L_0x7f2430da0408;  1 drivers
L_0x7f2430da0258 .functor BUFT 1, C4<0>, C4<0>, C4<0>, C4<0>;
v0x1318990_0 .net *"_ivl_4", 0 0, L_0x7f2430da0258;  1 drivers
v0x1318a70_0 .net *"_ivl_40", 15 0, L_0x1303850;  1 drivers
v0x1318b50_0 .net *"_ivl_45", 0 0, L_0x134fb60;  1 drivers
v0x1318c30_0 .net *"_ivl_46", 15 0, L_0x134fc00;  1 drivers
v0x1318d10_0 .net *"_ivl_52", 14 0, L_0x134fef0;  1 drivers
L_0x7f2430da0450 .functor BUFT 1, C4<0>, C4<0>, C4<0>, C4<0>;
v0x1318df0_0 .net *"_ivl_54", 0 0, L_0x7f2430da0450;  1 drivers
v0x1318ed0_0 .net *"_ivl_6", 15 0, L_0x134eed0;  1 drivers
v0x1318fb0_0 .net *"_ivl_8", 0 0, L_0x134eda0;  1 drivers
v0x1319090_0 .net "i_dividend", 15 0, L_0x134ea50;  alias, 1 drivers
v0x1319150_0 .net "i_divisor", 15 0, v0x133ce10_0;  alias, 1 drivers
v0x13191f0_0 .net "i_quotient", 15 0, L_0x134e420;  alias, 1 drivers
v0x1319290_0 .net "i_remainder", 15 0, L_0x134e7e0;  alias, 1 drivers
v0x1319330_0 .net "mid_v", 15 0, L_0x134f1f0;  1 drivers
v0x13193f0_0 .net "o_dividend", 15 0, L_0x1350020;  alias, 1 drivers
v0x13194d0_0 .net "o_quotient", 15 0, L_0x134f960;  alias, 1 drivers
v0x13195b0_0 .net "o_remainder", 15 0, L_0x134fd20;  alias, 1 drivers
v0x1319690_0 .net "temp_r", 15 0, L_0x12de320;  1 drivers
L_0x134eb40 .part L_0x134e7e0, 0, 15;
L_0x134ed00 .concat [ 1 15 0 0], L_0x7f2430da0258, L_0x134eb40;
L_0x134eda0 .part L_0x134ea50, 15, 1;
L_0x134eed0 .concat [ 1 15 0 0], L_0x134eda0, L_0x7f2430da02a0;
L_0x134f100 .cmp/gt 16, v0x133ce10_0, L_0x12de320;
L_0x134f1f0 .concat [ 1 15 0 0], L_0x134f100, L_0x7f2430da0330;
L_0x134f370 .part L_0x134f1f0, 0, 1;
L_0x134f460 .part L_0x134e420, 0, 15;
L_0x134f5e0 .concat [ 1 15 0 0], L_0x7f2430da0378, L_0x134f460;
L_0x134f6d0 .part L_0x134e420, 0, 15;
L_0x134f7d0 .concat [ 1 15 0 0], L_0x7f2430da03c0, L_0x134f6d0;
L_0x134f960 .functor MUXZ 16, L_0x1303850, L_0x134f5e0, L_0x134f370, C4<>;
L_0x134fb60 .part L_0x134f1f0, 0, 1;
L_0x134fc00 .arith/sub 16, L_0x12de320, v0x133ce10_0;
L_0x134fd20 .functor MUXZ 16, L_0x134fc00, L_0x12de320, L_0x134fb60, C4<>;
L_0x134fef0 .part L_0x134ea50, 0, 15;
L_0x1350020 .concat [ 1 15 0 0], L_0x7f2430da0450, L_0x134fef0;
S_0x1319850 .scope generate, "genblk1[2]" "genblk1[2]" 3 18, 3 18 0, S_0x12ffda0;
 .timescale -9 -12;
P_0x1319a30 .param/l "i" 0 3 18, +C4<010>;
S_0x1319af0 .scope module, "one" "lc4_divider_one_iter" 3 20, 3 26 0, S_0x1319850;
 .timescale -9 -12;
    .port_info 0 /INPUT 16 "i_dividend";
    .port_info 1 /INPUT 16 "i_divisor";
    .port_info 2 /INPUT 16 "i_remainder";
    .port_info 3 /INPUT 16 "i_quotient";
    .port_info 4 /OUTPUT 16 "o_dividend";
    .port_info 5 /OUTPUT 16 "o_remainder";
    .port_info 6 /OUTPUT 16 "o_quotient";
L_0x7f2430da0528 .functor BUFT 1, C4<0000000000000001>, C4<0>, C4<0>, C4<0>;
L_0x134fa00 .functor AND 16, L_0x13504e0, L_0x7f2430da0528, C4<1111111111111111>, C4<1111111111111111>;
L_0x13038c0 .functor OR 16, L_0x1350350, L_0x134fa00, C4<0000000000000000>, C4<0000000000000000>;
L_0x7f2430da0648 .functor BUFT 1, C4<0000000000000001>, C4<0>, C4<0>, C4<0>;
L_0x1350ed0 .functor OR 16, L_0x1350de0, L_0x7f2430da0648, C4<0000000000000000>, C4<0000000000000000>;
v0x1319d80_0 .net *"_ivl_0", 15 0, L_0x1350350;  1 drivers
L_0x7f2430da04e0 .functor BUFT 1, C4<000000000000000>, C4<0>, C4<0>, C4<0>;
v0x1319e80_0 .net *"_ivl_10", 14 0, L_0x7f2430da04e0;  1 drivers
v0x1319f60_0 .net/2u *"_ivl_12", 15 0, L_0x7f2430da0528;  1 drivers
v0x131a050_0 .net *"_ivl_14", 15 0, L_0x134fa00;  1 drivers
v0x131a130_0 .net *"_ivl_18", 0 0, L_0x1350710;  1 drivers
v0x131a240_0 .net *"_ivl_2", 14 0, L_0x1350110;  1 drivers
L_0x7f2430da0570 .functor BUFT 1, C4<000000000000000>, C4<0>, C4<0>, C4<0>;
v0x131a320_0 .net *"_ivl_23", 14 0, L_0x7f2430da0570;  1 drivers
v0x131a400_0 .net *"_ivl_25", 0 0, L_0x1350980;  1 drivers
v0x131a4e0_0 .net *"_ivl_26", 15 0, L_0x1350bf0;  1 drivers
v0x131a5c0_0 .net *"_ivl_28", 14 0, L_0x1350a70;  1 drivers
L_0x7f2430da05b8 .functor BUFT 1, C4<0>, C4<0>, C4<0>, C4<0>;
v0x131a6a0_0 .net *"_ivl_30", 0 0, L_0x7f2430da05b8;  1 drivers
v0x131a780_0 .net *"_ivl_32", 15 0, L_0x1350de0;  1 drivers
v0x131a860_0 .net *"_ivl_34", 14 0, L_0x1350ce0;  1 drivers
L_0x7f2430da0600 .functor BUFT 1, C4<0>, C4<0>, C4<0>, C4<0>;
v0x131a940_0 .net *"_ivl_36", 0 0, L_0x7f2430da0600;  1 drivers
v0x131aa20_0 .net/2u *"_ivl_38", 15 0, L_0x7f2430da0648;  1 drivers
L_0x7f2430da0498 .functor BUFT 1, C4<0>, C4<0>, C4<0>, C4<0>;
v0x131ab00_0 .net *"_ivl_4", 0 0, L_0x7f2430da0498;  1 drivers
v0x131abe0_0 .net *"_ivl_40", 15 0, L_0x1350ed0;  1 drivers
v0x131add0_0 .net *"_ivl_45", 0 0, L_0x13511e0;  1 drivers
v0x131aeb0_0 .net *"_ivl_46", 15 0, L_0x1351280;  1 drivers
v0x131af90_0 .net *"_ivl_52", 14 0, L_0x13515e0;  1 drivers
L_0x7f2430da0690 .functor BUFT 1, C4<0>, C4<0>, C4<0>, C4<0>;
v0x131b070_0 .net *"_ivl_54", 0 0, L_0x7f2430da0690;  1 drivers
v0x131b150_0 .net *"_ivl_6", 15 0, L_0x13504e0;  1 drivers
v0x131b230_0 .net *"_ivl_8", 0 0, L_0x1350440;  1 drivers
v0x131b310_0 .net "i_dividend", 15 0, L_0x1350020;  alias, 1 drivers
v0x131b3d0_0 .net "i_divisor", 15 0, v0x133ce10_0;  alias, 1 drivers
v0x131b470_0 .net "i_quotient", 15 0, L_0x134f960;  alias, 1 drivers
v0x131b530_0 .net "i_remainder", 15 0, L_0x134fd20;  alias, 1 drivers
v0x131b600_0 .net "mid_v", 15 0, L_0x1350800;  1 drivers
v0x131b6c0_0 .net "o_dividend", 15 0, L_0x1351710;  alias, 1 drivers
v0x131b7a0_0 .net "o_quotient", 15 0, L_0x1350fe0;  alias, 1 drivers
v0x131b880_0 .net "o_remainder", 15 0, L_0x1351410;  alias, 1 drivers
v0x131b960_0 .net "temp_r", 15 0, L_0x13038c0;  1 drivers
L_0x1350110 .part L_0x134fd20, 0, 15;
L_0x1350350 .concat [ 1 15 0 0], L_0x7f2430da0498, L_0x1350110;
L_0x1350440 .part L_0x1350020, 15, 1;
L_0x13504e0 .concat [ 1 15 0 0], L_0x1350440, L_0x7f2430da04e0;
L_0x1350710 .cmp/gt 16, v0x133ce10_0, L_0x13038c0;
L_0x1350800 .concat [ 1 15 0 0], L_0x1350710, L_0x7f2430da0570;
L_0x1350980 .part L_0x1350800, 0, 1;
L_0x1350a70 .part L_0x134f960, 0, 15;
L_0x1350bf0 .concat [ 1 15 0 0], L_0x7f2430da05b8, L_0x1350a70;
L_0x1350ce0 .part L_0x134f960, 0, 15;
L_0x1350de0 .concat [ 1 15 0 0], L_0x7f2430da0600, L_0x1350ce0;
L_0x1350fe0 .functor MUXZ 16, L_0x1350ed0, L_0x1350bf0, L_0x1350980, C4<>;
L_0x13511e0 .part L_0x1350800, 0, 1;
L_0x1351280 .arith/sub 16, L_0x13038c0, v0x133ce10_0;
L_0x1351410 .functor MUXZ 16, L_0x1351280, L_0x13038c0, L_0x13511e0, C4<>;
L_0x13515e0 .part L_0x1350020, 0, 15;
L_0x1351710 .concat [ 1 15 0 0], L_0x7f2430da0690, L_0x13515e0;
S_0x131bb20 .scope generate, "genblk1[3]" "genblk1[3]" 3 18, 3 18 0, S_0x12ffda0;
 .timescale -9 -12;
P_0x131bd20 .param/l "i" 0 3 18, +C4<011>;
S_0x131be00 .scope module, "one" "lc4_divider_one_iter" 3 20, 3 26 0, S_0x131bb20;
 .timescale -9 -12;
    .port_info 0 /INPUT 16 "i_dividend";
    .port_info 1 /INPUT 16 "i_divisor";
    .port_info 2 /INPUT 16 "i_remainder";
    .port_info 3 /INPUT 16 "i_quotient";
    .port_info 4 /OUTPUT 16 "o_dividend";
    .port_info 5 /OUTPUT 16 "o_remainder";
    .port_info 6 /OUTPUT 16 "o_quotient";
L_0x7f2430da0768 .functor BUFT 1, C4<0000000000000001>, C4<0>, C4<0>, C4<0>;
L_0x1351080 .functor AND 16, L_0x1351b50, L_0x7f2430da0768, C4<1111111111111111>, C4<1111111111111111>;
L_0x1351320 .functor OR 16, L_0x1351930, L_0x1351080, C4<0000000000000000>, C4<0000000000000000>;
L_0x7f2430da0888 .functor BUFT 1, C4<0000000000000001>, C4<0>, C4<0>, C4<0>;
L_0x1352540 .functor OR 16, L_0x1352450, L_0x7f2430da0888, C4<0000000000000000>, C4<0000000000000000>;
v0x131c090_0 .net *"_ivl_0", 15 0, L_0x1351930;  1 drivers
L_0x7f2430da0720 .functor BUFT 1, C4<000000000000000>, C4<0>, C4<0>, C4<0>;
v0x131c190_0 .net *"_ivl_10", 14 0, L_0x7f2430da0720;  1 drivers
v0x131c270_0 .net/2u *"_ivl_12", 15 0, L_0x7f2430da0768;  1 drivers
v0x131c360_0 .net *"_ivl_14", 15 0, L_0x1351080;  1 drivers
v0x131c440_0 .net *"_ivl_18", 0 0, L_0x1351d80;  1 drivers
v0x131c550_0 .net *"_ivl_2", 14 0, L_0x1351800;  1 drivers
L_0x7f2430da07b0 .functor BUFT 1, C4<000000000000000>, C4<0>, C4<0>, C4<0>;
v0x131c630_0 .net *"_ivl_23", 14 0, L_0x7f2430da07b0;  1 drivers
v0x131c710_0 .net *"_ivl_25", 0 0, L_0x1351ff0;  1 drivers
v0x131c7f0_0 .net *"_ivl_26", 15 0, L_0x1352260;  1 drivers
v0x131c8d0_0 .net *"_ivl_28", 14 0, L_0x13520e0;  1 drivers
L_0x7f2430da07f8 .functor BUFT 1, C4<0>, C4<0>, C4<0>, C4<0>;
v0x131c9b0_0 .net *"_ivl_30", 0 0, L_0x7f2430da07f8;  1 drivers
v0x131ca90_0 .net *"_ivl_32", 15 0, L_0x1352450;  1 drivers
v0x131cb70_0 .net *"_ivl_34", 14 0, L_0x1352350;  1 drivers
L_0x7f2430da0840 .functor BUFT 1, C4<0>, C4<0>, C4<0>, C4<0>;
v0x131cc50_0 .net *"_ivl_36", 0 0, L_0x7f2430da0840;  1 drivers
v0x131cd30_0 .net/2u *"_ivl_38", 15 0, L_0x7f2430da0888;  1 drivers
L_0x7f2430da06d8 .functor BUFT 1, C4<0>, C4<0>, C4<0>, C4<0>;
v0x131ce10_0 .net *"_ivl_4", 0 0, L_0x7f2430da06d8;  1 drivers
v0x131cef0_0 .net *"_ivl_40", 15 0, L_0x1352540;  1 drivers
v0x131d0e0_0 .net *"_ivl_45", 0 0, L_0x1352850;  1 drivers
v0x131d1c0_0 .net *"_ivl_46", 15 0, L_0x13528f0;  1 drivers
v0x131d2a0_0 .net *"_ivl_52", 14 0, L_0x1352c50;  1 drivers
L_0x7f2430da08d0 .functor BUFT 1, C4<0>, C4<0>, C4<0>, C4<0>;
v0x131d380_0 .net *"_ivl_54", 0 0, L_0x7f2430da08d0;  1 drivers
v0x131d460_0 .net *"_ivl_6", 15 0, L_0x1351b50;  1 drivers
v0x131d540_0 .net *"_ivl_8", 0 0, L_0x1351a20;  1 drivers
v0x131d620_0 .net "i_dividend", 15 0, L_0x1351710;  alias, 1 drivers
v0x131d6e0_0 .net "i_divisor", 15 0, v0x133ce10_0;  alias, 1 drivers
v0x131d780_0 .net "i_quotient", 15 0, L_0x1350fe0;  alias, 1 drivers
v0x131d870_0 .net "i_remainder", 15 0, L_0x1351410;  alias, 1 drivers
v0x131d940_0 .net "mid_v", 15 0, L_0x1351e70;  1 drivers
v0x131da00_0 .net "o_dividend", 15 0, L_0x1352d80;  alias, 1 drivers
v0x131dae0_0 .net "o_quotient", 15 0, L_0x1352650;  alias, 1 drivers
v0x131dbc0_0 .net "o_remainder", 15 0, L_0x1352a80;  alias, 1 drivers
v0x131dca0_0 .net "temp_r", 15 0, L_0x1351320;  1 drivers
L_0x1351800 .part L_0x1351410, 0, 15;
L_0x1351930 .concat [ 1 15 0 0], L_0x7f2430da06d8, L_0x1351800;
L_0x1351a20 .part L_0x1351710, 15, 1;
L_0x1351b50 .concat [ 1 15 0 0], L_0x1351a20, L_0x7f2430da0720;
L_0x1351d80 .cmp/gt 16, v0x133ce10_0, L_0x1351320;
L_0x1351e70 .concat [ 1 15 0 0], L_0x1351d80, L_0x7f2430da07b0;
L_0x1351ff0 .part L_0x1351e70, 0, 1;
L_0x13520e0 .part L_0x1350fe0, 0, 15;
L_0x1352260 .concat [ 1 15 0 0], L_0x7f2430da07f8, L_0x13520e0;
L_0x1352350 .part L_0x1350fe0, 0, 15;
L_0x1352450 .concat [ 1 15 0 0], L_0x7f2430da0840, L_0x1352350;
L_0x1352650 .functor MUXZ 16, L_0x1352540, L_0x1352260, L_0x1351ff0, C4<>;
L_0x1352850 .part L_0x1351e70, 0, 1;
L_0x13528f0 .arith/sub 16, L_0x1351320, v0x133ce10_0;
L_0x1352a80 .functor MUXZ 16, L_0x13528f0, L_0x1351320, L_0x1352850, C4<>;
L_0x1352c50 .part L_0x1351710, 0, 15;
L_0x1352d80 .concat [ 1 15 0 0], L_0x7f2430da08d0, L_0x1352c50;
S_0x131de60 .scope generate, "genblk1[4]" "genblk1[4]" 3 18, 3 18 0, S_0x12ffda0;
 .timescale -9 -12;
P_0x131e060 .param/l "i" 0 3 18, +C4<0100>;
S_0x131e140 .scope module, "one" "lc4_divider_one_iter" 3 20, 3 26 0, S_0x131de60;
 .timescale -9 -12;
    .port_info 0 /INPUT 16 "i_dividend";
    .port_info 1 /INPUT 16 "i_divisor";
    .port_info 2 /INPUT 16 "i_remainder";
    .port_info 3 /INPUT 16 "i_quotient";
    .port_info 4 /OUTPUT 16 "o_dividend";
    .port_info 5 /OUTPUT 16 "o_remainder";
    .port_info 6 /OUTPUT 16 "o_quotient";
L_0x7f2430da09a8 .functor BUFT 1, C4<0000000000000001>, C4<0>, C4<0>, C4<0>;
L_0x13526f0 .functor AND 16, L_0x13533d0, L_0x7f2430da09a8, C4<1111111111111111>, C4<1111111111111111>;
L_0x1352990 .functor OR 16, L_0x13531b0, L_0x13526f0, C4<0000000000000000>, C4<0000000000000000>;
L_0x7f2430da0ac8 .functor BUFT 1, C4<0000000000000001>, C4<0>, C4<0>, C4<0>;
L_0x1353dc0 .functor OR 16, L_0x1353cd0, L_0x7f2430da0ac8, C4<0000000000000000>, C4<0000000000000000>;
v0x131e3d0_0 .net *"_ivl_0", 15 0, L_0x13531b0;  1 drivers
L_0x7f2430da0960 .functor BUFT 1, C4<000000000000000>, C4<0>, C4<0>, C4<0>;
v0x131e4d0_0 .net *"_ivl_10", 14 0, L_0x7f2430da0960;  1 drivers
v0x131e5b0_0 .net/2u *"_ivl_12", 15 0, L_0x7f2430da09a8;  1 drivers
v0x131e670_0 .net *"_ivl_14", 15 0, L_0x13526f0;  1 drivers
v0x131e750_0 .net *"_ivl_18", 0 0, L_0x1353600;  1 drivers
v0x131e860_0 .net *"_ivl_2", 14 0, L_0x1352e70;  1 drivers
L_0x7f2430da09f0 .functor BUFT 1, C4<000000000000000>, C4<0>, C4<0>, C4<0>;
v0x131e940_0 .net *"_ivl_23", 14 0, L_0x7f2430da09f0;  1 drivers
v0x131ea20_0 .net *"_ivl_25", 0 0, L_0x1353870;  1 drivers
v0x131eb00_0 .net *"_ivl_26", 15 0, L_0x1353ae0;  1 drivers
v0x131ebe0_0 .net *"_ivl_28", 14 0, L_0x1353960;  1 drivers
L_0x7f2430da0a38 .functor BUFT 1, C4<0>, C4<0>, C4<0>, C4<0>;
v0x131ecc0_0 .net *"_ivl_30", 0 0, L_0x7f2430da0a38;  1 drivers
v0x131eda0_0 .net *"_ivl_32", 15 0, L_0x1353cd0;  1 drivers
v0x131ee80_0 .net *"_ivl_34", 14 0, L_0x1353bd0;  1 drivers
L_0x7f2430da0a80 .functor BUFT 1, C4<0>, C4<0>, C4<0>, C4<0>;
v0x131ef60_0 .net *"_ivl_36", 0 0, L_0x7f2430da0a80;  1 drivers
v0x131f040_0 .net/2u *"_ivl_38", 15 0, L_0x7f2430da0ac8;  1 drivers
L_0x7f2430da0918 .functor BUFT 1, C4<0>, C4<0>, C4<0>, C4<0>;
v0x131f120_0 .net *"_ivl_4", 0 0, L_0x7f2430da0918;  1 drivers
v0x131f200_0 .net *"_ivl_40", 15 0, L_0x1353dc0;  1 drivers
v0x131f3f0_0 .net *"_ivl_45", 0 0, L_0x13540d0;  1 drivers
v0x131f4d0_0 .net *"_ivl_46", 15 0, L_0x1354170;  1 drivers
v0x131f5b0_0 .net *"_ivl_52", 14 0, L_0x13544d0;  1 drivers
L_0x7f2430da0b10 .functor BUFT 1, C4<0>, C4<0>, C4<0>, C4<0>;
v0x131f690_0 .net *"_ivl_54", 0 0, L_0x7f2430da0b10;  1 drivers
v0x131f770_0 .net *"_ivl_6", 15 0, L_0x13533d0;  1 drivers
v0x131f850_0 .net *"_ivl_8", 0 0, L_0x13532a0;  1 drivers
v0x131f930_0 .net "i_dividend", 15 0, L_0x1352d80;  alias, 1 drivers
v0x131f9f0_0 .net "i_divisor", 15 0, v0x133ce10_0;  alias, 1 drivers
v0x131fa90_0 .net "i_quotient", 15 0, L_0x1352650;  alias, 1 drivers
v0x131fb80_0 .net "i_remainder", 15 0, L_0x1352a80;  alias, 1 drivers
v0x131fc50_0 .net "mid_v", 15 0, L_0x13536f0;  1 drivers
v0x131fd10_0 .net "o_dividend", 15 0, L_0x1354600;  alias, 1 drivers
v0x131fdf0_0 .net "o_quotient", 15 0, L_0x1353ed0;  alias, 1 drivers
v0x131fed0_0 .net "o_remainder", 15 0, L_0x1354300;  alias, 1 drivers
v0x131ffb0_0 .net "temp_r", 15 0, L_0x1352990;  1 drivers
L_0x1352e70 .part L_0x1352a80, 0, 15;
L_0x13531b0 .concat [ 1 15 0 0], L_0x7f2430da0918, L_0x1352e70;
L_0x13532a0 .part L_0x1352d80, 15, 1;
L_0x13533d0 .concat [ 1 15 0 0], L_0x13532a0, L_0x7f2430da0960;
L_0x1353600 .cmp/gt 16, v0x133ce10_0, L_0x1352990;
L_0x13536f0 .concat [ 1 15 0 0], L_0x1353600, L_0x7f2430da09f0;
L_0x1353870 .part L_0x13536f0, 0, 1;
L_0x1353960 .part L_0x1352650, 0, 15;
L_0x1353ae0 .concat [ 1 15 0 0], L_0x7f2430da0a38, L_0x1353960;
L_0x1353bd0 .part L_0x1352650, 0, 15;
L_0x1353cd0 .concat [ 1 15 0 0], L_0x7f2430da0a80, L_0x1353bd0;
L_0x1353ed0 .functor MUXZ 16, L_0x1353dc0, L_0x1353ae0, L_0x1353870, C4<>;
L_0x13540d0 .part L_0x13536f0, 0, 1;
L_0x1354170 .arith/sub 16, L_0x1352990, v0x133ce10_0;
L_0x1354300 .functor MUXZ 16, L_0x1354170, L_0x1352990, L_0x13540d0, C4<>;
L_0x13544d0 .part L_0x1352d80, 0, 15;
L_0x1354600 .concat [ 1 15 0 0], L_0x7f2430da0b10, L_0x13544d0;
S_0x1320170 .scope generate, "genblk1[5]" "genblk1[5]" 3 18, 3 18 0, S_0x12ffda0;
 .timescale -9 -12;
P_0x131e7f0 .param/l "i" 0 3 18, +C4<0101>;
S_0x13203b0 .scope module, "one" "lc4_divider_one_iter" 3 20, 3 26 0, S_0x1320170;
 .timescale -9 -12;
    .port_info 0 /INPUT 16 "i_dividend";
    .port_info 1 /INPUT 16 "i_divisor";
    .port_info 2 /INPUT 16 "i_remainder";
    .port_info 3 /INPUT 16 "i_quotient";
    .port_info 4 /OUTPUT 16 "o_dividend";
    .port_info 5 /OUTPUT 16 "o_remainder";
    .port_info 6 /OUTPUT 16 "o_quotient";
L_0x7f2430da0be8 .functor BUFT 1, C4<0000000000000001>, C4<0>, C4<0>, C4<0>;
L_0x1353f70 .functor AND 16, L_0x1354a40, L_0x7f2430da0be8, C4<1111111111111111>, C4<1111111111111111>;
L_0x1354210 .functor OR 16, L_0x1354820, L_0x1353f70, C4<0000000000000000>, C4<0000000000000000>;
L_0x7f2430da0d08 .functor BUFT 1, C4<0000000000000001>, C4<0>, C4<0>, C4<0>;
L_0x1355430 .functor OR 16, L_0x1355340, L_0x7f2430da0d08, C4<0000000000000000>, C4<0000000000000000>;
v0x1320640_0 .net *"_ivl_0", 15 0, L_0x1354820;  1 drivers
L_0x7f2430da0ba0 .functor BUFT 1, C4<000000000000000>, C4<0>, C4<0>, C4<0>;
v0x1320740_0 .net *"_ivl_10", 14 0, L_0x7f2430da0ba0;  1 drivers
v0x1320820_0 .net/2u *"_ivl_12", 15 0, L_0x7f2430da0be8;  1 drivers
v0x1320910_0 .net *"_ivl_14", 15 0, L_0x1353f70;  1 drivers
v0x13209f0_0 .net *"_ivl_18", 0 0, L_0x1354c70;  1 drivers
v0x1320b00_0 .net *"_ivl_2", 14 0, L_0x13546f0;  1 drivers
L_0x7f2430da0c30 .functor BUFT 1, C4<000000000000000>, C4<0>, C4<0>, C4<0>;
v0x1320be0_0 .net *"_ivl_23", 14 0, L_0x7f2430da0c30;  1 drivers
v0x1320cc0_0 .net *"_ivl_25", 0 0, L_0x1354ee0;  1 drivers
v0x1320da0_0 .net *"_ivl_26", 15 0, L_0x1355150;  1 drivers
v0x1320f10_0 .net *"_ivl_28", 14 0, L_0x1354fd0;  1 drivers
L_0x7f2430da0c78 .functor BUFT 1, C4<0>, C4<0>, C4<0>, C4<0>;
v0x1320ff0_0 .net *"_ivl_30", 0 0, L_0x7f2430da0c78;  1 drivers
v0x13210d0_0 .net *"_ivl_32", 15 0, L_0x1355340;  1 drivers
v0x13211b0_0 .net *"_ivl_34", 14 0, L_0x1355240;  1 drivers
L_0x7f2430da0cc0 .functor BUFT 1, C4<0>, C4<0>, C4<0>, C4<0>;
v0x1321290_0 .net *"_ivl_36", 0 0, L_0x7f2430da0cc0;  1 drivers
v0x1321370_0 .net/2u *"_ivl_38", 15 0, L_0x7f2430da0d08;  1 drivers
L_0x7f2430da0b58 .functor BUFT 1, C4<0>, C4<0>, C4<0>, C4<0>;
v0x1321450_0 .net *"_ivl_4", 0 0, L_0x7f2430da0b58;  1 drivers
v0x1321530_0 .net *"_ivl_40", 15 0, L_0x1355430;  1 drivers
v0x1321720_0 .net *"_ivl_45", 0 0, L_0x1355740;  1 drivers
v0x1321800_0 .net *"_ivl_46", 15 0, L_0x13557e0;  1 drivers
v0x13218e0_0 .net *"_ivl_52", 14 0, L_0x1355b40;  1 drivers
L_0x7f2430da0d50 .functor BUFT 1, C4<0>, C4<0>, C4<0>, C4<0>;
v0x13219c0_0 .net *"_ivl_54", 0 0, L_0x7f2430da0d50;  1 drivers
v0x1321aa0_0 .net *"_ivl_6", 15 0, L_0x1354a40;  1 drivers
v0x1321b80_0 .net *"_ivl_8", 0 0, L_0x1354910;  1 drivers
v0x1321c60_0 .net "i_dividend", 15 0, L_0x1354600;  alias, 1 drivers
v0x1321d20_0 .net "i_divisor", 15 0, v0x133ce10_0;  alias, 1 drivers
v0x1321dc0_0 .net "i_quotient", 15 0, L_0x1353ed0;  alias, 1 drivers
v0x1321eb0_0 .net "i_remainder", 15 0, L_0x1354300;  alias, 1 drivers
v0x1321f80_0 .net "mid_v", 15 0, L_0x1354d60;  1 drivers
v0x1322040_0 .net "o_dividend", 15 0, L_0x1355c70;  alias, 1 drivers
v0x1322120_0 .net "o_quotient", 15 0, L_0x1355540;  alias, 1 drivers
v0x1322200_0 .net "o_remainder", 15 0, L_0x1355970;  alias, 1 drivers
v0x13222e0_0 .net "temp_r", 15 0, L_0x1354210;  1 drivers
L_0x13546f0 .part L_0x1354300, 0, 15;
L_0x1354820 .concat [ 1 15 0 0], L_0x7f2430da0b58, L_0x13546f0;
L_0x1354910 .part L_0x1354600, 15, 1;
L_0x1354a40 .concat [ 1 15 0 0], L_0x1354910, L_0x7f2430da0ba0;
L_0x1354c70 .cmp/gt 16, v0x133ce10_0, L_0x1354210;
L_0x1354d60 .concat [ 1 15 0 0], L_0x1354c70, L_0x7f2430da0c30;
L_0x1354ee0 .part L_0x1354d60, 0, 1;
L_0x1354fd0 .part L_0x1353ed0, 0, 15;
L_0x1355150 .concat [ 1 15 0 0], L_0x7f2430da0c78, L_0x1354fd0;
L_0x1355240 .part L_0x1353ed0, 0, 15;
L_0x1355340 .concat [ 1 15 0 0], L_0x7f2430da0cc0, L_0x1355240;
L_0x1355540 .functor MUXZ 16, L_0x1355430, L_0x1355150, L_0x1354ee0, C4<>;
L_0x1355740 .part L_0x1354d60, 0, 1;
L_0x13557e0 .arith/sub 16, L_0x1354210, v0x133ce10_0;
L_0x1355970 .functor MUXZ 16, L_0x13557e0, L_0x1354210, L_0x1355740, C4<>;
L_0x1355b40 .part L_0x1354600, 0, 15;
L_0x1355c70 .concat [ 1 15 0 0], L_0x7f2430da0d50, L_0x1355b40;
S_0x13224e0 .scope generate, "genblk1[6]" "genblk1[6]" 3 18, 3 18 0, S_0x12ffda0;
 .timescale -9 -12;
P_0x1322690 .param/l "i" 0 3 18, +C4<0110>;
S_0x1322770 .scope module, "one" "lc4_divider_one_iter" 3 20, 3 26 0, S_0x13224e0;
 .timescale -9 -12;
    .port_info 0 /INPUT 16 "i_dividend";
    .port_info 1 /INPUT 16 "i_divisor";
    .port_info 2 /INPUT 16 "i_remainder";
    .port_info 3 /INPUT 16 "i_quotient";
    .port_info 4 /OUTPUT 16 "o_dividend";
    .port_info 5 /OUTPUT 16 "o_remainder";
    .port_info 6 /OUTPUT 16 "o_quotient";
L_0x7f2430da0e28 .functor BUFT 1, C4<0000000000000001>, C4<0>, C4<0>, C4<0>;
L_0x13555e0 .functor AND 16, L_0x13560b0, L_0x7f2430da0e28, C4<1111111111111111>, C4<1111111111111111>;
L_0x1355880 .functor OR 16, L_0x1355e90, L_0x13555e0, C4<0000000000000000>, C4<0000000000000000>;
L_0x7f2430da0f48 .functor BUFT 1, C4<0000000000000001>, C4<0>, C4<0>, C4<0>;
L_0x1356aa0 .functor OR 16, L_0x13569b0, L_0x7f2430da0f48, C4<0000000000000000>, C4<0000000000000000>;
v0x1322a00_0 .net *"_ivl_0", 15 0, L_0x1355e90;  1 drivers
L_0x7f2430da0de0 .functor BUFT 1, C4<000000000000000>, C4<0>, C4<0>, C4<0>;
v0x1322b00_0 .net *"_ivl_10", 14 0, L_0x7f2430da0de0;  1 drivers
v0x1322be0_0 .net/2u *"_ivl_12", 15 0, L_0x7f2430da0e28;  1 drivers
v0x1322cd0_0 .net *"_ivl_14", 15 0, L_0x13555e0;  1 drivers
v0x1322db0_0 .net *"_ivl_18", 0 0, L_0x13562e0;  1 drivers
v0x1322ec0_0 .net *"_ivl_2", 14 0, L_0x1355d60;  1 drivers
L_0x7f2430da0e70 .functor BUFT 1, C4<000000000000000>, C4<0>, C4<0>, C4<0>;
v0x1322fa0_0 .net *"_ivl_23", 14 0, L_0x7f2430da0e70;  1 drivers
v0x1323080_0 .net *"_ivl_25", 0 0, L_0x1356550;  1 drivers
v0x1323160_0 .net *"_ivl_26", 15 0, L_0x13567c0;  1 drivers
v0x1323240_0 .net *"_ivl_28", 14 0, L_0x1356640;  1 drivers
L_0x7f2430da0eb8 .functor BUFT 1, C4<0>, C4<0>, C4<0>, C4<0>;
v0x1323320_0 .net *"_ivl_30", 0 0, L_0x7f2430da0eb8;  1 drivers
v0x1323400_0 .net *"_ivl_32", 15 0, L_0x13569b0;  1 drivers
v0x13234e0_0 .net *"_ivl_34", 14 0, L_0x13568b0;  1 drivers
L_0x7f2430da0f00 .functor BUFT 1, C4<0>, C4<0>, C4<0>, C4<0>;
v0x13235c0_0 .net *"_ivl_36", 0 0, L_0x7f2430da0f00;  1 drivers
v0x13236a0_0 .net/2u *"_ivl_38", 15 0, L_0x7f2430da0f48;  1 drivers
L_0x7f2430da0d98 .functor BUFT 1, C4<0>, C4<0>, C4<0>, C4<0>;
v0x1323780_0 .net *"_ivl_4", 0 0, L_0x7f2430da0d98;  1 drivers
v0x1323860_0 .net *"_ivl_40", 15 0, L_0x1356aa0;  1 drivers
v0x1323a50_0 .net *"_ivl_45", 0 0, L_0x1356db0;  1 drivers
v0x1323b30_0 .net *"_ivl_46", 15 0, L_0x1356e50;  1 drivers
v0x1323c10_0 .net *"_ivl_52", 14 0, L_0x1357540;  1 drivers
L_0x7f2430da0f90 .functor BUFT 1, C4<0>, C4<0>, C4<0>, C4<0>;
v0x1323cf0_0 .net *"_ivl_54", 0 0, L_0x7f2430da0f90;  1 drivers
v0x1323dd0_0 .net *"_ivl_6", 15 0, L_0x13560b0;  1 drivers
v0x1323eb0_0 .net *"_ivl_8", 0 0, L_0x1355f80;  1 drivers
v0x1323f90_0 .net "i_dividend", 15 0, L_0x1355c70;  alias, 1 drivers
v0x1324050_0 .net "i_divisor", 15 0, v0x133ce10_0;  alias, 1 drivers
v0x13240f0_0 .net "i_quotient", 15 0, L_0x1355540;  alias, 1 drivers
v0x13241e0_0 .net "i_remainder", 15 0, L_0x1355970;  alias, 1 drivers
v0x13242b0_0 .net "mid_v", 15 0, L_0x13563d0;  1 drivers
v0x1324370_0 .net "o_dividend", 15 0, L_0x1357670;  alias, 1 drivers
v0x1324450_0 .net "o_quotient", 15 0, L_0x1356bb0;  alias, 1 drivers
v0x1324530_0 .net "o_remainder", 15 0, L_0x1357370;  alias, 1 drivers
v0x1324610_0 .net "temp_r", 15 0, L_0x1355880;  1 drivers
L_0x1355d60 .part L_0x1355970, 0, 15;
L_0x1355e90 .concat [ 1 15 0 0], L_0x7f2430da0d98, L_0x1355d60;
L_0x1355f80 .part L_0x1355c70, 15, 1;
L_0x13560b0 .concat [ 1 15 0 0], L_0x1355f80, L_0x7f2430da0de0;
L_0x13562e0 .cmp/gt 16, v0x133ce10_0, L_0x1355880;
L_0x13563d0 .concat [ 1 15 0 0], L_0x13562e0, L_0x7f2430da0e70;
L_0x1356550 .part L_0x13563d0, 0, 1;
L_0x1356640 .part L_0x1355540, 0, 15;
L_0x13567c0 .concat [ 1 15 0 0], L_0x7f2430da0eb8, L_0x1356640;
L_0x13568b0 .part L_0x1355540, 0, 15;
L_0x13569b0 .concat [ 1 15 0 0], L_0x7f2430da0f00, L_0x13568b0;
L_0x1356bb0 .functor MUXZ 16, L_0x1356aa0, L_0x13567c0, L_0x1356550, C4<>;
L_0x1356db0 .part L_0x13563d0, 0, 1;
L_0x1356e50 .arith/sub 16, L_0x1355880, v0x133ce10_0;
L_0x1357370 .functor MUXZ 16, L_0x1356e50, L_0x1355880, L_0x1356db0, C4<>;
L_0x1357540 .part L_0x1355c70, 0, 15;
L_0x1357670 .concat [ 1 15 0 0], L_0x7f2430da0f90, L_0x1357540;
S_0x1324810 .scope generate, "genblk1[7]" "genblk1[7]" 3 18, 3 18 0, S_0x12ffda0;
 .timescale -9 -12;
P_0x13249c0 .param/l "i" 0 3 18, +C4<0111>;
S_0x1324aa0 .scope module, "one" "lc4_divider_one_iter" 3 20, 3 26 0, S_0x1324810;
 .timescale -9 -12;
    .port_info 0 /INPUT 16 "i_dividend";
    .port_info 1 /INPUT 16 "i_divisor";
    .port_info 2 /INPUT 16 "i_remainder";
    .port_info 3 /INPUT 16 "i_quotient";
    .port_info 4 /OUTPUT 16 "o_dividend";
    .port_info 5 /OUTPUT 16 "o_remainder";
    .port_info 6 /OUTPUT 16 "o_quotient";
L_0x7f2430da1068 .functor BUFT 1, C4<0000000000000001>, C4<0>, C4<0>, C4<0>;
L_0x1356c50 .functor AND 16, L_0x1357ab0, L_0x7f2430da1068, C4<1111111111111111>, C4<1111111111111111>;
L_0x1356ef0 .functor OR 16, L_0x1357890, L_0x1356c50, C4<0000000000000000>, C4<0000000000000000>;
L_0x7f2430da1188 .functor BUFT 1, C4<0000000000000001>, C4<0>, C4<0>, C4<0>;
L_0x1358460 .functor OR 16, L_0x1358370, L_0x7f2430da1188, C4<0000000000000000>, C4<0000000000000000>;
v0x1324d30_0 .net *"_ivl_0", 15 0, L_0x1357890;  1 drivers
L_0x7f2430da1020 .functor BUFT 1, C4<000000000000000>, C4<0>, C4<0>, C4<0>;
v0x1324e30_0 .net *"_ivl_10", 14 0, L_0x7f2430da1020;  1 drivers
v0x1324f10_0 .net/2u *"_ivl_12", 15 0, L_0x7f2430da1068;  1 drivers
v0x1325000_0 .net *"_ivl_14", 15 0, L_0x1356c50;  1 drivers
v0x13250e0_0 .net *"_ivl_18", 0 0, L_0x1357ce0;  1 drivers
v0x13251f0_0 .net *"_ivl_2", 14 0, L_0x1357760;  1 drivers
L_0x7f2430da10b0 .functor BUFT 1, C4<000000000000000>, C4<0>, C4<0>, C4<0>;
v0x13252d0_0 .net *"_ivl_23", 14 0, L_0x7f2430da10b0;  1 drivers
v0x13253b0_0 .net *"_ivl_25", 0 0, L_0x1357f10;  1 drivers
v0x1325490_0 .net *"_ivl_26", 15 0, L_0x1358180;  1 drivers
v0x1325570_0 .net *"_ivl_28", 14 0, L_0x1358000;  1 drivers
L_0x7f2430da10f8 .functor BUFT 1, C4<0>, C4<0>, C4<0>, C4<0>;
v0x1325650_0 .net *"_ivl_30", 0 0, L_0x7f2430da10f8;  1 drivers
v0x1325730_0 .net *"_ivl_32", 15 0, L_0x1358370;  1 drivers
v0x1325810_0 .net *"_ivl_34", 14 0, L_0x1358270;  1 drivers
L_0x7f2430da1140 .functor BUFT 1, C4<0>, C4<0>, C4<0>, C4<0>;
v0x13258f0_0 .net *"_ivl_36", 0 0, L_0x7f2430da1140;  1 drivers
v0x13259d0_0 .net/2u *"_ivl_38", 15 0, L_0x7f2430da1188;  1 drivers
L_0x7f2430da0fd8 .functor BUFT 1, C4<0>, C4<0>, C4<0>, C4<0>;
v0x1325ab0_0 .net *"_ivl_4", 0 0, L_0x7f2430da0fd8;  1 drivers
v0x1325b90_0 .net *"_ivl_40", 15 0, L_0x1358460;  1 drivers
v0x1325d80_0 .net *"_ivl_45", 0 0, L_0x1358770;  1 drivers
v0x1325e60_0 .net *"_ivl_46", 15 0, L_0x1358810;  1 drivers
v0x1325f40_0 .net *"_ivl_52", 14 0, L_0x1358af0;  1 drivers
L_0x7f2430da11d0 .functor BUFT 1, C4<0>, C4<0>, C4<0>, C4<0>;
v0x1326020_0 .net *"_ivl_54", 0 0, L_0x7f2430da11d0;  1 drivers
v0x1326100_0 .net *"_ivl_6", 15 0, L_0x1357ab0;  1 drivers
v0x13261e0_0 .net *"_ivl_8", 0 0, L_0x1357980;  1 drivers
v0x13262c0_0 .net "i_dividend", 15 0, L_0x1357670;  alias, 1 drivers
v0x1326380_0 .net "i_divisor", 15 0, v0x133ce10_0;  alias, 1 drivers
v0x1326420_0 .net "i_quotient", 15 0, L_0x1356bb0;  alias, 1 drivers
v0x1326510_0 .net "i_remainder", 15 0, L_0x1357370;  alias, 1 drivers
v0x13265e0_0 .net "mid_v", 15 0, L_0x1357dd0;  1 drivers
v0x13266a0_0 .net "o_dividend", 15 0, L_0x1358c20;  alias, 1 drivers
v0x1326780_0 .net "o_quotient", 15 0, L_0x1358570;  alias, 1 drivers
v0x1326860_0 .net "o_remainder", 15 0, L_0x1358920;  alias, 1 drivers
v0x1326940_0 .net "temp_r", 15 0, L_0x1356ef0;  1 drivers
L_0x1357760 .part L_0x1357370, 0, 15;
L_0x1357890 .concat [ 1 15 0 0], L_0x7f2430da0fd8, L_0x1357760;
L_0x1357980 .part L_0x1357670, 15, 1;
L_0x1357ab0 .concat [ 1 15 0 0], L_0x1357980, L_0x7f2430da1020;
L_0x1357ce0 .cmp/gt 16, v0x133ce10_0, L_0x1356ef0;
L_0x1357dd0 .concat [ 1 15 0 0], L_0x1357ce0, L_0x7f2430da10b0;
L_0x1357f10 .part L_0x1357dd0, 0, 1;
L_0x1358000 .part L_0x1356bb0, 0, 15;
L_0x1358180 .concat [ 1 15 0 0], L_0x7f2430da10f8, L_0x1358000;
L_0x1358270 .part L_0x1356bb0, 0, 15;
L_0x1358370 .concat [ 1 15 0 0], L_0x7f2430da1140, L_0x1358270;
L_0x1358570 .functor MUXZ 16, L_0x1358460, L_0x1358180, L_0x1357f10, C4<>;
L_0x1358770 .part L_0x1357dd0, 0, 1;
L_0x1358810 .arith/sub 16, L_0x1356ef0, v0x133ce10_0;
L_0x1358920 .functor MUXZ 16, L_0x1358810, L_0x1356ef0, L_0x1358770, C4<>;
L_0x1358af0 .part L_0x1357670, 0, 15;
L_0x1358c20 .concat [ 1 15 0 0], L_0x7f2430da11d0, L_0x1358af0;
S_0x1326b40 .scope generate, "genblk1[8]" "genblk1[8]" 3 18, 3 18 0, S_0x12ffda0;
 .timescale -9 -12;
P_0x131e010 .param/l "i" 0 3 18, +C4<01000>;
S_0x1326d80 .scope module, "one" "lc4_divider_one_iter" 3 20, 3 26 0, S_0x1326b40;
 .timescale -9 -12;
    .port_info 0 /INPUT 16 "i_dividend";
    .port_info 1 /INPUT 16 "i_divisor";
    .port_info 2 /INPUT 16 "i_remainder";
    .port_info 3 /INPUT 16 "i_quotient";
    .port_info 4 /OUTPUT 16 "o_dividend";
    .port_info 5 /OUTPUT 16 "o_remainder";
    .port_info 6 /OUTPUT 16 "o_quotient";
L_0x7f2430da12a8 .functor BUFT 1, C4<0000000000000001>, C4<0>, C4<0>, C4<0>;
L_0x1358610 .functor AND 16, L_0x1359420, L_0x7f2430da12a8, C4<1111111111111111>, C4<1111111111111111>;
L_0x13588b0 .functor OR 16, L_0x1359250, L_0x1358610, C4<0000000000000000>, C4<0000000000000000>;
L_0x7f2430da13c8 .functor BUFT 1, C4<0000000000000001>, C4<0>, C4<0>, C4<0>;
L_0x1359d30 .functor OR 16, L_0x1359c40, L_0x7f2430da13c8, C4<0000000000000000>, C4<0000000000000000>;
v0x1327010_0 .net *"_ivl_0", 15 0, L_0x1359250;  1 drivers
L_0x7f2430da1260 .functor BUFT 1, C4<000000000000000>, C4<0>, C4<0>, C4<0>;
v0x1327110_0 .net *"_ivl_10", 14 0, L_0x7f2430da1260;  1 drivers
v0x13271f0_0 .net/2u *"_ivl_12", 15 0, L_0x7f2430da12a8;  1 drivers
v0x13272e0_0 .net *"_ivl_14", 15 0, L_0x1358610;  1 drivers
v0x13273c0_0 .net *"_ivl_18", 0 0, L_0x13595b0;  1 drivers
v0x13274d0_0 .net *"_ivl_2", 14 0, L_0x1358d10;  1 drivers
L_0x7f2430da12f0 .functor BUFT 1, C4<000000000000000>, C4<0>, C4<0>, C4<0>;
v0x13275b0_0 .net *"_ivl_23", 14 0, L_0x7f2430da12f0;  1 drivers
v0x1327690_0 .net *"_ivl_25", 0 0, L_0x13597e0;  1 drivers
v0x1327770_0 .net *"_ivl_26", 15 0, L_0x1359a50;  1 drivers
v0x13278e0_0 .net *"_ivl_28", 14 0, L_0x13598d0;  1 drivers
L_0x7f2430da1338 .functor BUFT 1, C4<0>, C4<0>, C4<0>, C4<0>;
v0x13279c0_0 .net *"_ivl_30", 0 0, L_0x7f2430da1338;  1 drivers
v0x1327aa0_0 .net *"_ivl_32", 15 0, L_0x1359c40;  1 drivers
v0x1327b80_0 .net *"_ivl_34", 14 0, L_0x1359b40;  1 drivers
L_0x7f2430da1380 .functor BUFT 1, C4<0>, C4<0>, C4<0>, C4<0>;
v0x1327c60_0 .net *"_ivl_36", 0 0, L_0x7f2430da1380;  1 drivers
v0x1327d40_0 .net/2u *"_ivl_38", 15 0, L_0x7f2430da13c8;  1 drivers
L_0x7f2430da1218 .functor BUFT 1, C4<0>, C4<0>, C4<0>, C4<0>;
v0x1327e20_0 .net *"_ivl_4", 0 0, L_0x7f2430da1218;  1 drivers
v0x1327f00_0 .net *"_ivl_40", 15 0, L_0x1359d30;  1 drivers
v0x13280f0_0 .net *"_ivl_45", 0 0, L_0x135a040;  1 drivers
v0x13281d0_0 .net *"_ivl_46", 15 0, L_0x135a0e0;  1 drivers
v0x13282b0_0 .net *"_ivl_52", 14 0, L_0x135a440;  1 drivers
L_0x7f2430da1410 .functor BUFT 1, C4<0>, C4<0>, C4<0>, C4<0>;
v0x1328390_0 .net *"_ivl_54", 0 0, L_0x7f2430da1410;  1 drivers
v0x1328470_0 .net *"_ivl_6", 15 0, L_0x1359420;  1 drivers
v0x1328550_0 .net *"_ivl_8", 0 0, L_0x13592f0;  1 drivers
v0x1328630_0 .net "i_dividend", 15 0, L_0x1358c20;  alias, 1 drivers
v0x13286f0_0 .net "i_divisor", 15 0, v0x133ce10_0;  alias, 1 drivers
v0x13288a0_0 .net "i_quotient", 15 0, L_0x1358570;  alias, 1 drivers
v0x1328990_0 .net "i_remainder", 15 0, L_0x1358920;  alias, 1 drivers
v0x1328a60_0 .net "mid_v", 15 0, L_0x13596a0;  1 drivers
v0x1328b20_0 .net "o_dividend", 15 0, L_0x135a570;  alias, 1 drivers
v0x1328c00_0 .net "o_quotient", 15 0, L_0x1359e40;  alias, 1 drivers
v0x1328ce0_0 .net "o_remainder", 15 0, L_0x135a270;  alias, 1 drivers
v0x1328dc0_0 .net "temp_r", 15 0, L_0x13588b0;  1 drivers
L_0x1358d10 .part L_0x1358920, 0, 15;
L_0x1359250 .concat [ 1 15 0 0], L_0x7f2430da1218, L_0x1358d10;
L_0x13592f0 .part L_0x1358c20, 15, 1;
L_0x1359420 .concat [ 1 15 0 0], L_0x13592f0, L_0x7f2430da1260;
L_0x13595b0 .cmp/gt 16, v0x133ce10_0, L_0x13588b0;
L_0x13596a0 .concat [ 1 15 0 0], L_0x13595b0, L_0x7f2430da12f0;
L_0x13597e0 .part L_0x13596a0, 0, 1;
L_0x13598d0 .part L_0x1358570, 0, 15;
L_0x1359a50 .concat [ 1 15 0 0], L_0x7f2430da1338, L_0x13598d0;
L_0x1359b40 .part L_0x1358570, 0, 15;
L_0x1359c40 .concat [ 1 15 0 0], L_0x7f2430da1380, L_0x1359b40;
L_0x1359e40 .functor MUXZ 16, L_0x1359d30, L_0x1359a50, L_0x13597e0, C4<>;
L_0x135a040 .part L_0x13596a0, 0, 1;
L_0x135a0e0 .arith/sub 16, L_0x13588b0, v0x133ce10_0;
L_0x135a270 .functor MUXZ 16, L_0x135a0e0, L_0x13588b0, L_0x135a040, C4<>;
L_0x135a440 .part L_0x1358c20, 0, 15;
L_0x135a570 .concat [ 1 15 0 0], L_0x7f2430da1410, L_0x135a440;
S_0x1328fc0 .scope generate, "genblk1[9]" "genblk1[9]" 3 18, 3 18 0, S_0x12ffda0;
 .timescale -9 -12;
P_0x1329170 .param/l "i" 0 3 18, +C4<01001>;
S_0x1329250 .scope module, "one" "lc4_divider_one_iter" 3 20, 3 26 0, S_0x1328fc0;
 .timescale -9 -12;
    .port_info 0 /INPUT 16 "i_dividend";
    .port_info 1 /INPUT 16 "i_divisor";
    .port_info 2 /INPUT 16 "i_remainder";
    .port_info 3 /INPUT 16 "i_quotient";
    .port_info 4 /OUTPUT 16 "o_dividend";
    .port_info 5 /OUTPUT 16 "o_remainder";
    .port_info 6 /OUTPUT 16 "o_quotient";
L_0x7f2430da14e8 .functor BUFT 1, C4<0000000000000001>, C4<0>, C4<0>, C4<0>;
L_0x1359ee0 .functor AND 16, L_0x135a9b0, L_0x7f2430da14e8, C4<1111111111111111>, C4<1111111111111111>;
L_0x135a180 .functor OR 16, L_0x135a790, L_0x1359ee0, C4<0000000000000000>, C4<0000000000000000>;
L_0x7f2430da1608 .functor BUFT 1, C4<0000000000000001>, C4<0>, C4<0>, C4<0>;
L_0x135b2b0 .functor OR 16, L_0x135b170, L_0x7f2430da1608, C4<0000000000000000>, C4<0000000000000000>;
v0x13294e0_0 .net *"_ivl_0", 15 0, L_0x135a790;  1 drivers
L_0x7f2430da14a0 .functor BUFT 1, C4<000000000000000>, C4<0>, C4<0>, C4<0>;
v0x13295e0_0 .net *"_ivl_10", 14 0, L_0x7f2430da14a0;  1 drivers
v0x13296c0_0 .net/2u *"_ivl_12", 15 0, L_0x7f2430da14e8;  1 drivers
v0x13297b0_0 .net *"_ivl_14", 15 0, L_0x1359ee0;  1 drivers
v0x1329890_0 .net *"_ivl_18", 0 0, L_0x135abe0;  1 drivers
v0x13299a0_0 .net *"_ivl_2", 14 0, L_0x135a660;  1 drivers
L_0x7f2430da1530 .functor BUFT 1, C4<000000000000000>, C4<0>, C4<0>, C4<0>;
v0x1329a80_0 .net *"_ivl_23", 14 0, L_0x7f2430da1530;  1 drivers
v0x1329b60_0 .net *"_ivl_25", 0 0, L_0x135ae10;  1 drivers
v0x1329c40_0 .net *"_ivl_26", 15 0, L_0x135b030;  1 drivers
v0x1329d20_0 .net *"_ivl_28", 14 0, L_0x135af00;  1 drivers
L_0x7f2430da1578 .functor BUFT 1, C4<0>, C4<0>, C4<0>, C4<0>;
v0x1329e00_0 .net *"_ivl_30", 0 0, L_0x7f2430da1578;  1 drivers
v0x1329ee0_0 .net *"_ivl_32", 15 0, L_0x135b170;  1 drivers
v0x1329fc0_0 .net *"_ivl_34", 14 0, L_0x135b0d0;  1 drivers
L_0x7f2430da15c0 .functor BUFT 1, C4<0>, C4<0>, C4<0>, C4<0>;
v0x132a0a0_0 .net *"_ivl_36", 0 0, L_0x7f2430da15c0;  1 drivers
v0x132a180_0 .net/2u *"_ivl_38", 15 0, L_0x7f2430da1608;  1 drivers
L_0x7f2430da1458 .functor BUFT 1, C4<0>, C4<0>, C4<0>, C4<0>;
v0x132a260_0 .net *"_ivl_4", 0 0, L_0x7f2430da1458;  1 drivers
v0x132a340_0 .net *"_ivl_40", 15 0, L_0x135b2b0;  1 drivers
v0x132a530_0 .net *"_ivl_45", 0 0, L_0x135b5c0;  1 drivers
v0x132a610_0 .net *"_ivl_46", 15 0, L_0x135b660;  1 drivers
v0x132a6f0_0 .net *"_ivl_52", 14 0, L_0x135b9c0;  1 drivers
L_0x7f2430da1650 .functor BUFT 1, C4<0>, C4<0>, C4<0>, C4<0>;
v0x132a7d0_0 .net *"_ivl_54", 0 0, L_0x7f2430da1650;  1 drivers
v0x132a8b0_0 .net *"_ivl_6", 15 0, L_0x135a9b0;  1 drivers
v0x132a990_0 .net *"_ivl_8", 0 0, L_0x135a880;  1 drivers
v0x132aa70_0 .net "i_dividend", 15 0, L_0x135a570;  alias, 1 drivers
v0x132ab30_0 .net "i_divisor", 15 0, v0x133ce10_0;  alias, 1 drivers
v0x132abd0_0 .net "i_quotient", 15 0, L_0x1359e40;  alias, 1 drivers
v0x132acc0_0 .net "i_remainder", 15 0, L_0x135a270;  alias, 1 drivers
v0x132ad90_0 .net "mid_v", 15 0, L_0x135acd0;  1 drivers
v0x132ae50_0 .net "o_dividend", 15 0, L_0x135baf0;  alias, 1 drivers
v0x132af30_0 .net "o_quotient", 15 0, L_0x135b3c0;  alias, 1 drivers
v0x132b010_0 .net "o_remainder", 15 0, L_0x135b7f0;  alias, 1 drivers
v0x132b0f0_0 .net "temp_r", 15 0, L_0x135a180;  1 drivers
L_0x135a660 .part L_0x135a270, 0, 15;
L_0x135a790 .concat [ 1 15 0 0], L_0x7f2430da1458, L_0x135a660;
L_0x135a880 .part L_0x135a570, 15, 1;
L_0x135a9b0 .concat [ 1 15 0 0], L_0x135a880, L_0x7f2430da14a0;
L_0x135abe0 .cmp/gt 16, v0x133ce10_0, L_0x135a180;
L_0x135acd0 .concat [ 1 15 0 0], L_0x135abe0, L_0x7f2430da1530;
L_0x135ae10 .part L_0x135acd0, 0, 1;
L_0x135af00 .part L_0x1359e40, 0, 15;
L_0x135b030 .concat [ 1 15 0 0], L_0x7f2430da1578, L_0x135af00;
L_0x135b0d0 .part L_0x1359e40, 0, 15;
L_0x135b170 .concat [ 1 15 0 0], L_0x7f2430da15c0, L_0x135b0d0;
L_0x135b3c0 .functor MUXZ 16, L_0x135b2b0, L_0x135b030, L_0x135ae10, C4<>;
L_0x135b5c0 .part L_0x135acd0, 0, 1;
L_0x135b660 .arith/sub 16, L_0x135a180, v0x133ce10_0;
L_0x135b7f0 .functor MUXZ 16, L_0x135b660, L_0x135a180, L_0x135b5c0, C4<>;
L_0x135b9c0 .part L_0x135a570, 0, 15;
L_0x135baf0 .concat [ 1 15 0 0], L_0x7f2430da1650, L_0x135b9c0;
S_0x132b2f0 .scope generate, "genblk1[10]" "genblk1[10]" 3 18, 3 18 0, S_0x12ffda0;
 .timescale -9 -12;
P_0x132b4a0 .param/l "i" 0 3 18, +C4<01010>;
S_0x132b580 .scope module, "one" "lc4_divider_one_iter" 3 20, 3 26 0, S_0x132b2f0;
 .timescale -9 -12;
    .port_info 0 /INPUT 16 "i_dividend";
    .port_info 1 /INPUT 16 "i_divisor";
    .port_info 2 /INPUT 16 "i_remainder";
    .port_info 3 /INPUT 16 "i_quotient";
    .port_info 4 /OUTPUT 16 "o_dividend";
    .port_info 5 /OUTPUT 16 "o_remainder";
    .port_info 6 /OUTPUT 16 "o_quotient";
L_0x7f2430da1728 .functor BUFT 1, C4<0000000000000001>, C4<0>, C4<0>, C4<0>;
L_0x135b460 .functor AND 16, L_0x135bf30, L_0x7f2430da1728, C4<1111111111111111>, C4<1111111111111111>;
L_0x135b700 .functor OR 16, L_0x135bd10, L_0x135b460, C4<0000000000000000>, C4<0000000000000000>;
L_0x7f2430da1848 .functor BUFT 1, C4<0000000000000001>, C4<0>, C4<0>, C4<0>;
L_0x135c880 .functor OR 16, L_0x135c790, L_0x7f2430da1848, C4<0000000000000000>, C4<0000000000000000>;
v0x132b810_0 .net *"_ivl_0", 15 0, L_0x135bd10;  1 drivers
L_0x7f2430da16e0 .functor BUFT 1, C4<000000000000000>, C4<0>, C4<0>, C4<0>;
v0x132b910_0 .net *"_ivl_10", 14 0, L_0x7f2430da16e0;  1 drivers
v0x132b9f0_0 .net/2u *"_ivl_12", 15 0, L_0x7f2430da1728;  1 drivers
v0x132bae0_0 .net *"_ivl_14", 15 0, L_0x135b460;  1 drivers
v0x132bbc0_0 .net *"_ivl_18", 0 0, L_0x135c160;  1 drivers
v0x132bcd0_0 .net *"_ivl_2", 14 0, L_0x135bbe0;  1 drivers
L_0x7f2430da1770 .functor BUFT 1, C4<000000000000000>, C4<0>, C4<0>, C4<0>;
v0x132bdb0_0 .net *"_ivl_23", 14 0, L_0x7f2430da1770;  1 drivers
v0x132be90_0 .net *"_ivl_25", 0 0, L_0x135c390;  1 drivers
v0x132bf70_0 .net *"_ivl_26", 15 0, L_0x135c600;  1 drivers
v0x132c050_0 .net *"_ivl_28", 14 0, L_0x135c480;  1 drivers
L_0x7f2430da17b8 .functor BUFT 1, C4<0>, C4<0>, C4<0>, C4<0>;
v0x132c130_0 .net *"_ivl_30", 0 0, L_0x7f2430da17b8;  1 drivers
v0x132c210_0 .net *"_ivl_32", 15 0, L_0x135c790;  1 drivers
v0x132c2f0_0 .net *"_ivl_34", 14 0, L_0x135c6f0;  1 drivers
L_0x7f2430da1800 .functor BUFT 1, C4<0>, C4<0>, C4<0>, C4<0>;
v0x132c3d0_0 .net *"_ivl_36", 0 0, L_0x7f2430da1800;  1 drivers
v0x132c4b0_0 .net/2u *"_ivl_38", 15 0, L_0x7f2430da1848;  1 drivers
L_0x7f2430da1698 .functor BUFT 1, C4<0>, C4<0>, C4<0>, C4<0>;
v0x132c590_0 .net *"_ivl_4", 0 0, L_0x7f2430da1698;  1 drivers
v0x132c670_0 .net *"_ivl_40", 15 0, L_0x135c880;  1 drivers
v0x132c860_0 .net *"_ivl_45", 0 0, L_0x135cb90;  1 drivers
v0x132c940_0 .net *"_ivl_46", 15 0, L_0x135cc30;  1 drivers
v0x132ca20_0 .net *"_ivl_52", 14 0, L_0x135cf10;  1 drivers
L_0x7f2430da1890 .functor BUFT 1, C4<0>, C4<0>, C4<0>, C4<0>;
v0x132cb00_0 .net *"_ivl_54", 0 0, L_0x7f2430da1890;  1 drivers
v0x132cbe0_0 .net *"_ivl_6", 15 0, L_0x135bf30;  1 drivers
v0x132ccc0_0 .net *"_ivl_8", 0 0, L_0x135be00;  1 drivers
v0x132cda0_0 .net "i_dividend", 15 0, L_0x135baf0;  alias, 1 drivers
v0x132ce60_0 .net "i_divisor", 15 0, v0x133ce10_0;  alias, 1 drivers
v0x132cf00_0 .net "i_quotient", 15 0, L_0x135b3c0;  alias, 1 drivers
v0x132cff0_0 .net "i_remainder", 15 0, L_0x135b7f0;  alias, 1 drivers
v0x132d0c0_0 .net "mid_v", 15 0, L_0x135c250;  1 drivers
v0x132d180_0 .net "o_dividend", 15 0, L_0x135d040;  alias, 1 drivers
v0x132d260_0 .net "o_quotient", 15 0, L_0x135c990;  alias, 1 drivers
v0x132d340_0 .net "o_remainder", 15 0, L_0x135cd40;  alias, 1 drivers
v0x132d420_0 .net "temp_r", 15 0, L_0x135b700;  1 drivers
L_0x135bbe0 .part L_0x135b7f0, 0, 15;
L_0x135bd10 .concat [ 1 15 0 0], L_0x7f2430da1698, L_0x135bbe0;
L_0x135be00 .part L_0x135baf0, 15, 1;
L_0x135bf30 .concat [ 1 15 0 0], L_0x135be00, L_0x7f2430da16e0;
L_0x135c160 .cmp/gt 16, v0x133ce10_0, L_0x135b700;
L_0x135c250 .concat [ 1 15 0 0], L_0x135c160, L_0x7f2430da1770;
L_0x135c390 .part L_0x135c250, 0, 1;
L_0x135c480 .part L_0x135b3c0, 0, 15;
L_0x135c600 .concat [ 1 15 0 0], L_0x7f2430da17b8, L_0x135c480;
L_0x135c6f0 .part L_0x135b3c0, 0, 15;
L_0x135c790 .concat [ 1 15 0 0], L_0x7f2430da1800, L_0x135c6f0;
L_0x135c990 .functor MUXZ 16, L_0x135c880, L_0x135c600, L_0x135c390, C4<>;
L_0x135cb90 .part L_0x135c250, 0, 1;
L_0x135cc30 .arith/sub 16, L_0x135b700, v0x133ce10_0;
L_0x135cd40 .functor MUXZ 16, L_0x135cc30, L_0x135b700, L_0x135cb90, C4<>;
L_0x135cf10 .part L_0x135baf0, 0, 15;
L_0x135d040 .concat [ 1 15 0 0], L_0x7f2430da1890, L_0x135cf10;
S_0x132d620 .scope generate, "genblk1[11]" "genblk1[11]" 3 18, 3 18 0, S_0x12ffda0;
 .timescale -9 -12;
P_0x132d7d0 .param/l "i" 0 3 18, +C4<01011>;
S_0x132d8b0 .scope module, "one" "lc4_divider_one_iter" 3 20, 3 26 0, S_0x132d620;
 .timescale -9 -12;
    .port_info 0 /INPUT 16 "i_dividend";
    .port_info 1 /INPUT 16 "i_divisor";
    .port_info 2 /INPUT 16 "i_remainder";
    .port_info 3 /INPUT 16 "i_quotient";
    .port_info 4 /OUTPUT 16 "o_dividend";
    .port_info 5 /OUTPUT 16 "o_remainder";
    .port_info 6 /OUTPUT 16 "o_quotient";
L_0x7f2430da1968 .functor BUFT 1, C4<0000000000000001>, C4<0>, C4<0>, C4<0>;
L_0x135ca30 .functor AND 16, L_0x135d480, L_0x7f2430da1968, C4<1111111111111111>, C4<1111111111111111>;
L_0x135ccd0 .functor OR 16, L_0x135d260, L_0x135ca30, C4<0000000000000000>, C4<0000000000000000>;
L_0x7f2430da1a88 .functor BUFT 1, C4<0000000000000001>, C4<0>, C4<0>, C4<0>;
L_0x135ddd0 .functor OR 16, L_0x135dce0, L_0x7f2430da1a88, C4<0000000000000000>, C4<0000000000000000>;
v0x132db40_0 .net *"_ivl_0", 15 0, L_0x135d260;  1 drivers
L_0x7f2430da1920 .functor BUFT 1, C4<000000000000000>, C4<0>, C4<0>, C4<0>;
v0x132dc40_0 .net *"_ivl_10", 14 0, L_0x7f2430da1920;  1 drivers
v0x132dd20_0 .net/2u *"_ivl_12", 15 0, L_0x7f2430da1968;  1 drivers
v0x132de10_0 .net *"_ivl_14", 15 0, L_0x135ca30;  1 drivers
v0x132def0_0 .net *"_ivl_18", 0 0, L_0x135d6b0;  1 drivers
v0x132e000_0 .net *"_ivl_2", 14 0, L_0x135d130;  1 drivers
L_0x7f2430da19b0 .functor BUFT 1, C4<000000000000000>, C4<0>, C4<0>, C4<0>;
v0x132e0e0_0 .net *"_ivl_23", 14 0, L_0x7f2430da19b0;  1 drivers
v0x132e1c0_0 .net *"_ivl_25", 0 0, L_0x135d8e0;  1 drivers
v0x132e2a0_0 .net *"_ivl_26", 15 0, L_0x135db50;  1 drivers
v0x132e380_0 .net *"_ivl_28", 14 0, L_0x135d9d0;  1 drivers
L_0x7f2430da19f8 .functor BUFT 1, C4<0>, C4<0>, C4<0>, C4<0>;
v0x132e460_0 .net *"_ivl_30", 0 0, L_0x7f2430da19f8;  1 drivers
v0x132e540_0 .net *"_ivl_32", 15 0, L_0x135dce0;  1 drivers
v0x132e620_0 .net *"_ivl_34", 14 0, L_0x135dc40;  1 drivers
L_0x7f2430da1a40 .functor BUFT 1, C4<0>, C4<0>, C4<0>, C4<0>;
v0x132e700_0 .net *"_ivl_36", 0 0, L_0x7f2430da1a40;  1 drivers
v0x132e7e0_0 .net/2u *"_ivl_38", 15 0, L_0x7f2430da1a88;  1 drivers
L_0x7f2430da18d8 .functor BUFT 1, C4<0>, C4<0>, C4<0>, C4<0>;
v0x132e8c0_0 .net *"_ivl_4", 0 0, L_0x7f2430da18d8;  1 drivers
v0x132e9a0_0 .net *"_ivl_40", 15 0, L_0x135ddd0;  1 drivers
v0x132eb90_0 .net *"_ivl_45", 0 0, L_0x135e0e0;  1 drivers
v0x132ec70_0 .net *"_ivl_46", 15 0, L_0x135e180;  1 drivers
v0x132ed50_0 .net *"_ivl_52", 14 0, L_0x135e460;  1 drivers
L_0x7f2430da1ad0 .functor BUFT 1, C4<0>, C4<0>, C4<0>, C4<0>;
v0x132ee30_0 .net *"_ivl_54", 0 0, L_0x7f2430da1ad0;  1 drivers
v0x132ef10_0 .net *"_ivl_6", 15 0, L_0x135d480;  1 drivers
v0x132eff0_0 .net *"_ivl_8", 0 0, L_0x135d350;  1 drivers
v0x132f0d0_0 .net "i_dividend", 15 0, L_0x135d040;  alias, 1 drivers
v0x132f190_0 .net "i_divisor", 15 0, v0x133ce10_0;  alias, 1 drivers
v0x132f230_0 .net "i_quotient", 15 0, L_0x135c990;  alias, 1 drivers
v0x132f320_0 .net "i_remainder", 15 0, L_0x135cd40;  alias, 1 drivers
v0x132f3f0_0 .net "mid_v", 15 0, L_0x135d7a0;  1 drivers
v0x132f4b0_0 .net "o_dividend", 15 0, L_0x135e590;  alias, 1 drivers
v0x132f590_0 .net "o_quotient", 15 0, L_0x135dee0;  alias, 1 drivers
v0x132f670_0 .net "o_remainder", 15 0, L_0x135e290;  alias, 1 drivers
v0x132f750_0 .net "temp_r", 15 0, L_0x135ccd0;  1 drivers
L_0x135d130 .part L_0x135cd40, 0, 15;
L_0x135d260 .concat [ 1 15 0 0], L_0x7f2430da18d8, L_0x135d130;
L_0x135d350 .part L_0x135d040, 15, 1;
L_0x135d480 .concat [ 1 15 0 0], L_0x135d350, L_0x7f2430da1920;
L_0x135d6b0 .cmp/gt 16, v0x133ce10_0, L_0x135ccd0;
L_0x135d7a0 .concat [ 1 15 0 0], L_0x135d6b0, L_0x7f2430da19b0;
L_0x135d8e0 .part L_0x135d7a0, 0, 1;
L_0x135d9d0 .part L_0x135c990, 0, 15;
L_0x135db50 .concat [ 1 15 0 0], L_0x7f2430da19f8, L_0x135d9d0;
L_0x135dc40 .part L_0x135c990, 0, 15;
L_0x135dce0 .concat [ 1 15 0 0], L_0x7f2430da1a40, L_0x135dc40;
L_0x135dee0 .functor MUXZ 16, L_0x135ddd0, L_0x135db50, L_0x135d8e0, C4<>;
L_0x135e0e0 .part L_0x135d7a0, 0, 1;
L_0x135e180 .arith/sub 16, L_0x135ccd0, v0x133ce10_0;
L_0x135e290 .functor MUXZ 16, L_0x135e180, L_0x135ccd0, L_0x135e0e0, C4<>;
L_0x135e460 .part L_0x135d040, 0, 15;
L_0x135e590 .concat [ 1 15 0 0], L_0x7f2430da1ad0, L_0x135e460;
S_0x132f950 .scope generate, "genblk1[12]" "genblk1[12]" 3 18, 3 18 0, S_0x12ffda0;
 .timescale -9 -12;
P_0x132fb00 .param/l "i" 0 3 18, +C4<01100>;
S_0x132fbe0 .scope module, "one" "lc4_divider_one_iter" 3 20, 3 26 0, S_0x132f950;
 .timescale -9 -12;
    .port_info 0 /INPUT 16 "i_dividend";
    .port_info 1 /INPUT 16 "i_divisor";
    .port_info 2 /INPUT 16 "i_remainder";
    .port_info 3 /INPUT 16 "i_quotient";
    .port_info 4 /OUTPUT 16 "o_dividend";
    .port_info 5 /OUTPUT 16 "o_remainder";
    .port_info 6 /OUTPUT 16 "o_quotient";
L_0x7f2430da1ba8 .functor BUFT 1, C4<0000000000000001>, C4<0>, C4<0>, C4<0>;
L_0x135df80 .functor AND 16, L_0x135e9d0, L_0x7f2430da1ba8, C4<1111111111111111>, C4<1111111111111111>;
L_0x135e220 .functor OR 16, L_0x135e7b0, L_0x135df80, C4<0000000000000000>, C4<0000000000000000>;
L_0x7f2430da1cc8 .functor BUFT 1, C4<0000000000000001>, C4<0>, C4<0>, C4<0>;
L_0x135f320 .functor OR 16, L_0x135f230, L_0x7f2430da1cc8, C4<0000000000000000>, C4<0000000000000000>;
v0x132fe70_0 .net *"_ivl_0", 15 0, L_0x135e7b0;  1 drivers
L_0x7f2430da1b60 .functor BUFT 1, C4<000000000000000>, C4<0>, C4<0>, C4<0>;
v0x132ff70_0 .net *"_ivl_10", 14 0, L_0x7f2430da1b60;  1 drivers
v0x1330050_0 .net/2u *"_ivl_12", 15 0, L_0x7f2430da1ba8;  1 drivers
v0x1330140_0 .net *"_ivl_14", 15 0, L_0x135df80;  1 drivers
v0x1330220_0 .net *"_ivl_18", 0 0, L_0x135ec00;  1 drivers
v0x1330330_0 .net *"_ivl_2", 14 0, L_0x135e680;  1 drivers
L_0x7f2430da1bf0 .functor BUFT 1, C4<000000000000000>, C4<0>, C4<0>, C4<0>;
v0x1330410_0 .net *"_ivl_23", 14 0, L_0x7f2430da1bf0;  1 drivers
v0x13304f0_0 .net *"_ivl_25", 0 0, L_0x135ee30;  1 drivers
v0x13305d0_0 .net *"_ivl_26", 15 0, L_0x135f0a0;  1 drivers
v0x13306b0_0 .net *"_ivl_28", 14 0, L_0x135ef20;  1 drivers
L_0x7f2430da1c38 .functor BUFT 1, C4<0>, C4<0>, C4<0>, C4<0>;
v0x1330790_0 .net *"_ivl_30", 0 0, L_0x7f2430da1c38;  1 drivers
v0x1330870_0 .net *"_ivl_32", 15 0, L_0x135f230;  1 drivers
v0x1330950_0 .net *"_ivl_34", 14 0, L_0x135f190;  1 drivers
L_0x7f2430da1c80 .functor BUFT 1, C4<0>, C4<0>, C4<0>, C4<0>;
v0x1330a30_0 .net *"_ivl_36", 0 0, L_0x7f2430da1c80;  1 drivers
v0x1330b10_0 .net/2u *"_ivl_38", 15 0, L_0x7f2430da1cc8;  1 drivers
L_0x7f2430da1b18 .functor BUFT 1, C4<0>, C4<0>, C4<0>, C4<0>;
v0x1330bf0_0 .net *"_ivl_4", 0 0, L_0x7f2430da1b18;  1 drivers
v0x1330cd0_0 .net *"_ivl_40", 15 0, L_0x135f320;  1 drivers
v0x1330ec0_0 .net *"_ivl_45", 0 0, L_0x135f630;  1 drivers
v0x1330fa0_0 .net *"_ivl_46", 15 0, L_0x135f6d0;  1 drivers
v0x1331080_0 .net *"_ivl_52", 14 0, L_0x135f9b0;  1 drivers
L_0x7f2430da1d10 .functor BUFT 1, C4<0>, C4<0>, C4<0>, C4<0>;
v0x1331160_0 .net *"_ivl_54", 0 0, L_0x7f2430da1d10;  1 drivers
v0x1331240_0 .net *"_ivl_6", 15 0, L_0x135e9d0;  1 drivers
v0x1331320_0 .net *"_ivl_8", 0 0, L_0x135e8a0;  1 drivers
v0x1331400_0 .net "i_dividend", 15 0, L_0x135e590;  alias, 1 drivers
v0x13314c0_0 .net "i_divisor", 15 0, v0x133ce10_0;  alias, 1 drivers
v0x1331560_0 .net "i_quotient", 15 0, L_0x135dee0;  alias, 1 drivers
v0x1331650_0 .net "i_remainder", 15 0, L_0x135e290;  alias, 1 drivers
v0x1331720_0 .net "mid_v", 15 0, L_0x135ecf0;  1 drivers
v0x13317e0_0 .net "o_dividend", 15 0, L_0x135fae0;  alias, 1 drivers
v0x13318c0_0 .net "o_quotient", 15 0, L_0x135f430;  alias, 1 drivers
v0x13319a0_0 .net "o_remainder", 15 0, L_0x135f7e0;  alias, 1 drivers
v0x1331a80_0 .net "temp_r", 15 0, L_0x135e220;  1 drivers
L_0x135e680 .part L_0x135e290, 0, 15;
L_0x135e7b0 .concat [ 1 15 0 0], L_0x7f2430da1b18, L_0x135e680;
L_0x135e8a0 .part L_0x135e590, 15, 1;
L_0x135e9d0 .concat [ 1 15 0 0], L_0x135e8a0, L_0x7f2430da1b60;
L_0x135ec00 .cmp/gt 16, v0x133ce10_0, L_0x135e220;
L_0x135ecf0 .concat [ 1 15 0 0], L_0x135ec00, L_0x7f2430da1bf0;
L_0x135ee30 .part L_0x135ecf0, 0, 1;
L_0x135ef20 .part L_0x135dee0, 0, 15;
L_0x135f0a0 .concat [ 1 15 0 0], L_0x7f2430da1c38, L_0x135ef20;
L_0x135f190 .part L_0x135dee0, 0, 15;
L_0x135f230 .concat [ 1 15 0 0], L_0x7f2430da1c80, L_0x135f190;
L_0x135f430 .functor MUXZ 16, L_0x135f320, L_0x135f0a0, L_0x135ee30, C4<>;
L_0x135f630 .part L_0x135ecf0, 0, 1;
L_0x135f6d0 .arith/sub 16, L_0x135e220, v0x133ce10_0;
L_0x135f7e0 .functor MUXZ 16, L_0x135f6d0, L_0x135e220, L_0x135f630, C4<>;
L_0x135f9b0 .part L_0x135e590, 0, 15;
L_0x135fae0 .concat [ 1 15 0 0], L_0x7f2430da1d10, L_0x135f9b0;
S_0x1331c80 .scope generate, "genblk1[13]" "genblk1[13]" 3 18, 3 18 0, S_0x12ffda0;
 .timescale -9 -12;
P_0x1331e30 .param/l "i" 0 3 18, +C4<01101>;
S_0x1331f10 .scope module, "one" "lc4_divider_one_iter" 3 20, 3 26 0, S_0x1331c80;
 .timescale -9 -12;
    .port_info 0 /INPUT 16 "i_dividend";
    .port_info 1 /INPUT 16 "i_divisor";
    .port_info 2 /INPUT 16 "i_remainder";
    .port_info 3 /INPUT 16 "i_quotient";
    .port_info 4 /OUTPUT 16 "o_dividend";
    .port_info 5 /OUTPUT 16 "o_remainder";
    .port_info 6 /OUTPUT 16 "o_quotient";
L_0x7f2430da1de8 .functor BUFT 1, C4<0000000000000001>, C4<0>, C4<0>, C4<0>;
L_0x135f4d0 .functor AND 16, L_0x135ff20, L_0x7f2430da1de8, C4<1111111111111111>, C4<1111111111111111>;
L_0x135f770 .functor OR 16, L_0x135fd00, L_0x135f4d0, C4<0000000000000000>, C4<0000000000000000>;
L_0x7f2430da1f08 .functor BUFT 1, C4<0000000000000001>, C4<0>, C4<0>, C4<0>;
L_0x1360870 .functor OR 16, L_0x1360780, L_0x7f2430da1f08, C4<0000000000000000>, C4<0000000000000000>;
v0x13321a0_0 .net *"_ivl_0", 15 0, L_0x135fd00;  1 drivers
L_0x7f2430da1da0 .functor BUFT 1, C4<000000000000000>, C4<0>, C4<0>, C4<0>;
v0x13322a0_0 .net *"_ivl_10", 14 0, L_0x7f2430da1da0;  1 drivers
v0x1332380_0 .net/2u *"_ivl_12", 15 0, L_0x7f2430da1de8;  1 drivers
v0x1332470_0 .net *"_ivl_14", 15 0, L_0x135f4d0;  1 drivers
v0x1332550_0 .net *"_ivl_18", 0 0, L_0x1360150;  1 drivers
v0x1332660_0 .net *"_ivl_2", 14 0, L_0x135fbd0;  1 drivers
L_0x7f2430da1e30 .functor BUFT 1, C4<000000000000000>, C4<0>, C4<0>, C4<0>;
v0x1332740_0 .net *"_ivl_23", 14 0, L_0x7f2430da1e30;  1 drivers
v0x1332820_0 .net *"_ivl_25", 0 0, L_0x1360380;  1 drivers
v0x1332900_0 .net *"_ivl_26", 15 0, L_0x13605f0;  1 drivers
v0x13329e0_0 .net *"_ivl_28", 14 0, L_0x1360470;  1 drivers
L_0x7f2430da1e78 .functor BUFT 1, C4<0>, C4<0>, C4<0>, C4<0>;
v0x1332ac0_0 .net *"_ivl_30", 0 0, L_0x7f2430da1e78;  1 drivers
v0x1332ba0_0 .net *"_ivl_32", 15 0, L_0x1360780;  1 drivers
v0x1332c80_0 .net *"_ivl_34", 14 0, L_0x13606e0;  1 drivers
L_0x7f2430da1ec0 .functor BUFT 1, C4<0>, C4<0>, C4<0>, C4<0>;
v0x1332d60_0 .net *"_ivl_36", 0 0, L_0x7f2430da1ec0;  1 drivers
v0x1332e40_0 .net/2u *"_ivl_38", 15 0, L_0x7f2430da1f08;  1 drivers
L_0x7f2430da1d58 .functor BUFT 1, C4<0>, C4<0>, C4<0>, C4<0>;
v0x1332f20_0 .net *"_ivl_4", 0 0, L_0x7f2430da1d58;  1 drivers
v0x1333000_0 .net *"_ivl_40", 15 0, L_0x1360870;  1 drivers
v0x13331f0_0 .net *"_ivl_45", 0 0, L_0x1360b80;  1 drivers
v0x13332d0_0 .net *"_ivl_46", 15 0, L_0x1360c20;  1 drivers
v0x13333b0_0 .net *"_ivl_52", 14 0, L_0x1360f00;  1 drivers
L_0x7f2430da1f50 .functor BUFT 1, C4<0>, C4<0>, C4<0>, C4<0>;
v0x1333490_0 .net *"_ivl_54", 0 0, L_0x7f2430da1f50;  1 drivers
v0x1333570_0 .net *"_ivl_6", 15 0, L_0x135ff20;  1 drivers
v0x1333650_0 .net *"_ivl_8", 0 0, L_0x135fdf0;  1 drivers
v0x1333730_0 .net "i_dividend", 15 0, L_0x135fae0;  alias, 1 drivers
v0x13337f0_0 .net "i_divisor", 15 0, v0x133ce10_0;  alias, 1 drivers
v0x1333890_0 .net "i_quotient", 15 0, L_0x135f430;  alias, 1 drivers
v0x1333980_0 .net "i_remainder", 15 0, L_0x135f7e0;  alias, 1 drivers
v0x1333a50_0 .net "mid_v", 15 0, L_0x1360240;  1 drivers
v0x1333b10_0 .net "o_dividend", 15 0, L_0x1361030;  alias, 1 drivers
v0x1333bf0_0 .net "o_quotient", 15 0, L_0x1360980;  alias, 1 drivers
v0x1333cd0_0 .net "o_remainder", 15 0, L_0x1360d30;  alias, 1 drivers
v0x1333db0_0 .net "temp_r", 15 0, L_0x135f770;  1 drivers
L_0x135fbd0 .part L_0x135f7e0, 0, 15;
L_0x135fd00 .concat [ 1 15 0 0], L_0x7f2430da1d58, L_0x135fbd0;
L_0x135fdf0 .part L_0x135fae0, 15, 1;
L_0x135ff20 .concat [ 1 15 0 0], L_0x135fdf0, L_0x7f2430da1da0;
L_0x1360150 .cmp/gt 16, v0x133ce10_0, L_0x135f770;
L_0x1360240 .concat [ 1 15 0 0], L_0x1360150, L_0x7f2430da1e30;
L_0x1360380 .part L_0x1360240, 0, 1;
L_0x1360470 .part L_0x135f430, 0, 15;
L_0x13605f0 .concat [ 1 15 0 0], L_0x7f2430da1e78, L_0x1360470;
L_0x13606e0 .part L_0x135f430, 0, 15;
L_0x1360780 .concat [ 1 15 0 0], L_0x7f2430da1ec0, L_0x13606e0;
L_0x1360980 .functor MUXZ 16, L_0x1360870, L_0x13605f0, L_0x1360380, C4<>;
L_0x1360b80 .part L_0x1360240, 0, 1;
L_0x1360c20 .arith/sub 16, L_0x135f770, v0x133ce10_0;
L_0x1360d30 .functor MUXZ 16, L_0x1360c20, L_0x135f770, L_0x1360b80, C4<>;
L_0x1360f00 .part L_0x135fae0, 0, 15;
L_0x1361030 .concat [ 1 15 0 0], L_0x7f2430da1f50, L_0x1360f00;
S_0x1333fb0 .scope generate, "genblk1[14]" "genblk1[14]" 3 18, 3 18 0, S_0x12ffda0;
 .timescale -9 -12;
P_0x1334160 .param/l "i" 0 3 18, +C4<01110>;
S_0x1334240 .scope module, "one" "lc4_divider_one_iter" 3 20, 3 26 0, S_0x1333fb0;
 .timescale -9 -12;
    .port_info 0 /INPUT 16 "i_dividend";
    .port_info 1 /INPUT 16 "i_divisor";
    .port_info 2 /INPUT 16 "i_remainder";
    .port_info 3 /INPUT 16 "i_quotient";
    .port_info 4 /OUTPUT 16 "o_dividend";
    .port_info 5 /OUTPUT 16 "o_remainder";
    .port_info 6 /OUTPUT 16 "o_quotient";
L_0x7f2430da2028 .functor BUFT 1, C4<0000000000000001>, C4<0>, C4<0>, C4<0>;
L_0x1360a20 .functor AND 16, L_0x1361470, L_0x7f2430da2028, C4<1111111111111111>, C4<1111111111111111>;
L_0x1360cc0 .functor OR 16, L_0x1361250, L_0x1360a20, C4<0000000000000000>, C4<0000000000000000>;
L_0x7f2430da2148 .functor BUFT 1, C4<0000000000000001>, C4<0>, C4<0>, C4<0>;
L_0x1361dc0 .functor OR 16, L_0x1361cd0, L_0x7f2430da2148, C4<0000000000000000>, C4<0000000000000000>;
v0x13344d0_0 .net *"_ivl_0", 15 0, L_0x1361250;  1 drivers
L_0x7f2430da1fe0 .functor BUFT 1, C4<000000000000000>, C4<0>, C4<0>, C4<0>;
v0x13345d0_0 .net *"_ivl_10", 14 0, L_0x7f2430da1fe0;  1 drivers
v0x13346b0_0 .net/2u *"_ivl_12", 15 0, L_0x7f2430da2028;  1 drivers
v0x13347a0_0 .net *"_ivl_14", 15 0, L_0x1360a20;  1 drivers
v0x1334880_0 .net *"_ivl_18", 0 0, L_0x13616a0;  1 drivers
v0x1334990_0 .net *"_ivl_2", 14 0, L_0x1361120;  1 drivers
L_0x7f2430da2070 .functor BUFT 1, C4<000000000000000>, C4<0>, C4<0>, C4<0>;
v0x1334a70_0 .net *"_ivl_23", 14 0, L_0x7f2430da2070;  1 drivers
v0x1334b50_0 .net *"_ivl_25", 0 0, L_0x13618d0;  1 drivers
v0x1334c30_0 .net *"_ivl_26", 15 0, L_0x1361b40;  1 drivers
v0x1334d10_0 .net *"_ivl_28", 14 0, L_0x13619c0;  1 drivers
L_0x7f2430da20b8 .functor BUFT 1, C4<0>, C4<0>, C4<0>, C4<0>;
v0x1334df0_0 .net *"_ivl_30", 0 0, L_0x7f2430da20b8;  1 drivers
v0x1334ed0_0 .net *"_ivl_32", 15 0, L_0x1361cd0;  1 drivers
v0x1334fb0_0 .net *"_ivl_34", 14 0, L_0x1361c30;  1 drivers
L_0x7f2430da2100 .functor BUFT 1, C4<0>, C4<0>, C4<0>, C4<0>;
v0x1335090_0 .net *"_ivl_36", 0 0, L_0x7f2430da2100;  1 drivers
v0x1335170_0 .net/2u *"_ivl_38", 15 0, L_0x7f2430da2148;  1 drivers
L_0x7f2430da1f98 .functor BUFT 1, C4<0>, C4<0>, C4<0>, C4<0>;
v0x1335250_0 .net *"_ivl_4", 0 0, L_0x7f2430da1f98;  1 drivers
v0x1335330_0 .net *"_ivl_40", 15 0, L_0x1361dc0;  1 drivers
v0x1335520_0 .net *"_ivl_45", 0 0, L_0x13620d0;  1 drivers
v0x1335600_0 .net *"_ivl_46", 15 0, L_0x1362170;  1 drivers
v0x13356e0_0 .net *"_ivl_52", 14 0, L_0x1362450;  1 drivers
L_0x7f2430da2190 .functor BUFT 1, C4<0>, C4<0>, C4<0>, C4<0>;
v0x13357c0_0 .net *"_ivl_54", 0 0, L_0x7f2430da2190;  1 drivers
v0x13358a0_0 .net *"_ivl_6", 15 0, L_0x1361470;  1 drivers
v0x1335980_0 .net *"_ivl_8", 0 0, L_0x1361340;  1 drivers
v0x1335a60_0 .net "i_dividend", 15 0, L_0x1361030;  alias, 1 drivers
v0x1335b20_0 .net "i_divisor", 15 0, v0x133ce10_0;  alias, 1 drivers
v0x1335bc0_0 .net "i_quotient", 15 0, L_0x1360980;  alias, 1 drivers
v0x1335cb0_0 .net "i_remainder", 15 0, L_0x1360d30;  alias, 1 drivers
v0x1335d80_0 .net "mid_v", 15 0, L_0x1361790;  1 drivers
v0x1335e40_0 .net "o_dividend", 15 0, L_0x1362580;  alias, 1 drivers
v0x1335f20_0 .net "o_quotient", 15 0, L_0x1361ed0;  alias, 1 drivers
v0x1336000_0 .net "o_remainder", 15 0, L_0x1362280;  alias, 1 drivers
v0x13360e0_0 .net "temp_r", 15 0, L_0x1360cc0;  1 drivers
L_0x1361120 .part L_0x1360d30, 0, 15;
L_0x1361250 .concat [ 1 15 0 0], L_0x7f2430da1f98, L_0x1361120;
L_0x1361340 .part L_0x1361030, 15, 1;
L_0x1361470 .concat [ 1 15 0 0], L_0x1361340, L_0x7f2430da1fe0;
L_0x13616a0 .cmp/gt 16, v0x133ce10_0, L_0x1360cc0;
L_0x1361790 .concat [ 1 15 0 0], L_0x13616a0, L_0x7f2430da2070;
L_0x13618d0 .part L_0x1361790, 0, 1;
L_0x13619c0 .part L_0x1360980, 0, 15;
L_0x1361b40 .concat [ 1 15 0 0], L_0x7f2430da20b8, L_0x13619c0;
L_0x1361c30 .part L_0x1360980, 0, 15;
L_0x1361cd0 .concat [ 1 15 0 0], L_0x7f2430da2100, L_0x1361c30;
L_0x1361ed0 .functor MUXZ 16, L_0x1361dc0, L_0x1361b40, L_0x13618d0, C4<>;
L_0x13620d0 .part L_0x1361790, 0, 1;
L_0x1362170 .arith/sub 16, L_0x1360cc0, v0x133ce10_0;
L_0x1362280 .functor MUXZ 16, L_0x1362170, L_0x1360cc0, L_0x13620d0, C4<>;
L_0x1362450 .part L_0x1361030, 0, 15;
L_0x1362580 .concat [ 1 15 0 0], L_0x7f2430da2190, L_0x1362450;
S_0x13362e0 .scope generate, "genblk1[15]" "genblk1[15]" 3 18, 3 18 0, S_0x12ffda0;
 .timescale -9 -12;
P_0x1336490 .param/l "i" 0 3 18, +C4<01111>;
S_0x1336570 .scope module, "one" "lc4_divider_one_iter" 3 20, 3 26 0, S_0x13362e0;
 .timescale -9 -12;
    .port_info 0 /INPUT 16 "i_dividend";
    .port_info 1 /INPUT 16 "i_divisor";
    .port_info 2 /INPUT 16 "i_remainder";
    .port_info 3 /INPUT 16 "i_quotient";
    .port_info 4 /OUTPUT 16 "o_dividend";
    .port_info 5 /OUTPUT 16 "o_remainder";
    .port_info 6 /OUTPUT 16 "o_quotient";
L_0x7f2430da2268 .functor BUFT 1, C4<0000000000000001>, C4<0>, C4<0>, C4<0>;
L_0x1361f70 .functor AND 16, L_0x13629c0, L_0x7f2430da2268, C4<1111111111111111>, C4<1111111111111111>;
L_0x1362210 .functor OR 16, L_0x13627a0, L_0x1361f70, C4<0000000000000000>, C4<0000000000000000>;
L_0x7f2430da2388 .functor BUFT 1, C4<0000000000000001>, C4<0>, C4<0>, C4<0>;
L_0x1363310 .functor OR 16, L_0x1363220, L_0x7f2430da2388, C4<0000000000000000>, C4<0000000000000000>;
v0x1336800_0 .net *"_ivl_0", 15 0, L_0x13627a0;  1 drivers
L_0x7f2430da2220 .functor BUFT 1, C4<000000000000000>, C4<0>, C4<0>, C4<0>;
v0x1336900_0 .net *"_ivl_10", 14 0, L_0x7f2430da2220;  1 drivers
v0x13369e0_0 .net/2u *"_ivl_12", 15 0, L_0x7f2430da2268;  1 drivers
v0x1336ad0_0 .net *"_ivl_14", 15 0, L_0x1361f70;  1 drivers
v0x1336bb0_0 .net *"_ivl_18", 0 0, L_0x1362bf0;  1 drivers
v0x1336cc0_0 .net *"_ivl_2", 14 0, L_0x1362670;  1 drivers
L_0x7f2430da22b0 .functor BUFT 1, C4<000000000000000>, C4<0>, C4<0>, C4<0>;
v0x1336da0_0 .net *"_ivl_23", 14 0, L_0x7f2430da22b0;  1 drivers
v0x1336e80_0 .net *"_ivl_25", 0 0, L_0x1362e20;  1 drivers
v0x1336f60_0 .net *"_ivl_26", 15 0, L_0x1363090;  1 drivers
v0x1337040_0 .net *"_ivl_28", 14 0, L_0x1362f10;  1 drivers
L_0x7f2430da22f8 .functor BUFT 1, C4<0>, C4<0>, C4<0>, C4<0>;
v0x1337120_0 .net *"_ivl_30", 0 0, L_0x7f2430da22f8;  1 drivers
v0x1337200_0 .net *"_ivl_32", 15 0, L_0x1363220;  1 drivers
v0x13372e0_0 .net *"_ivl_34", 14 0, L_0x1363180;  1 drivers
L_0x7f2430da2340 .functor BUFT 1, C4<0>, C4<0>, C4<0>, C4<0>;
v0x13373c0_0 .net *"_ivl_36", 0 0, L_0x7f2430da2340;  1 drivers
v0x13374a0_0 .net/2u *"_ivl_38", 15 0, L_0x7f2430da2388;  1 drivers
L_0x7f2430da21d8 .functor BUFT 1, C4<0>, C4<0>, C4<0>, C4<0>;
v0x1337580_0 .net *"_ivl_4", 0 0, L_0x7f2430da21d8;  1 drivers
v0x1337660_0 .net *"_ivl_40", 15 0, L_0x1363310;  1 drivers
v0x1337850_0 .net *"_ivl_45", 0 0, L_0x1363670;  1 drivers
v0x1337930_0 .net *"_ivl_46", 15 0, L_0x1363710;  1 drivers
v0x1337a10_0 .net *"_ivl_52", 14 0, L_0x1363a40;  1 drivers
L_0x7f2430da23d0 .functor BUFT 1, C4<0>, C4<0>, C4<0>, C4<0>;
v0x1337af0_0 .net *"_ivl_54", 0 0, L_0x7f2430da23d0;  1 drivers
v0x1337bd0_0 .net *"_ivl_6", 15 0, L_0x13629c0;  1 drivers
v0x1337cb0_0 .net *"_ivl_8", 0 0, L_0x1362890;  1 drivers
v0x1337d90_0 .net "i_dividend", 15 0, L_0x1362580;  alias, 1 drivers
v0x1337e50_0 .net "i_divisor", 15 0, v0x133ce10_0;  alias, 1 drivers
v0x1337ef0_0 .net "i_quotient", 15 0, L_0x1361ed0;  alias, 1 drivers
v0x1337fe0_0 .net "i_remainder", 15 0, L_0x1362280;  alias, 1 drivers
v0x13380b0_0 .net "mid_v", 15 0, L_0x1362ce0;  1 drivers
v0x1338170_0 .net "o_dividend", 15 0, L_0x1363b70;  alias, 1 drivers
v0x1338250_0 .net "o_quotient", 15 0, L_0x1363420;  alias, 1 drivers
v0x1338330_0 .net "o_remainder", 15 0, L_0x1363820;  alias, 1 drivers
v0x1338410_0 .net "temp_r", 15 0, L_0x1362210;  1 drivers
L_0x1362670 .part L_0x1362280, 0, 15;
L_0x13627a0 .concat [ 1 15 0 0], L_0x7f2430da21d8, L_0x1362670;
L_0x1362890 .part L_0x1362580, 15, 1;
L_0x13629c0 .concat [ 1 15 0 0], L_0x1362890, L_0x7f2430da2220;
L_0x1362bf0 .cmp/gt 16, v0x133ce10_0, L_0x1362210;
L_0x1362ce0 .concat [ 1 15 0 0], L_0x1362bf0, L_0x7f2430da22b0;
L_0x1362e20 .part L_0x1362ce0, 0, 1;
L_0x1362f10 .part L_0x1361ed0, 0, 15;
L_0x1363090 .concat [ 1 15 0 0], L_0x7f2430da22f8, L_0x1362f10;
L_0x1363180 .part L_0x1361ed0, 0, 15;
L_0x1363220 .concat [ 1 15 0 0], L_0x7f2430da2340, L_0x1363180;
L_0x1363420 .functor MUXZ 16, L_0x1363310, L_0x1363090, L_0x1362e20, C4<>;
L_0x1363670 .part L_0x1362ce0, 0, 1;
L_0x1363710 .arith/sub 16, L_0x1362210, v0x133ce10_0;
L_0x1363820 .functor MUXZ 16, L_0x1363710, L_0x1362210, L_0x1363670, C4<>;
L_0x1363a40 .part L_0x1362580, 0, 15;
L_0x1363b70 .concat [ 1 15 0 0], L_0x7f2430da23d0, L_0x1363a40;
S_0x133a480 .scope module, "divider_iter" "lc4_divider_one_iter" 2 65, 3 26 0, S_0x12ffc10;
 .timescale -9 -12;
    .port_info 0 /INPUT 16 "i_dividend";
    .port_info 1 /INPUT 16 "i_divisor";
    .port_info 2 /INPUT 16 "i_remainder";
    .port_info 3 /INPUT 16 "i_quotient";
    .port_info 4 /OUTPUT 16 "o_dividend";
    .port_info 5 /OUTPUT 16 "o_remainder";
    .port_info 6 /OUTPUT 16 "o_quotient";
L_0x7f2430da26e8 .functor BUFT 1, C4<0000000000000001>, C4<0>, C4<0>, C4<0>;
L_0x13637b0 .functor AND 16, L_0x1364f80, L_0x7f2430da26e8, C4<1111111111111111>, C4<1111111111111111>;
L_0x1365110 .functor OR 16, L_0x1364d10, L_0x13637b0, C4<0000000000000000>, C4<0000000000000000>;
L_0x7f2430da2808 .functor BUFT 1, C4<0000000000000001>, C4<0>, C4<0>, C4<0>;
L_0x13659f0 .functor OR 16, L_0x1365900, L_0x7f2430da2808, C4<0000000000000000>, C4<0000000000000000>;
v0x133a710_0 .net *"_ivl_0", 15 0, L_0x1364d10;  1 drivers
L_0x7f2430da26a0 .functor BUFT 1, C4<000000000000000>, C4<0>, C4<0>, C4<0>;
v0x133a7b0_0 .net *"_ivl_10", 14 0, L_0x7f2430da26a0;  1 drivers
v0x133a850_0 .net/2u *"_ivl_12", 15 0, L_0x7f2430da26e8;  1 drivers
v0x133a8f0_0 .net *"_ivl_14", 15 0, L_0x13637b0;  1 drivers
v0x133a990_0 .net *"_ivl_18", 0 0, L_0x1365220;  1 drivers
v0x133aa80_0 .net *"_ivl_2", 14 0, L_0x1364c20;  1 drivers
L_0x7f2430da2730 .functor BUFT 1, C4<000000000000000>, C4<0>, C4<0>, C4<0>;
v0x133ab20_0 .net *"_ivl_23", 14 0, L_0x7f2430da2730;  1 drivers
v0x133abc0_0 .net *"_ivl_25", 0 0, L_0x1365490;  1 drivers
v0x133ac60_0 .net *"_ivl_26", 15 0, L_0x13656c0;  1 drivers
v0x133ad90_0 .net *"_ivl_28", 14 0, L_0x1365580;  1 drivers
L_0x7f2430da2778 .functor BUFT 1, C4<0>, C4<0>, C4<0>, C4<0>;
v0x133ae30_0 .net *"_ivl_30", 0 0, L_0x7f2430da2778;  1 drivers
v0x133aef0_0 .net *"_ivl_32", 15 0, L_0x1365900;  1 drivers
v0x133afd0_0 .net *"_ivl_34", 14 0, L_0x1365800;  1 drivers
L_0x7f2430da27c0 .functor BUFT 1, C4<0>, C4<0>, C4<0>, C4<0>;
v0x133b0b0_0 .net *"_ivl_36", 0 0, L_0x7f2430da27c0;  1 drivers
v0x133b190_0 .net/2u *"_ivl_38", 15 0, L_0x7f2430da2808;  1 drivers
L_0x7f2430da2658 .functor BUFT 1, C4<0>, C4<0>, C4<0>, C4<0>;
v0x133b270_0 .net *"_ivl_4", 0 0, L_0x7f2430da2658;  1 drivers
v0x133b350_0 .net *"_ivl_40", 15 0, L_0x13659f0;  1 drivers
v0x133b540_0 .net *"_ivl_45", 0 0, L_0x1365d50;  1 drivers
v0x133b620_0 .net *"_ivl_46", 15 0, L_0x1365df0;  1 drivers
v0x133b700_0 .net *"_ivl_52", 14 0, L_0x13661a0;  1 drivers
L_0x7f2430da2850 .functor BUFT 1, C4<0>, C4<0>, C4<0>, C4<0>;
v0x133b7e0_0 .net *"_ivl_54", 0 0, L_0x7f2430da2850;  1 drivers
v0x133b8c0_0 .net *"_ivl_6", 15 0, L_0x1364f80;  1 drivers
v0x133b9a0_0 .net *"_ivl_8", 0 0, L_0x1364e50;  1 drivers
v0x133ba80_0 .net "i_dividend", 15 0, v0x133cd00_0;  alias, 1 drivers
v0x133bb40_0 .net "i_divisor", 15 0, v0x133ce10_0;  alias, 1 drivers
v0x133bbe0_0 .net "i_quotient", 15 0, v0x133ced0_0;  1 drivers
v0x133bcc0_0 .net "i_remainder", 15 0, v0x133cf90_0;  1 drivers
v0x133bda0_0 .net "mid_v", 15 0, L_0x1365310;  1 drivers
v0x133be80_0 .net "o_dividend", 15 0, L_0x13662d0;  alias, 1 drivers
v0x133bf60_0 .net "o_quotient", 15 0, L_0x1365b00;  alias, 1 drivers
v0x133c040_0 .net "o_remainder", 15 0, L_0x1365f80;  alias, 1 drivers
v0x133c120_0 .net "temp_r", 15 0, L_0x1365110;  1 drivers
L_0x1364c20 .part v0x133cf90_0, 0, 15;
L_0x1364d10 .concat [ 1 15 0 0], L_0x7f2430da2658, L_0x1364c20;
L_0x1364e50 .part v0x133cd00_0, 15, 1;
L_0x1364f80 .concat [ 1 15 0 0], L_0x1364e50, L_0x7f2430da26a0;
L_0x1365220 .cmp/gt 16, v0x133ce10_0, L_0x1365110;
L_0x1365310 .concat [ 1 15 0 0], L_0x1365220, L_0x7f2430da2730;
L_0x1365490 .part L_0x1365310, 0, 1;
L_0x1365580 .part v0x133ced0_0, 0, 15;
L_0x13656c0 .concat [ 1 15 0 0], L_0x7f2430da2778, L_0x1365580;
L_0x1365800 .part v0x133ced0_0, 0, 15;
L_0x1365900 .concat [ 1 15 0 0], L_0x7f2430da27c0, L_0x1365800;
L_0x1365b00 .functor MUXZ 16, L_0x13659f0, L_0x13656c0, L_0x1365490, C4<>;
L_0x1365d50 .part L_0x1365310, 0, 1;
L_0x1365df0 .arith/sub 16, L_0x1365110, v0x133ce10_0;
L_0x1365f80 .functor MUXZ 16, L_0x1365df0, L_0x1365110, L_0x1365d50, C4<>;
L_0x13661a0 .part v0x133cd00_0, 0, 15;
L_0x13662d0 .concat [ 1 15 0 0], L_0x7f2430da2850, L_0x13661a0;
S_0x133c320 .scope task, "printPoints" "printPoints" 4 1, 4 1 0, S_0x12ffc10;
 .timescale -9 -12;
v0x133c4b0_0 .var "actual", 31 0;
v0x133c5b0_0 .var "possible", 31 0;
TD_test_divider.printPoints ;
    %vpi_call 4 4 "$display", "<scorePossible>%d</scorePossible>", v0x133c5b0_0 {0 0 0};
    %vpi_call 4 5 "$display", "<scoreActual>%d</scoreActual>", v0x133c4b0_0 {0 0 0};
    %end;
    .scope S_0x12ffc10;
T_1 ;
    %vpi_call 2 74 "$dumpfile", "divider.vcd" {0 0 0};
    %vpi_call 2 75 "$dumpvars" {0 0 0};
    %pushi/vec4 42, 0, 32;
    %store/vec4 v0x133d540_0, 0, 32;
    %vpi_func 2 81 "$random" 32, v0x133d540_0 {0 0 0};
    %store/vec4 v0x133d540_0, 0, 32;
    %pushi/vec4 0, 0, 16;
    %store/vec4 v0x133cd00_0, 0, 16;
    %pushi/vec4 0, 0, 16;
    %store/vec4 v0x133ce10_0, 0, 16;
    %pushi/vec4 0, 0, 16;
    %store/vec4 v0x133cf90_0, 0, 16;
    %pushi/vec4 0, 0, 16;
    %store/vec4 v0x133ced0_0, 0, 16;
    %pushi/vec4 0, 0, 32;
    %store/vec4 v0x133c930_0, 0, 32;
    %pushi/vec4 0, 0, 32;
    %store/vec4 v0x133c790_0, 0, 32;
    %vpi_func 2 96 "$fopen" 32, "test_lc4_divider_one_iter.input", "r" {0 0 0};
    %store/vec4 v0x133d030_0, 0, 32;
    %load/vec4 v0x133d030_0;
    %cmpi/e 0, 0, 32;
    %jmp/0xz  T_1.0, 4;
    %vpi_call 2 98 "$display", "Error opening file: ", "test_lc4_divider_one_iter.input" {0 0 0};
    %vpi_call 2 99 "$finish" {0 0 0};
T_1.0 ;
    %delay 100000, 0;
    %delay 2000, 0;
T_1.2 ;
    %vpi_func 2 108 "$fscanf" 32, v0x133d030_0, "%d:%b %b %b %b %b %b %b", v0x133c690_0, v0x133cd00_0, v0x133ce10_0, v0x133cf90_0, v0x133ced0_0, v0x133ca10_0, v0x133cc20_0, v0x133cb40_0 {0 0 0};
    %cmpi/e 8, 0, 32;
    %jmp/0xz T_1.3, 4;
    %delay 8000, 0;
    %load/vec4 v0x133c790_0;
    %addi 1, 0, 32;
    %store/vec4 v0x133c790_0, 0, 32;
    %load/vec4 v0x133d0f0_0;
    %load/vec4 v0x133ca10_0;
    %cmp/ne;
    %flag_mov 8, 6;
    %load/vec4 v0x133d250_0;
    %load/vec4 v0x133cc20_0;
    %cmp/ne;
    %flag_or 6, 8;
    %flag_mov 8, 6;
    %load/vec4 v0x133d1b0_0;
    %load/vec4 v0x133cb40_0;
    %cmp/ne;
    %flag_or 6, 8;
    %jmp/0xz  T_1.4, 6;
    %load/vec4 v0x133c930_0;
    %addi 1, 0, 32;
    %store/vec4 v0x133c930_0, 0, 32;
    %load/vec4 v0x133c930_0;
    %cmpi/s 15, 0, 32;
    %jmp/0xz  T_1.6, 5;
    %vpi_call 2 119 "$display", "[lc4_divider_one_iter] Error at test %04d: i_dividend = %b %b %b %b (0x%H), i_divisor = %b %b %b %b (0x%H), i_remainder = %b %b %b %b (0x%H), i_quotient = %b %b %b %b (0x%H)", v0x133c790_0, &PV<v0x133cd00_0, 12, 4>, &PV<v0x133cd00_0, 8, 4>, &PV<v0x133cd00_0, 4, 4>, &PV<v0x133cd00_0, 0, 4>, v0x133cd00_0, &PV<v0x133ce10_0, 12, 4>, &PV<v0x133ce10_0, 8, 4>, &PV<v0x133ce10_0, 4, 4>, &PV<v0x133ce10_0, 0, 4>, v0x133ce10_0, &PV<v0x133cf90_0, 12, 4>, &PV<v0x133cf90_0, 8, 4>, &PV<v0x133cf90_0, 4, 4>, &PV<v0x133cf90_0, 0, 4>, v0x133cf90_0, &PV<v0x133ced0_0, 12, 4>, &PV<v0x133ced0_0, 8, 4>, &PV<v0x133ced0_0, 4, 4>, &PV<v0x133ced0_0, 0, 4>, v0x133ced0_0 {0 0 0};
    %load/vec4 v0x133d0f0_0;
    %load/vec4 v0x133ca10_0;
    %cmp/ne;
    %jmp/0xz  T_1.8, 6;
    %vpi_call 2 126 "$display", "   o_dividend should have been %b %b %b %b (0x%H), but was %b %b %b %b (0x%H) instead", &PV<v0x133ca10_0, 12, 4>, &PV<v0x133ca10_0, 8, 4>, &PV<v0x133ca10_0, 4, 4>, &PV<v0x133ca10_0, 0, 4>, v0x133ca10_0, &PV<v0x133d0f0_0, 12, 4>, &PV<v0x133d0f0_0, 8, 4>, &PV<v0x133d0f0_0, 4, 4>, &PV<v0x133d0f0_0, 0, 4>, v0x133d0f0_0 {0 0 0};
T_1.8 ;
    %load/vec4 v0x133d250_0;
    %load/vec4 v0x133cc20_0;
    %cmp/ne;
    %jmp/0xz  T_1.10, 6;
    %vpi_call 2 131 "$display", "   o_remainder should have been %b %b %b %b (0x%H), but was %b %b %b %b (0x%H) instead", &PV<v0x133cc20_0, 12, 4>, &PV<v0x133cc20_0, 8, 4>, &PV<v0x133cc20_0, 4, 4>, &PV<v0x133cc20_0, 0, 4>, v0x133cc20_0, &PV<v0x133d250_0, 12, 4>, &PV<v0x133d250_0, 8, 4>, &PV<v0x133d250_0, 4, 4>, &PV<v0x133d250_0, 0, 4>, v0x133d250_0 {0 0 0};
T_1.10 ;
    %load/vec4 v0x133d1b0_0;
    %load/vec4 v0x133cb40_0;
    %cmp/ne;
    %jmp/0xz  T_1.12, 6;
    %vpi_call 2 136 "$display", "   o_quotient should have been %b %b %b %b (0x%H), but was %b %b %b %b (0x%H) instead", &PV<v0x133cb40_0, 12, 4>, &PV<v0x133cb40_0, 8, 4>, &PV<v0x133cb40_0, 4, 4>, &PV<v0x133cb40_0, 0, 4>, v0x133cb40_0, &PV<v0x133d1b0_0, 12, 4>, &PV<v0x133d1b0_0, 8, 4>, &PV<v0x133d1b0_0, 4, 4>, &PV<v0x133d1b0_0, 0, 4>, v0x133d1b0_0 {0 0 0};
T_1.12 ;
T_1.6 ;
T_1.4 ;
    %delay 2000, 0;
    %jmp T_1.2;
T_1.3 ;
    %load/vec4 v0x133d030_0;
    %cmpi/ne 0, 0, 32;
    %jmp/0xz  T_1.14, 4;
    %vpi_call 2 153 "$fclose", v0x133d030_0 {0 0 0};
T_1.14 ;
    %vpi_func 2 158 "$random" 32 {0 0 0};
    %pad/s 16;
    %store/vec4 v0x133cd00_0, 0, 16;
    %pushi/vec4 0, 0, 16;
    %store/vec4 v0x133ce10_0, 0, 16;
    %delay 8000, 0;
    %load/vec4 v0x133d2f0_0;
    %pad/u 32;
    %cmpi/ne 0, 0, 32;
    %flag_mov 8, 6;
    %load/vec4 v0x133d390_0;
    %pad/u 32;
    %cmpi/ne 0, 0, 32;
    %flag_or 6, 8;
    %jmp/0xz  T_1.16, 6;
    %load/vec4 v0x133c930_0;
    %cmpi/s 15, 0, 32;
    %jmp/0xz  T_1.18, 5;
    %vpi_call 2 163 "$display", "[lc4_divider] Error at test %d: i_dividend = 0x%H, i_divisor = 0x%H, o_quotient and o_remainder should both be 0, but o_quotient was %b %b %b %b (0x%H) and o_remainder was %b %b %b %b (0x%H) instead", v0x133c870_0, v0x133cd00_0, v0x133ce10_0, &PV<v0x133d2f0_0, 12, 4>, &PV<v0x133d2f0_0, 8, 4>, &PV<v0x133d2f0_0, 4, 4>, &PV<v0x133d2f0_0, 0, 4>, v0x133d2f0_0, &PV<v0x133d390_0, 12, 4>, &PV<v0x133d390_0, 8, 4>, &PV<v0x133d390_0, 4, 4>, &PV<v0x133d390_0, 0, 4>, v0x133d390_0 {0 0 0};
T_1.18 ;
    %load/vec4 v0x133c930_0;
    %addi 1, 0, 32;
    %store/vec4 v0x133c930_0, 0, 32;
T_1.16 ;
    %load/vec4 v0x133c870_0;
    %addi 1, 0, 32;
    %store/vec4 v0x133c870_0, 0, 32;
    %load/vec4 v0x133c790_0;
    %addi 1, 0, 32;
    %store/vec4 v0x133c790_0, 0, 32;
    %pushi/vec4 0, 0, 32;
    %store/vec4 v0x133c870_0, 0, 32;
T_1.20 ;
    %load/vec4 v0x133c870_0;
    %cmpi/s 4000, 0, 32;
    %jmp/0xz T_1.21, 5;
    %vpi_func 2 184 "$random" 32 {0 0 0};
    %pad/s 16;
    %store/vec4 v0x133cd00_0, 0, 16;
    %vpi_func 2 185 "$random" 32 {0 0 0};
    %pad/s 16;
    %store/vec4 v0x133ce10_0, 0, 16;
    %delay 8000, 0;
    %pushi/vec4 0, 0, 16;
    %store/vec4 v0x133cb40_0, 0, 16;
    %pushi/vec4 0, 0, 16;
    %store/vec4 v0x133cc20_0, 0, 16;
    %load/vec4 v0x133ce10_0;
    %cmpi/ne 0, 0, 16;
    %jmp/0xz  T_1.22, 6;
    %load/vec4 v0x133cd00_0;
    %load/vec4 v0x133ce10_0;
    %div;
    %store/vec4 v0x133cb40_0, 0, 16;
    %load/vec4 v0x133cd00_0;
    %load/vec4 v0x133ce10_0;
    %mod;
    %store/vec4 v0x133cc20_0, 0, 16;
T_1.22 ;
    %load/vec4 v0x133cb40_0;
    %load/vec4 v0x133d2f0_0;
    %cmp/ne;
    %jmp/0xz  T_1.24, 6;
    %load/vec4 v0x133c930_0;
    %cmpi/s 15, 0, 32;
    %jmp/0xz  T_1.26, 5;
    %vpi_call 2 205 "$display", "[lc4_divider] Error at test %d: i_dividend = %b %b %b %b (0x%H), i_divisor = %b %b %b %b (0x%H), o_quotient should have been %b %b %b %b (0x%H), but was %b %b %b %b (0x%H) instead", v0x133c870_0, &PV<v0x133cd00_0, 12, 4>, &PV<v0x133cd00_0, 8, 4>, &PV<v0x133cd00_0, 4, 4>, &PV<v0x133cd00_0, 0, 4>, v0x133cd00_0, &PV<v0x133ce10_0, 12, 4>, &PV<v0x133ce10_0, 8, 4>, &PV<v0x133ce10_0, 4, 4>, &PV<v0x133ce10_0, 0, 4>, v0x133ce10_0, &PV<v0x133cb40_0, 12, 4>, &PV<v0x133cb40_0, 8, 4>, &PV<v0x133cb40_0, 4, 4>, &PV<v0x133cb40_0, 0, 4>, v0x133cb40_0, &PV<v0x133d2f0_0, 12, 4>, &PV<v0x133d2f0_0, 8, 4>, &PV<v0x133d2f0_0, 4, 4>, &PV<v0x133d2f0_0, 0, 4>, v0x133d2f0_0 {0 0 0};
T_1.26 ;
    %load/vec4 v0x133c930_0;
    %addi 1, 0, 32;
    %store/vec4 v0x133c930_0, 0, 32;
T_1.24 ;
    %load/vec4 v0x133c870_0;
    %addi 1, 0, 32;
    %store/vec4 v0x133c870_0, 0, 32;
    %load/vec4 v0x133c790_0;
    %addi 1, 0, 32;
    %store/vec4 v0x133c790_0, 0, 32;
    %load/vec4 v0x133cc20_0;
    %load/vec4 v0x133d390_0;
    %cmp/ne;
    %jmp/0xz  T_1.28, 6;
    %load/vec4 v0x133c930_0;
    %cmpi/s 15, 0, 32;
    %jmp/0xz  T_1.30, 5;
    %vpi_call 2 224 "$display", "[lc4_divider] Error at test %d: i_dividend = %b %b %b %b (0x%H), i_divisor = %b %b %b %b (0x%H), o_remainder should have been %b %b %b %b (0x%H), but was %b %b %b %b (0x%H) instead", v0x133c870_0, &PV<v0x133cd00_0, 12, 4>, &PV<v0x133cd00_0, 8, 4>, &PV<v0x133cd00_0, 4, 4>, &PV<v0x133cd00_0, 0, 4>, v0x133cd00_0, &PV<v0x133ce10_0, 12, 4>, &PV<v0x133ce10_0, 8, 4>, &PV<v0x133ce10_0, 4, 4>, &PV<v0x133ce10_0, 0, 4>, v0x133ce10_0, &PV<v0x133cc20_0, 12, 4>, &PV<v0x133cc20_0, 8, 4>, &PV<v0x133cc20_0, 4, 4>, &PV<v0x133cc20_0, 0, 4>, v0x133cc20_0, &PV<v0x133d390_0, 12, 4>, &PV<v0x133d390_0, 8, 4>, &PV<v0x133d390_0, 4, 4>, &PV<v0x133d390_0, 0, 4>, v0x133d390_0 {0 0 0};
T_1.30 ;
    %load/vec4 v0x133c930_0;
    %addi 1, 0, 32;
    %store/vec4 v0x133c930_0, 0, 32;
T_1.28 ;
    %load/vec4 v0x133c870_0;
    %addi 1, 0, 32;
    %store/vec4 v0x133c870_0, 0, 32;
    %load/vec4 v0x133c790_0;
    %addi 1, 0, 32;
    %store/vec4 v0x133c790_0, 0, 32;
    %delay 2000, 0;
    %load/vec4 v0x133c690_0;
    %addi 1, 0, 32;
    %store/vec4 v0x133c690_0, 0, 32;
    %jmp T_1.20;
T_1.21 ;
    %load/vec4 v0x133c930_0;
    %cmpi/s 15, 0, 32;
    %flag_or 5, 4; GT is !LE
    %flag_inv 5;
    %jmp/0xz  T_1.32, 5;
    %load/vec4 v0x133c930_0;
    %subi 15, 0, 32;
    %vpi_call 2 244 "$display", "Additional %d errors NOT printed.", S<0,vec4,s32> {1 0 0};
T_1.32 ;
    %vpi_call 2 246 "$display", "Simulation finished: %d test cases %d errors", v0x133c790_0, v0x133c930_0 {0 0 0};
    %load/vec4 v0x133c790_0;
    %store/vec4 v0x133c5b0_0, 0, 32;
    %load/vec4 v0x133c790_0;
    %load/vec4 v0x133c930_0;
    %sub;
    %store/vec4 v0x133c4b0_0, 0, 32;
    %fork TD_test_divider.printPoints, S_0x133c320;
    %join;
    %vpi_call 2 248 "$finish" {0 0 0};
    %end;
    .thread T_1;
# The file index is used to find the file name in the following table.
:file_names 5;
    "N/A";
    "<interactive>";
    "testbench_lc4_divider.v";
    "lc4_divider.v";
    "./print_points.v";
