#! /home1/c/cis5710/tools/bin/vvp
:ivl_version "11.0 (stable)" "(v11_0)";
:ivl_delay_selection "TYPICAL";
:vpi_time_precision - 12;
:vpi_module "/home1/c/cis5710/tools/lib/ivl/system.vpi";
:vpi_module "/home1/c/cis5710/tools/lib/ivl/vhdl_sys.vpi";
:vpi_module "/home1/c/cis5710/tools/lib/ivl/vhdl_textio.vpi";
:vpi_module "/home1/c/cis5710/tools/lib/ivl/v2005_math.vpi";
:vpi_module "/home1/c/cis5710/tools/lib/ivl/va_math.vpi";
S_0x7df7e0 .scope module, "test_adders" "test_adders" 2 14;
 .timescale -9 -12;
L_0x7f06fee77060 .functor BUFT 1, C4<0>, C4<0>, C4<0>, C4<0>;
v0x815030_0 .net *"_ivl_10", 0 0, L_0x7f06fee77060;  1 drivers
v0x815110_0 .net *"_ivl_11", 1 0, L_0x817c70;  1 drivers
v0x8151f0_0 .net *"_ivl_13", 1 0, L_0x817e20;  1 drivers
L_0x7f06fee770a8 .functor BUFT 1, C4<0>, C4<0>, C4<0>, C4<0>;
v0x8152e0_0 .net *"_ivl_16", 0 0, L_0x7f06fee770a8;  1 drivers
v0x8153c0_0 .net *"_ivl_17", 1 0, L_0x817f50;  1 drivers
v0x8154f0_0 .net *"_ivl_22", 2 0, L_0x818ee0;  1 drivers
L_0x7f06fee770f0 .functor BUFT 1, C4<0>, C4<0>, C4<0>, C4<0>;
v0x8155d0_0 .net *"_ivl_25", 0 0, L_0x7f06fee770f0;  1 drivers
v0x8156b0_0 .net *"_ivl_26", 2 0, L_0x819070;  1 drivers
L_0x7f06fee77138 .functor BUFT 1, C4<0>, C4<0>, C4<0>, C4<0>;
v0x815790_0 .net *"_ivl_29", 0 0, L_0x7f06fee77138;  1 drivers
v0x815900_0 .net *"_ivl_3", 1 0, L_0x817a60;  1 drivers
v0x8159e0_0 .net *"_ivl_30", 2 0, L_0x8191a0;  1 drivers
v0x815ac0_0 .net *"_ivl_32", 2 0, L_0x8193c0;  1 drivers
L_0x7f06fee77180 .functor BUFT 1, C4<00>, C4<0>, C4<0>, C4<0>;
v0x815ba0_0 .net *"_ivl_35", 1 0, L_0x7f06fee77180;  1 drivers
v0x815c80_0 .net *"_ivl_36", 2 0, L_0x8194b0;  1 drivers
v0x815d60_0 .net *"_ivl_42", 3 0, L_0x81ba20;  1 drivers
L_0x7f06fee77018 .functor BUFT 1, C4<0>, C4<0>, C4<0>, C4<0>;
v0x815e40_0 .net *"_ivl_6", 0 0, L_0x7f06fee77018;  1 drivers
v0x815f20_0 .net *"_ivl_7", 1 0, L_0x817b50;  1 drivers
v0x816000_0 .var "a", 0 0;
v0x8160a0_0 .var "a2", 1 0;
v0x816160_0 .var "a4", 3 0;
v0x816220_0 .net "actual_fa2_cout", 0 0, L_0x8189a0;  1 drivers
v0x8162c0_0 .net "actual_fa2_sum", 1 0, L_0x818cb0;  1 drivers
v0x816380_0 .net "actual_fa_cout", 0 0, L_0x8177d0;  1 drivers
v0x816450_0 .net "actual_fa_sum", 0 0, L_0x817600;  1 drivers
v0x816540_0 .net "actual_ha_cout", 0 0, L_0x817430;  1 drivers
v0x8165e0_0 .net "actual_ha_sum", 0 0, L_0x8172a0;  1 drivers
v0x8166b0_0 .net "actual_rca4_sum", 7 0, L_0x81b6c0;  1 drivers
v0x816780_0 .var "b", 0 0;
v0x816820_0 .var "b2", 1 0;
v0x8168f0_0 .var "b4", 3 0;
v0x816990_0 .var "cin", 0 0;
v0x816a30_0 .var/i "errors", 31 0;
v0x816ad0_0 .net "exp_fa2_cout", 0 0, L_0x818d50;  1 drivers
v0x816da0_0 .net "exp_fa2_sum", 1 0, L_0x818e40;  1 drivers
v0x816e80_0 .net "exp_fa_cout", 0 0, L_0x8178d0;  1 drivers
v0x816f40_0 .net "exp_fa_sum", 0 0, L_0x817970;  1 drivers
v0x817000_0 .net "exp_rca4_sum", 3 0, L_0x81b8f0;  1 drivers
v0x8170e0_0 .var/i "i", 31 0;
v0x8171c0_0 .var/i "tests", 31 0;
L_0x8178d0 .part L_0x817f50, 1, 1;
L_0x817970 .part L_0x817f50, 0, 1;
L_0x817a60 .concat [ 1 1 0 0], v0x816000_0, L_0x7f06fee77018;
L_0x817b50 .concat [ 1 1 0 0], v0x816780_0, L_0x7f06fee77060;
L_0x817c70 .arith/sum 2, L_0x817a60, L_0x817b50;
L_0x817e20 .concat [ 1 1 0 0], v0x816990_0, L_0x7f06fee770a8;
L_0x817f50 .arith/sum 2, L_0x817c70, L_0x817e20;
L_0x818d50 .part L_0x8194b0, 2, 1;
L_0x818e40 .part L_0x8194b0, 0, 2;
L_0x818ee0 .concat [ 2 1 0 0], v0x8160a0_0, L_0x7f06fee770f0;
L_0x819070 .concat [ 2 1 0 0], v0x816820_0, L_0x7f06fee77138;
L_0x8191a0 .arith/sum 3, L_0x818ee0, L_0x819070;
L_0x8193c0 .concat [ 1 2 0 0], v0x816990_0, L_0x7f06fee77180;
L_0x8194b0 .arith/sum 3, L_0x8191a0, L_0x8193c0;
L_0x81b850 .concat [ 4 4 0 0], v0x816160_0, v0x8168f0_0;
L_0x81b8f0 .part L_0x81ba20, 0, 4;
L_0x81ba20 .arith/sum 4, v0x816160_0, v0x8168f0_0;
S_0x7da590 .scope module, "fa" "fulladder" 2 31, 3 20 0, S_0x7df7e0;
 .timescale -9 -12;
    .port_info 0 /INPUT 1 "cin";
    .port_info 1 /INPUT 1 "a";
    .port_info 2 /INPUT 1 "b";
    .port_info 3 /OUTPUT 1 "s";
    .port_info 4 /OUTPUT 1 "cout";
L_0x8177d0 .functor OR 1, L_0x817570, L_0x817740, C4<0>, C4<0>;
v0x80a290_0 .net "a", 0 0, v0x816000_0;  1 drivers
v0x80a350_0 .net "b", 0 0, v0x816780_0;  1 drivers
v0x80a420_0 .net "cin", 0 0, v0x816990_0;  1 drivers
v0x80a520_0 .net "cout", 0 0, L_0x8177d0;  alias, 1 drivers
v0x80a5c0_0 .net "cout_tmp1", 0 0, L_0x817570;  1 drivers
v0x80a6b0_0 .net "cout_tmp2", 0 0, L_0x817740;  1 drivers
v0x80a780_0 .net "s", 0 0, L_0x817600;  alias, 1 drivers
v0x80a850_0 .net "s_tmp", 0 0, L_0x8174c0;  1 drivers
S_0x7e01c0 .scope module, "h0" "halfadder" 3 27, 3 10 0, S_0x7da590;
 .timescale -9 -12;
    .port_info 0 /INPUT 1 "a";
    .port_info 1 /INPUT 1 "b";
    .port_info 2 /OUTPUT 1 "s";
    .port_info 3 /OUTPUT 1 "cout";
L_0x8174c0 .functor XOR 1, v0x816000_0, v0x816780_0, C4<0>, C4<0>;
L_0x817570 .functor AND 1, v0x816000_0, v0x816780_0, C4<1>, C4<1>;
v0x7db5b0_0 .net "a", 0 0, v0x816000_0;  alias, 1 drivers
v0x809a70_0 .net "b", 0 0, v0x816780_0;  alias, 1 drivers
v0x809b30_0 .net "cout", 0 0, L_0x817570;  alias, 1 drivers
v0x809bd0_0 .net "s", 0 0, L_0x8174c0;  alias, 1 drivers
S_0x809d10 .scope module, "h1" "halfadder" 3 28, 3 10 0, S_0x7da590;
 .timescale -9 -12;
    .port_info 0 /INPUT 1 "a";
    .port_info 1 /INPUT 1 "b";
    .port_info 2 /OUTPUT 1 "s";
    .port_info 3 /OUTPUT 1 "cout";
L_0x817600 .functor XOR 1, L_0x8174c0, v0x816990_0, C4<0>, C4<0>;
L_0x817740 .functor AND 1, L_0x8174c0, v0x816990_0, C4<1>, C4<1>;
v0x809f10_0 .net "a", 0 0, L_0x8174c0;  alias, 1 drivers
v0x809fb0_0 .net "b", 0 0, v0x816990_0;  alias, 1 drivers
v0x80a050_0 .net "cout", 0 0, L_0x817740;  alias, 1 drivers
v0x80a120_0 .net "s", 0 0, L_0x817600;  alias, 1 drivers
S_0x80a940 .scope module, "fa2" "fulladder2" 2 39, 3 33 0, S_0x7df7e0;
 .timescale -9 -12;
    .port_info 0 /INPUT 1 "cin";
    .port_info 1 /INPUT 2 "a";
    .port_info 2 /INPUT 2 "b";
    .port_info 3 /OUTPUT 2 "s";
    .port_info 4 /OUTPUT 1 "cout";
v0x80d4a0_0 .net "a", 1 0, v0x8160a0_0;  1 drivers
v0x80d5a0_0 .net "b", 1 0, v0x816820_0;  1 drivers
v0x80d680_0 .net "cin", 0 0, v0x816990_0;  alias, 1 drivers
v0x80d720_0 .net "cout", 0 0, L_0x8189a0;  alias, 1 drivers
v0x80d7f0_0 .net "cout_tmp", 0 0, L_0x818320;  1 drivers
v0x80d890_0 .net "s", 1 0, L_0x818cb0;  alias, 1 drivers
L_0x8183b0 .part v0x8160a0_0, 0, 1;
L_0x818470 .part v0x816820_0, 0, 1;
L_0x818a50 .part v0x8160a0_0, 1, 1;
L_0x818b80 .part v0x816820_0, 1, 1;
L_0x818cb0 .concat8 [ 1 1 0 0], L_0x8181f0, L_0x818780;
S_0x80ab20 .scope module, "a0" "fulladder" 3 40, 3 20 0, S_0x80a940;
 .timescale -9 -12;
    .port_info 0 /INPUT 1 "cin";
    .port_info 1 /INPUT 1 "a";
    .port_info 2 /INPUT 1 "b";
    .port_info 3 /OUTPUT 1 "s";
    .port_info 4 /OUTPUT 1 "cout";
L_0x818320 .functor OR 1, L_0x818130, L_0x8182b0, C4<0>, C4<0>;
v0x80b970_0 .net "a", 0 0, L_0x8183b0;  1 drivers
v0x80ba30_0 .net "b", 0 0, L_0x818470;  1 drivers
v0x80bb00_0 .net "cin", 0 0, v0x816990_0;  alias, 1 drivers
v0x80bbd0_0 .net "cout", 0 0, L_0x818320;  alias, 1 drivers
v0x80bc70_0 .net "cout_tmp1", 0 0, L_0x818130;  1 drivers
v0x80bd60_0 .net "cout_tmp2", 0 0, L_0x8182b0;  1 drivers
v0x80be30_0 .net "s", 0 0, L_0x8181f0;  1 drivers
v0x80bf00_0 .net "s_tmp", 0 0, L_0x817d10;  1 drivers
S_0x80adb0 .scope module, "h0" "halfadder" 3 27, 3 10 0, S_0x80ab20;
 .timescale -9 -12;
    .port_info 0 /INPUT 1 "a";
    .port_info 1 /INPUT 1 "b";
    .port_info 2 /OUTPUT 1 "s";
    .port_info 3 /OUTPUT 1 "cout";
L_0x817d10 .functor XOR 1, L_0x8183b0, L_0x818470, C4<0>, C4<0>;
L_0x818130 .functor AND 1, L_0x8183b0, L_0x818470, C4<1>, C4<1>;
v0x80afe0_0 .net "a", 0 0, L_0x8183b0;  alias, 1 drivers
v0x80b0c0_0 .net "b", 0 0, L_0x818470;  alias, 1 drivers
v0x80b180_0 .net "cout", 0 0, L_0x818130;  alias, 1 drivers
v0x80b250_0 .net "s", 0 0, L_0x817d10;  alias, 1 drivers
S_0x80b3c0 .scope module, "h1" "halfadder" 3 28, 3 10 0, S_0x80ab20;
 .timescale -9 -12;
    .port_info 0 /INPUT 1 "a";
    .port_info 1 /INPUT 1 "b";
    .port_info 2 /OUTPUT 1 "s";
    .port_info 3 /OUTPUT 1 "cout";
L_0x8181f0 .functor XOR 1, L_0x817d10, v0x816990_0, C4<0>, C4<0>;
L_0x8182b0 .functor AND 1, L_0x817d10, v0x816990_0, C4<1>, C4<1>;
v0x80b5c0_0 .net "a", 0 0, L_0x817d10;  alias, 1 drivers
v0x80b690_0 .net "b", 0 0, v0x816990_0;  alias, 1 drivers
v0x80b780_0 .net "cout", 0 0, L_0x8182b0;  alias, 1 drivers
v0x80b820_0 .net "s", 0 0, L_0x8181f0;  alias, 1 drivers
S_0x80bff0 .scope module, "a1" "fulladder" 3 41, 3 20 0, S_0x80a940;
 .timescale -9 -12;
    .port_info 0 /INPUT 1 "cin";
    .port_info 1 /INPUT 1 "a";
    .port_info 2 /INPUT 1 "b";
    .port_info 3 /OUTPUT 1 "s";
    .port_info 4 /OUTPUT 1 "cout";
L_0x8189a0 .functor OR 1, L_0x8186a0, L_0x818910, C4<0>, C4<0>;
v0x80ce00_0 .net "a", 0 0, L_0x818a50;  1 drivers
v0x80cec0_0 .net "b", 0 0, L_0x818b80;  1 drivers
v0x80cf90_0 .net "cin", 0 0, L_0x818320;  alias, 1 drivers
v0x80d0b0_0 .net "cout", 0 0, L_0x8189a0;  alias, 1 drivers
v0x80d150_0 .net "cout_tmp1", 0 0, L_0x8186a0;  1 drivers
v0x80d240_0 .net "cout_tmp2", 0 0, L_0x818910;  1 drivers
v0x80d2e0_0 .net "s", 0 0, L_0x818780;  1 drivers
v0x80d3b0_0 .net "s_tmp", 0 0, L_0x8185a0;  1 drivers
S_0x80c270 .scope module, "h0" "halfadder" 3 27, 3 10 0, S_0x80bff0;
 .timescale -9 -12;
    .port_info 0 /INPUT 1 "a";
    .port_info 1 /INPUT 1 "b";
    .port_info 2 /OUTPUT 1 "s";
    .port_info 3 /OUTPUT 1 "cout";
L_0x8185a0 .functor XOR 1, L_0x818a50, L_0x818b80, C4<0>, C4<0>;
L_0x8186a0 .functor AND 1, L_0x818a50, L_0x818b80, C4<1>, C4<1>;
v0x80c480_0 .net "a", 0 0, L_0x818a50;  alias, 1 drivers
v0x80c560_0 .net "b", 0 0, L_0x818b80;  alias, 1 drivers
v0x80c620_0 .net "cout", 0 0, L_0x8186a0;  alias, 1 drivers
v0x80c6f0_0 .net "s", 0 0, L_0x8185a0;  alias, 1 drivers
S_0x80c860 .scope module, "h1" "halfadder" 3 28, 3 10 0, S_0x80bff0;
 .timescale -9 -12;
    .port_info 0 /INPUT 1 "a";
    .port_info 1 /INPUT 1 "b";
    .port_info 2 /OUTPUT 1 "s";
    .port_info 3 /OUTPUT 1 "cout";
L_0x818780 .functor XOR 1, L_0x8185a0, L_0x818320, C4<0>, C4<0>;
L_0x818910 .functor AND 1, L_0x8185a0, L_0x818320, C4<1>, C4<1>;
v0x80ca60_0 .net "a", 0 0, L_0x8185a0;  alias, 1 drivers
v0x80cb30_0 .net "b", 0 0, L_0x818320;  alias, 1 drivers
v0x80cc00_0 .net "cout", 0 0, L_0x818910;  alias, 1 drivers
v0x80ccd0_0 .net "s", 0 0, L_0x818780;  alias, 1 drivers
S_0x80d9d0 .scope module, "ha" "halfadder" 2 26, 3 10 0, S_0x7df7e0;
 .timescale -9 -12;
    .port_info 0 /INPUT 1 "a";
    .port_info 1 /INPUT 1 "b";
    .port_info 2 /OUTPUT 1 "s";
    .port_info 3 /OUTPUT 1 "cout";
L_0x8172a0 .functor XOR 1, v0x816000_0, v0x816780_0, C4<0>, C4<0>;
L_0x817430 .functor AND 1, v0x816000_0, v0x816780_0, C4<1>, C4<1>;
v0x80dbe0_0 .net "a", 0 0, v0x816000_0;  alias, 1 drivers
v0x80dcd0_0 .net "b", 0 0, v0x816780_0;  alias, 1 drivers
v0x80dde0_0 .net "cout", 0 0, L_0x817430;  alias, 1 drivers
v0x80de80_0 .net "s", 0 0, L_0x8172a0;  alias, 1 drivers
S_0x80dfa0 .scope task, "printPoints" "printPoints" 4 1, 4 1 0, S_0x7df7e0;
 .timescale -9 -12;
v0x80e180_0 .var "actual", 31 0;
v0x80e280_0 .var "possible", 31 0;
TD_test_adders.printPoints ;
    %vpi_call 4 4 "$display", "<scorePossible>%d</scorePossible>", v0x80e280_0 {0 0 0};
    %vpi_call 4 5 "$display", "<scoreActual>%d</scoreActual>", v0x80e180_0 {0 0 0};
    %end;
S_0x80e360 .scope module, "r0" "rca4" 2 45, 3 47 0, S_0x7df7e0;
 .timescale -9 -12;
    .port_info 0 /INPUT 8 "SWITCH";
    .port_info 1 /OUTPUT 8 "LED";
v0x814c90_0 .net "LED", 7 0, L_0x81b6c0;  alias, 1 drivers
v0x814d90_0 .net "SWITCH", 7 0, L_0x81b850;  1 drivers
L_0x7f06fee77210 .functor BUFT 1, C4<0000>, C4<0>, C4<0>, C4<0>;
v0x814e70_0 .net/2u *"_ivl_17", 3 0, L_0x7f06fee77210;  1 drivers
v0x814f30_0 .net "cout0", 0 0, L_0x81a020;  1 drivers
L_0x81a3d0 .part L_0x81b850, 0, 2;
L_0x81a470 .part L_0x81b850, 4, 2;
L_0x81b4f0 .part L_0x81b850, 2, 2;
L_0x81b590 .part L_0x81b850, 6, 2;
L_0x81b6c0 .concat8 [ 2 2 4 0], L_0x81a330, L_0x81b450, L_0x7f06fee77210;
S_0x80e5b0 .scope module, "a0" "fulladder2" 3 50, 3 33 0, S_0x80e360;
 .timescale -9 -12;
    .port_info 0 /INPUT 1 "cin";
    .port_info 1 /INPUT 2 "a";
    .port_info 2 /INPUT 2 "b";
    .port_info 3 /OUTPUT 2 "s";
    .port_info 4 /OUTPUT 1 "cout";
v0x811370_0 .net "a", 1 0, L_0x81a3d0;  1 drivers
v0x811470_0 .net "b", 1 0, L_0x81a470;  1 drivers
L_0x7f06fee771c8 .functor BUFT 1, C4<0>, C4<0>, C4<0>, C4<0>;
v0x811550_0 .net "cin", 0 0, L_0x7f06fee771c8;  1 drivers
v0x811640_0 .net "cout", 0 0, L_0x81a020;  alias, 1 drivers
v0x8116e0_0 .net "cout_tmp", 0 0, L_0x8199b0;  1 drivers
v0x8117d0_0 .net "s", 1 0, L_0x81a330;  1 drivers
L_0x819ad0 .part L_0x81a3d0, 0, 1;
L_0x819c00 .part L_0x81a470, 0, 1;
L_0x81a0d0 .part L_0x81a3d0, 1, 1;
L_0x81a200 .part L_0x81a470, 1, 1;
L_0x81a330 .concat8 [ 1 1 0 0], L_0x819760, L_0x819e50;
S_0x80e830 .scope module, "a0" "fulladder" 3 40, 3 20 0, S_0x80e5b0;
 .timescale -9 -12;
    .port_info 0 /INPUT 1 "cin";
    .port_info 1 /INPUT 1 "a";
    .port_info 2 /INPUT 1 "b";
    .port_info 3 /OUTPUT 1 "s";
    .port_info 4 /OUTPUT 1 "cout";
L_0x8199b0 .functor OR 1, L_0x819240, L_0x8198b0, C4<0>, C4<0>;
v0x80f750_0 .net "a", 0 0, L_0x819ad0;  1 drivers
v0x80f810_0 .net "b", 0 0, L_0x819c00;  1 drivers
v0x80f8e0_0 .net "cin", 0 0, L_0x7f06fee771c8;  alias, 1 drivers
v0x80f9e0_0 .net "cout", 0 0, L_0x8199b0;  alias, 1 drivers
v0x80fa80_0 .net "cout_tmp1", 0 0, L_0x819240;  1 drivers
v0x80fb70_0 .net "cout_tmp2", 0 0, L_0x8198b0;  1 drivers
v0x80fc40_0 .net "s", 0 0, L_0x819760;  1 drivers
v0x80fd10_0 .net "s_tmp", 0 0, L_0x819350;  1 drivers
S_0x80eab0 .scope module, "h0" "halfadder" 3 27, 3 10 0, S_0x80e830;
 .timescale -9 -12;
    .port_info 0 /INPUT 1 "a";
    .port_info 1 /INPUT 1 "b";
    .port_info 2 /OUTPUT 1 "s";
    .port_info 3 /OUTPUT 1 "cout";
L_0x819350 .functor XOR 1, L_0x819ad0, L_0x819c00, C4<0>, C4<0>;
L_0x819240 .functor AND 1, L_0x819ad0, L_0x819c00, C4<1>, C4<1>;
v0x80ed50_0 .net "a", 0 0, L_0x819ad0;  alias, 1 drivers
v0x80ee30_0 .net "b", 0 0, L_0x819c00;  alias, 1 drivers
v0x80eef0_0 .net "cout", 0 0, L_0x819240;  alias, 1 drivers
v0x80efc0_0 .net "s", 0 0, L_0x819350;  alias, 1 drivers
S_0x80f130 .scope module, "h1" "halfadder" 3 28, 3 10 0, S_0x80e830;
 .timescale -9 -12;
    .port_info 0 /INPUT 1 "a";
    .port_info 1 /INPUT 1 "b";
    .port_info 2 /OUTPUT 1 "s";
    .port_info 3 /OUTPUT 1 "cout";
L_0x819760 .functor XOR 1, L_0x819350, L_0x7f06fee771c8, C4<0>, C4<0>;
L_0x8198b0 .functor AND 1, L_0x819350, L_0x7f06fee771c8, C4<1>, C4<1>;
v0x80f3a0_0 .net "a", 0 0, L_0x819350;  alias, 1 drivers
v0x80f470_0 .net "b", 0 0, L_0x7f06fee771c8;  alias, 1 drivers
v0x80f510_0 .net "cout", 0 0, L_0x8198b0;  alias, 1 drivers
v0x80f5e0_0 .net "s", 0 0, L_0x819760;  alias, 1 drivers
S_0x80fe00 .scope module, "a1" "fulladder" 3 41, 3 20 0, S_0x80e5b0;
 .timescale -9 -12;
    .port_info 0 /INPUT 1 "cin";
    .port_info 1 /INPUT 1 "a";
    .port_info 2 /INPUT 1 "b";
    .port_info 3 /OUTPUT 1 "s";
    .port_info 4 /OUTPUT 1 "cout";
L_0x81a020 .functor OR 1, L_0x819dc0, L_0x819f90, C4<0>, C4<0>;
v0x810cd0_0 .net "a", 0 0, L_0x81a0d0;  1 drivers
v0x810d90_0 .net "b", 0 0, L_0x81a200;  1 drivers
v0x810e60_0 .net "cin", 0 0, L_0x8199b0;  alias, 1 drivers
v0x810f80_0 .net "cout", 0 0, L_0x81a020;  alias, 1 drivers
v0x811020_0 .net "cout_tmp1", 0 0, L_0x819dc0;  1 drivers
v0x811110_0 .net "cout_tmp2", 0 0, L_0x819f90;  1 drivers
v0x8111b0_0 .net "s", 0 0, L_0x819e50;  1 drivers
v0x811280_0 .net "s_tmp", 0 0, L_0x819d30;  1 drivers
S_0x810060 .scope module, "h0" "halfadder" 3 27, 3 10 0, S_0x80fe00;
 .timescale -9 -12;
    .port_info 0 /INPUT 1 "a";
    .port_info 1 /INPUT 1 "b";
    .port_info 2 /OUTPUT 1 "s";
    .port_info 3 /OUTPUT 1 "cout";
L_0x819d30 .functor XOR 1, L_0x81a0d0, L_0x81a200, C4<0>, C4<0>;
L_0x819dc0 .functor AND 1, L_0x81a0d0, L_0x81a200, C4<1>, C4<1>;
v0x8102e0_0 .net "a", 0 0, L_0x81a0d0;  alias, 1 drivers
v0x8103c0_0 .net "b", 0 0, L_0x81a200;  alias, 1 drivers
v0x810480_0 .net "cout", 0 0, L_0x819dc0;  alias, 1 drivers
v0x810550_0 .net "s", 0 0, L_0x819d30;  alias, 1 drivers
S_0x8106c0 .scope module, "h1" "halfadder" 3 28, 3 10 0, S_0x80fe00;
 .timescale -9 -12;
    .port_info 0 /INPUT 1 "a";
    .port_info 1 /INPUT 1 "b";
    .port_info 2 /OUTPUT 1 "s";
    .port_info 3 /OUTPUT 1 "cout";
L_0x819e50 .functor XOR 1, L_0x819d30, L_0x8199b0, C4<0>, C4<0>;
L_0x819f90 .functor AND 1, L_0x819d30, L_0x8199b0, C4<1>, C4<1>;
v0x810930_0 .net "a", 0 0, L_0x819d30;  alias, 1 drivers
v0x810a00_0 .net "b", 0 0, L_0x8199b0;  alias, 1 drivers
v0x810ad0_0 .net "cout", 0 0, L_0x819f90;  alias, 1 drivers
v0x810ba0_0 .net "s", 0 0, L_0x819e50;  alias, 1 drivers
S_0x811910 .scope module, "a3" "fulladder2" 3 51, 3 33 0, S_0x80e360;
 .timescale -9 -12;
    .port_info 0 /INPUT 1 "cin";
    .port_info 1 /INPUT 2 "a";
    .port_info 2 /INPUT 2 "b";
    .port_info 3 /OUTPUT 2 "s";
    .port_info 4 /OUTPUT 1 "cout";
v0x8146d0_0 .net "a", 1 0, L_0x81b4f0;  1 drivers
v0x8147d0_0 .net "b", 1 0, L_0x81b590;  1 drivers
v0x8148b0_0 .net "cin", 0 0, L_0x81a020;  alias, 1 drivers
v0x8149e0_0 .net "cout", 0 0, L_0x81b0f0;  1 drivers
v0x814ab0_0 .net "cout_tmp", 0 0, L_0x81aaa0;  1 drivers
v0x814b50_0 .net "s", 1 0, L_0x81b450;  1 drivers
L_0x81ab50 .part L_0x81b4f0, 0, 1;
L_0x81ac80 .part L_0x81b590, 0, 1;
L_0x81b1f0 .part L_0x81b4f0, 1, 1;
L_0x81b320 .part L_0x81b590, 1, 1;
L_0x81b450 .concat8 [ 1 1 0 0], L_0x81a770, L_0x81aed0;
S_0x811b90 .scope module, "a0" "fulladder" 3 40, 3 20 0, S_0x811910;
 .timescale -9 -12;
    .port_info 0 /INPUT 1 "cin";
    .port_info 1 /INPUT 1 "a";
    .port_info 2 /INPUT 1 "b";
    .port_info 3 /OUTPUT 1 "s";
    .port_info 4 /OUTPUT 1 "cout";
L_0x81aaa0 .functor OR 1, L_0x81a690, L_0x81a900, C4<0>, C4<0>;
v0x812ac0_0 .net "a", 0 0, L_0x81ab50;  1 drivers
v0x812b80_0 .net "b", 0 0, L_0x81ac80;  1 drivers
v0x812c50_0 .net "cin", 0 0, L_0x81a020;  alias, 1 drivers
v0x812d20_0 .net "cout", 0 0, L_0x81aaa0;  alias, 1 drivers
v0x812dc0_0 .net "cout_tmp1", 0 0, L_0x81a690;  1 drivers
v0x812eb0_0 .net "cout_tmp2", 0 0, L_0x81a900;  1 drivers
v0x812f80_0 .net "s", 0 0, L_0x81a770;  1 drivers
v0x813050_0 .net "s_tmp", 0 0, L_0x81a560;  1 drivers
S_0x811e20 .scope module, "h0" "halfadder" 3 27, 3 10 0, S_0x811b90;
 .timescale -9 -12;
    .port_info 0 /INPUT 1 "a";
    .port_info 1 /INPUT 1 "b";
    .port_info 2 /OUTPUT 1 "s";
    .port_info 3 /OUTPUT 1 "cout";
L_0x81a560 .functor XOR 1, L_0x81ab50, L_0x81ac80, C4<0>, C4<0>;
L_0x81a690 .functor AND 1, L_0x81ab50, L_0x81ac80, C4<1>, C4<1>;
v0x8120c0_0 .net "a", 0 0, L_0x81ab50;  alias, 1 drivers
v0x8121a0_0 .net "b", 0 0, L_0x81ac80;  alias, 1 drivers
v0x812260_0 .net "cout", 0 0, L_0x81a690;  alias, 1 drivers
v0x812330_0 .net "s", 0 0, L_0x81a560;  alias, 1 drivers
S_0x8124a0 .scope module, "h1" "halfadder" 3 28, 3 10 0, S_0x811b90;
 .timescale -9 -12;
    .port_info 0 /INPUT 1 "a";
    .port_info 1 /INPUT 1 "b";
    .port_info 2 /OUTPUT 1 "s";
    .port_info 3 /OUTPUT 1 "cout";
L_0x81a770 .functor XOR 1, L_0x81a560, L_0x81a020, C4<0>, C4<0>;
L_0x81a900 .functor AND 1, L_0x81a560, L_0x81a020, C4<1>, C4<1>;
v0x812710_0 .net "a", 0 0, L_0x81a560;  alias, 1 drivers
v0x8127e0_0 .net "b", 0 0, L_0x81a020;  alias, 1 drivers
v0x8128d0_0 .net "cout", 0 0, L_0x81a900;  alias, 1 drivers
v0x812970_0 .net "s", 0 0, L_0x81a770;  alias, 1 drivers
S_0x813140 .scope module, "a1" "fulladder" 3 41, 3 20 0, S_0x811910;
 .timescale -9 -12;
    .port_info 0 /INPUT 1 "cin";
    .port_info 1 /INPUT 1 "a";
    .port_info 2 /INPUT 1 "b";
    .port_info 3 /OUTPUT 1 "s";
    .port_info 4 /OUTPUT 1 "cout";
L_0x81b0f0 .functor OR 1, L_0x81ae40, L_0x81b060, C4<0>, C4<0>;
v0x814030_0 .net "a", 0 0, L_0x81b1f0;  1 drivers
v0x8140f0_0 .net "b", 0 0, L_0x81b320;  1 drivers
v0x8141c0_0 .net "cin", 0 0, L_0x81aaa0;  alias, 1 drivers
v0x8142e0_0 .net "cout", 0 0, L_0x81b0f0;  alias, 1 drivers
v0x814380_0 .net "cout_tmp1", 0 0, L_0x81ae40;  1 drivers
v0x814470_0 .net "cout_tmp2", 0 0, L_0x81b060;  1 drivers
v0x814510_0 .net "s", 0 0, L_0x81aed0;  1 drivers
v0x8145e0_0 .net "s_tmp", 0 0, L_0x81adb0;  1 drivers
S_0x8133c0 .scope module, "h0" "halfadder" 3 27, 3 10 0, S_0x813140;
 .timescale -9 -12;
    .port_info 0 /INPUT 1 "a";
    .port_info 1 /INPUT 1 "b";
    .port_info 2 /OUTPUT 1 "s";
    .port_info 3 /OUTPUT 1 "cout";
L_0x81adb0 .functor XOR 1, L_0x81b1f0, L_0x81b320, C4<0>, C4<0>;
L_0x81ae40 .functor AND 1, L_0x81b1f0, L_0x81b320, C4<1>, C4<1>;
v0x813640_0 .net "a", 0 0, L_0x81b1f0;  alias, 1 drivers
v0x813720_0 .net "b", 0 0, L_0x81b320;  alias, 1 drivers
v0x8137e0_0 .net "cout", 0 0, L_0x81ae40;  alias, 1 drivers
v0x8138b0_0 .net "s", 0 0, L_0x81adb0;  alias, 1 drivers
S_0x813a20 .scope module, "h1" "halfadder" 3 28, 3 10 0, S_0x813140;
 .timescale -9 -12;
    .port_info 0 /INPUT 1 "a";
    .port_info 1 /INPUT 1 "b";
    .port_info 2 /OUTPUT 1 "s";
    .port_info 3 /OUTPUT 1 "cout";
L_0x81aed0 .functor XOR 1, L_0x81adb0, L_0x81aaa0, C4<0>, C4<0>;
L_0x81b060 .functor AND 1, L_0x81adb0, L_0x81aaa0, C4<1>, C4<1>;
v0x813c90_0 .net "a", 0 0, L_0x81adb0;  alias, 1 drivers
v0x813d60_0 .net "b", 0 0, L_0x81aaa0;  alias, 1 drivers
v0x813e30_0 .net "cout", 0 0, L_0x81b060;  alias, 1 drivers
v0x813f00_0 .net "s", 0 0, L_0x81aed0;  alias, 1 drivers
    .scope S_0x7df7e0;
T_1 ;
    %vpi_call 2 52 "$dumpfile", "rca.vcd" {0 0 0};
    %vpi_call 2 53 "$dumpvars" {0 0 0};
    %pushi/vec4 0, 0, 1;
    %store/vec4 v0x816000_0, 0, 1;
    %pushi/vec4 0, 0, 1;
    %store/vec4 v0x816780_0, 0, 1;
    %pushi/vec4 0, 0, 32;
    %store/vec4 v0x816a30_0, 0, 32;
    %pushi/vec4 0, 0, 32;
    %store/vec4 v0x8171c0_0, 0, 32;
    %delay 100000, 0;
    %pushi/vec4 0, 0, 32;
    %store/vec4 v0x8170e0_0, 0, 32;
T_1.0 ;
    %load/vec4 v0x8170e0_0;
    %cmpi/s 3, 0, 32;
    %flag_or 5, 4;
    %jmp/0xz T_1.1, 5;
    %load/vec4 v0x8170e0_0;
    %parti/s 1, 0, 2;
    %store/vec4 v0x816000_0, 0, 1;
    %load/vec4 v0x8170e0_0;
    %parti/s 1, 1, 2;
    %store/vec4 v0x816780_0, 0, 1;
    %delay 6000, 0;
    %load/vec4 v0x8171c0_0;
    %addi 2, 0, 32;
    %store/vec4 v0x8171c0_0, 0, 32;
    %load/vec4 v0x8170e0_0;
    %dup/vec4;
    %pushi/vec4 0, 0, 32;
    %cmp/u;
    %jmp/1 T_1.2, 6;
    %dup/vec4;
    %pushi/vec4 3, 0, 32;
    %cmp/u;
    %jmp/1 T_1.3, 6;
    %dup/vec4;
    %pushi/vec4 1, 0, 32;
    %cmp/u;
    %jmp/1 T_1.4, 6;
    %dup/vec4;
    %pushi/vec4 2, 0, 32;
    %cmp/u;
    %jmp/1 T_1.5, 6;
    %jmp T_1.6;
T_1.2 ;
    %load/vec4 v0x8165e0_0;
    %pad/u 32;
    %cmpi/ne 0, 0, 32;
    %jmp/0xz  T_1.7, 6;
    %load/vec4 v0x816a30_0;
    %cmpi/s 15, 0, 32;
    %jmp/0xz  T_1.9, 5;
    %vpi_call 2 78 "$display", "[halfadder] ERROR: %b + %b should produce sum=0 but was %b instead", v0x816000_0, v0x816780_0, v0x8165e0_0 {0 0 0};
T_1.9 ;
    %load/vec4 v0x816a30_0;
    %addi 1, 0, 32;
    %store/vec4 v0x816a30_0, 0, 32;
T_1.7 ;
    %jmp T_1.6;
T_1.3 ;
    %load/vec4 v0x8165e0_0;
    %pad/u 32;
    %cmpi/ne 0, 0, 32;
    %jmp/0xz  T_1.11, 6;
    %load/vec4 v0x816a30_0;
    %cmpi/s 15, 0, 32;
    %jmp/0xz  T_1.13, 5;
    %vpi_call 2 78 "$display", "[halfadder] ERROR: %b + %b should produce sum=0 but was %b instead", v0x816000_0, v0x816780_0, v0x8165e0_0 {0 0 0};
T_1.13 ;
    %load/vec4 v0x816a30_0;
    %addi 1, 0, 32;
    %store/vec4 v0x816a30_0, 0, 32;
T_1.11 ;
    %jmp T_1.6;
T_1.4 ;
    %load/vec4 v0x8165e0_0;
    %pad/u 32;
    %cmpi/ne 1, 0, 32;
    %jmp/0xz  T_1.15, 6;
    %load/vec4 v0x816a30_0;
    %cmpi/s 15, 0, 32;
    %jmp/0xz  T_1.17, 5;
    %vpi_call 2 85 "$display", "[halfadder] ERROR: %b + %b should produce sum=1 but was %b instead", v0x816000_0, v0x816780_0, v0x8165e0_0 {0 0 0};
T_1.17 ;
    %load/vec4 v0x816a30_0;
    %addi 1, 0, 32;
    %store/vec4 v0x816a30_0, 0, 32;
T_1.15 ;
    %jmp T_1.6;
T_1.5 ;
    %load/vec4 v0x8165e0_0;
    %pad/u 32;
    %cmpi/ne 1, 0, 32;
    %jmp/0xz  T_1.19, 6;
    %load/vec4 v0x816a30_0;
    %cmpi/s 15, 0, 32;
    %jmp/0xz  T_1.21, 5;
    %vpi_call 2 85 "$display", "[halfadder] ERROR: %b + %b should produce sum=1 but was %b instead", v0x816000_0, v0x816780_0, v0x8165e0_0 {0 0 0};
T_1.21 ;
    %load/vec4 v0x816a30_0;
    %addi 1, 0, 32;
    %store/vec4 v0x816a30_0, 0, 32;
T_1.19 ;
    %jmp T_1.6;
T_1.6 ;
    %pop/vec4 1;
    %load/vec4 v0x8170e0_0;
    %cmpi/s 3, 0, 32;
    %flag_get/vec4 5;
    %pushi/vec4 0, 0, 32;
    %load/vec4 v0x816540_0;
    %pad/u 32;
    %cmp/ne;
    %flag_get/vec4 6;
    %and;
    %flag_set/vec4 8;
    %jmp/0xz  T_1.23, 8;
    %load/vec4 v0x816a30_0;
    %cmpi/s 15, 0, 32;
    %jmp/0xz  T_1.25, 5;
    %vpi_call 2 94 "$display", "[halfadder] ERROR: %b + %b should produce cout=0 but was %b instead", v0x816000_0, v0x816780_0, v0x816540_0 {0 0 0};
T_1.25 ;
    %load/vec4 v0x816a30_0;
    %addi 1, 0, 32;
    %store/vec4 v0x816a30_0, 0, 32;
T_1.23 ;
    %load/vec4 v0x8170e0_0;
    %pushi/vec4 3, 0, 32;
    %cmp/e;
    %flag_get/vec4 4;
    %pushi/vec4 1, 0, 32;
    %load/vec4 v0x816540_0;
    %pad/u 32;
    %cmp/ne;
    %flag_get/vec4 6;
    %and;
    %flag_set/vec4 8;
    %jmp/0xz  T_1.27, 8;
    %load/vec4 v0x816a30_0;
    %cmpi/s 15, 0, 32;
    %jmp/0xz  T_1.29, 5;
    %vpi_call 2 100 "$display", "[halfadder] ERROR: %b + %b should produce cout=1 but was %b instead", v0x816000_0, v0x816780_0, v0x816540_0 {0 0 0};
T_1.29 ;
    %load/vec4 v0x816a30_0;
    %addi 1, 0, 32;
    %store/vec4 v0x816a30_0, 0, 32;
T_1.27 ;
    %load/vec4 v0x8170e0_0;
    %addi 1, 0, 32;
    %store/vec4 v0x8170e0_0, 0, 32;
    %jmp T_1.0;
T_1.1 ;
    %pushi/vec4 0, 0, 32;
    %store/vec4 v0x8170e0_0, 0, 32;
T_1.31 ;
    %load/vec4 v0x8170e0_0;
    %cmpi/s 7, 0, 32;
    %flag_or 5, 4;
    %jmp/0xz T_1.32, 5;
    %load/vec4 v0x8170e0_0;
    %parti/s 1, 0, 2;
    %store/vec4 v0x816000_0, 0, 1;
    %load/vec4 v0x8170e0_0;
    %parti/s 1, 1, 2;
    %store/vec4 v0x816780_0, 0, 1;
    %load/vec4 v0x8170e0_0;
    %parti/s 1, 2, 3;
    %store/vec4 v0x816990_0, 0, 1;
    %delay 6000, 0;
    %load/vec4 v0x8171c0_0;
    %addi 2, 0, 32;
    %store/vec4 v0x8171c0_0, 0, 32;
    %load/vec4 v0x816e80_0;
    %load/vec4 v0x816380_0;
    %cmp/ne;
    %jmp/0xz  T_1.33, 6;
    %load/vec4 v0x816a30_0;
    %cmpi/s 15, 0, 32;
    %jmp/0xz  T_1.35, 5;
    %vpi_call 2 120 "$display", "[fulladder] ERROR: %b + %b should produce cout=%b but was %b instead", v0x816000_0, v0x816780_0, v0x816e80_0, v0x816380_0 {0 0 0};
T_1.35 ;
    %load/vec4 v0x816a30_0;
    %addi 1, 0, 32;
    %store/vec4 v0x816a30_0, 0, 32;
T_1.33 ;
    %load/vec4 v0x816f40_0;
    %load/vec4 v0x816450_0;
    %cmp/ne;
    %jmp/0xz  T_1.37, 6;
    %load/vec4 v0x816a30_0;
    %cmpi/s 15, 0, 32;
    %jmp/0xz  T_1.39, 5;
    %vpi_call 2 126 "$display", "[fulladder] ERROR: %b + %b should produce sum=%b but was %b instead", v0x816000_0, v0x816780_0, v0x816f40_0, v0x816450_0 {0 0 0};
T_1.39 ;
    %load/vec4 v0x816a30_0;
    %addi 1, 0, 32;
    %store/vec4 v0x816a30_0, 0, 32;
T_1.37 ;
    %load/vec4 v0x8170e0_0;
    %addi 1, 0, 32;
    %store/vec4 v0x8170e0_0, 0, 32;
    %jmp T_1.31;
T_1.32 ;
    %pushi/vec4 0, 0, 32;
    %store/vec4 v0x8170e0_0, 0, 32;
T_1.41 ;
    %load/vec4 v0x8170e0_0;
    %cmpi/s 31, 0, 32;
    %flag_or 5, 4;
    %jmp/0xz T_1.42, 5;
    %load/vec4 v0x8170e0_0;
    %parti/s 2, 0, 2;
    %store/vec4 v0x8160a0_0, 0, 2;
    %load/vec4 v0x8170e0_0;
    %parti/s 2, 2, 3;
    %store/vec4 v0x816820_0, 0, 2;
    %load/vec4 v0x8170e0_0;
    %parti/s 1, 4, 4;
    %store/vec4 v0x816990_0, 0, 1;
    %delay 6000, 0;
    %load/vec4 v0x8171c0_0;
    %addi 2, 0, 32;
    %store/vec4 v0x8171c0_0, 0, 32;
    %load/vec4 v0x816ad0_0;
    %load/vec4 v0x816220_0;
    %cmp/ne;
    %jmp/0xz  T_1.43, 6;
    %load/vec4 v0x816a30_0;
    %cmpi/s 15, 0, 32;
    %jmp/0xz  T_1.45, 5;
    %vpi_call 2 145 "$display", "[fulladder2] ERROR: %b + %b should produce cout=%b but was %b instead", v0x8160a0_0, v0x816820_0, v0x816ad0_0, v0x816220_0 {0 0 0};
T_1.45 ;
    %load/vec4 v0x816a30_0;
    %addi 1, 0, 32;
    %store/vec4 v0x816a30_0, 0, 32;
T_1.43 ;
    %load/vec4 v0x816da0_0;
    %load/vec4 v0x8162c0_0;
    %cmp/ne;
    %jmp/0xz  T_1.47, 6;
    %load/vec4 v0x816a30_0;
    %cmpi/s 15, 0, 32;
    %jmp/0xz  T_1.49, 5;
    %vpi_call 2 151 "$display", "[fulladder2] ERROR: %b + %b should produce sum=%b but was %b instead", v0x8160a0_0, v0x816820_0, v0x816da0_0, v0x8162c0_0 {0 0 0};
T_1.49 ;
    %load/vec4 v0x816a30_0;
    %addi 1, 0, 32;
    %store/vec4 v0x816a30_0, 0, 32;
T_1.47 ;
    %load/vec4 v0x8170e0_0;
    %addi 1, 0, 32;
    %store/vec4 v0x8170e0_0, 0, 32;
    %jmp T_1.41;
T_1.42 ;
    %pushi/vec4 0, 0, 32;
    %store/vec4 v0x8170e0_0, 0, 32;
T_1.51 ;
    %load/vec4 v0x8170e0_0;
    %cmpi/s 255, 0, 32;
    %flag_or 5, 4;
    %jmp/0xz T_1.52, 5;
    %load/vec4 v0x8170e0_0;
    %parti/s 4, 0, 2;
    %store/vec4 v0x816160_0, 0, 4;
    %load/vec4 v0x8170e0_0;
    %parti/s 4, 4, 4;
    %store/vec4 v0x8168f0_0, 0, 4;
    %delay 6000, 0;
    %load/vec4 v0x8171c0_0;
    %addi 1, 0, 32;
    %store/vec4 v0x8171c0_0, 0, 32;
    %load/vec4 v0x817000_0;
    %pad/u 8;
    %load/vec4 v0x8166b0_0;
    %cmp/ne;
    %jmp/0xz  T_1.53, 6;
    %load/vec4 v0x816a30_0;
    %cmpi/s 15, 0, 32;
    %jmp/0xz  T_1.55, 5;
    %vpi_call 2 170 "$display", "[rca4] ERROR: %b + %b should produce sum=%b but was %b instead", v0x816160_0, v0x8168f0_0, v0x817000_0, v0x8166b0_0 {0 0 0};
T_1.55 ;
    %load/vec4 v0x816a30_0;
    %addi 1, 0, 32;
    %store/vec4 v0x816a30_0, 0, 32;
T_1.53 ;
    %load/vec4 v0x8170e0_0;
    %addi 1, 0, 32;
    %store/vec4 v0x8170e0_0, 0, 32;
    %jmp T_1.51;
T_1.52 ;
    %load/vec4 v0x816a30_0;
    %cmpi/s 15, 0, 32;
    %flag_or 5, 4; GT is !LE
    %flag_inv 5;
    %jmp/0xz  T_1.57, 5;
    %load/vec4 v0x816a30_0;
    %subi 15, 0, 32;
    %vpi_call 2 177 "$display", "Additional %d errors NOT printed.", S<0,vec4,s32> {1 0 0};
T_1.57 ;
    %vpi_call 2 179 "$display", "Simulation finished: %d test cases %d errors", v0x8171c0_0, v0x816a30_0 {0 0 0};
    %load/vec4 v0x8171c0_0;
    %store/vec4 v0x80e280_0, 0, 32;
    %load/vec4 v0x8171c0_0;
    %load/vec4 v0x816a30_0;
    %sub;
    %store/vec4 v0x80e180_0, 0, 32;
    %fork TD_test_adders.printPoints, S_0x80dfa0;
    %join;
    %vpi_call 2 181 "$finish" {0 0 0};
    %end;
    .thread T_1;
# The file index is used to find the file name in the following table.
:file_names 5;
    "N/A";
    "<interactive>";
    "rca_testbench.v";
    "rca.v";
    "./print_points.v";
